mode: set
github.com/based/language-operator/api/v1alpha1/languageagent_types.go:580.13,582.2 1 0
github.com/based/language-operator/api/v1alpha1/languageclient_types.go:1009.13,1011.2 1 0
github.com/based/language-operator/api/v1alpha1/languagecluster_types.go:141.13,143.2 1 0
github.com/based/language-operator/api/v1alpha1/languagecluster_webhook.go:31.72,33.2 1 0
github.com/based/language-operator/api/v1alpha1/languagecluster_webhook.go:36.90,38.2 1 0
github.com/based/language-operator/api/v1alpha1/languagecluster_webhook.go:41.72,43.2 1 0
github.com/based/language-operator/api/v1alpha1/languagecluster_webhook.go:45.44,49.2 1 0
github.com/based/language-operator/api/v1alpha1/languagecluster_webhook.go:52.75,56.2 1 0
github.com/based/language-operator/api/v1alpha1/languagemodel_types.go:523.13,525.2 1 0
github.com/based/language-operator/api/v1alpha1/languagepersona_types.go:402.13,404.2 1 0
github.com/based/language-operator/api/v1alpha1/languagetool_types.go:262.13,264.2 1 0
github.com/based/language-operator/api/v1alpha1/zz_generated.deepcopy.go:31.77,33.2 1 0
github.com/based/language-operator/api/v1alpha1/zz_generated.deepcopy.go:36.70,37.15 1 0
github.com/based/language-operator/api/v1alpha1/zz_generated.deepcopy.go:37.15,39.3 1 0
github.com/based/language-operator/api/v1alpha1/zz_generated.deepcopy.go:40.2,42.12 3 0
github.com/based/language-operator/api/v1alpha1/zz_generated.deepcopy.go:46.65,48.25 2 0
github.com/based/language-operator/api/v1alpha1/zz_generated.deepcopy.go:48.25,52.3 3 0
github.com/based/language-operator/api/v1alpha1/zz_generated.deepcopy.go:53.2,53.26 1 0
github.com/based/language-operator/api/v1alpha1/zz_generated.deepcopy.go:53.26,57.3 3 0
github.com/based/language-operator/api/v1alpha1/zz_generated.deepcopy.go:58.2,58.25 1 0
github.com/based/language-operator/api/v1alpha1/zz_generated.deepcopy.go:58.25,61.3 2 0
github.com/based/language-operator/api/v1alpha1/zz_generated.deepcopy.go:65.58,66.15 1 0
github.com/based/language-operator/api/v1alpha1/zz_generated.deepcopy.go:66.15,68.3 1 0
github.com/based/language-operator/api/v1alpha1/zz_generated.deepcopy.go:69.2,71.12 3 0
github.com/based/language-operator/api/v1alpha1/zz_generated.deepcopy.go:75.57,77.33 2 0
github.com/based/language-operator/api/v1alpha1/zz_generated.deepcopy.go:77.33,81.3 3 0
github.com/based/language-operator/api/v1alpha1/zz_generated.deepcopy.go:82.2,82.36 1 0
github.com/based/language-operator/api/v1alpha1/zz_generated.deepcopy.go:82.36,86.3 3 0
github.com/based/language-operator/api/v1alpha1/zz_generated.deepcopy.go:87.2,87.27 1 0
github.com/based/language-operator/api/v1alpha1/zz_generated.deepcopy.go:87.27,91.3 3 0
github.com/based/language-operator/api/v1alpha1/zz_generated.deepcopy.go:95.50,96.15 1 0
github.com/based/language-operator/api/v1alpha1/zz_generated.deepcopy.go:96.15,98.3 1 0
github.com/based/language-operator/api/v1alpha1/zz_generated.deepcopy.go:99.2,101.12 3 0
github.com/based/language-operator/api/v1alpha1/zz_generated.deepcopy.go:105.77,107.2 1 0
github.com/based/language-operator/api/v1alpha1/zz_generated.deepcopy.go:110.70,111.15 1 0
github.com/based/language-operator/api/v1alpha1/zz_generated.deepcopy.go:111.15,113.3 1 0
github.com/based/language-operator/api/v1alpha1/zz_generated.deepcopy.go:114.2,116.12 3 0
github.com/based/language-operator/api/v1alpha1/zz_generated.deepcopy.go:120.69,122.33 2 0
github.com/based/language-operator/api/v1alpha1/zz_generated.deepcopy.go:122.33,126.3 3 0
github.com/based/language-operator/api/v1alpha1/zz_generated.deepcopy.go:127.2,127.31 1 0
github.com/based/language-operator/api/v1alpha1/zz_generated.deepcopy.go:127.31,131.3 3 0
github.com/based/language-operator/api/v1alpha1/zz_generated.deepcopy.go:132.2,132.34 1 0
github.com/based/language-operator/api/v1alpha1/zz_generated.deepcopy.go:132.34,136.3 3 0
github.com/based/language-operator/api/v1alpha1/zz_generated.deepcopy.go:140.62,141.15 1 0
github.com/based/language-operator/api/v1alpha1/zz_generated.deepcopy.go:141.15,143.3 1 0
github.com/based/language-operator/api/v1alpha1/zz_generated.deepcopy.go:144.2,146.12 3 0
github.com/based/language-operator/api/v1alpha1/zz_generated.deepcopy.go:150.61,152.2 1 0
github.com/based/language-operator/api/v1alpha1/zz_generated.deepcopy.go:155.54,156.15 1 0
github.com/based/language-operator/api/v1alpha1/zz_generated.deepcopy.go:156.15,158.3 1 0
github.com/based/language-operator/api/v1alpha1/zz_generated.deepcopy.go:159.2,161.12 3 0
github.com/based/language-operator/api/v1alpha1/zz_generated.deepcopy.go:165.65,167.22 2 0
github.com/based/language-operator/api/v1alpha1/zz_generated.deepcopy.go:167.22,170.29 3 0
github.com/based/language-operator/api/v1alpha1/zz_generated.deepcopy.go:170.29,172.4 1 0
github.com/based/language-operator/api/v1alpha1/zz_generated.deepcopy.go:174.2,174.25 1 0
github.com/based/language-operator/api/v1alpha1/zz_generated.deepcopy.go:174.25,178.3 3 0
github.com/based/language-operator/api/v1alpha1/zz_generated.deepcopy.go:182.58,183.15 1 0
github.com/based/language-operator/api/v1alpha1/zz_generated.deepcopy.go:183.15,185.3 1 0
github.com/based/language-operator/api/v1alpha1/zz_generated.deepcopy.go:186.2,188.12 3 0
github.com/based/language-operator/api/v1alpha1/zz_generated.deepcopy.go:192.69,194.25 2 0
github.com/based/language-operator/api/v1alpha1/zz_generated.deepcopy.go:194.25,197.22 3 0
github.com/based/language-operator/api/v1alpha1/zz_generated.deepcopy.go:197.22,199.4 1 0
github.com/based/language-operator/api/v1alpha1/zz_generated.deepcopy.go:201.2,201.20 1 0
github.com/based/language-operator/api/v1alpha1/zz_generated.deepcopy.go:201.20,205.3 3 0
github.com/based/language-operator/api/v1alpha1/zz_generated.deepcopy.go:209.62,210.15 1 0
github.com/based/language-operator/api/v1alpha1/zz_generated.deepcopy.go:210.15,212.3 1 0
github.com/based/language-operator/api/v1alpha1/zz_generated.deepcopy.go:213.2,215.12 3 0
github.com/based/language-operator/api/v1alpha1/zz_generated.deepcopy.go:219.67,221.25 2 0
github.com/based/language-operator/api/v1alpha1/zz_generated.deepcopy.go:221.25,225.3 3 0
github.com/based/language-operator/api/v1alpha1/zz_generated.deepcopy.go:229.60,230.15 1 0
github.com/based/language-operator/api/v1alpha1/zz_generated.deepcopy.go:230.15,232.3 1 0
github.com/based/language-operator/api/v1alpha1/zz_generated.deepcopy.go:233.2,235.12 3 0
github.com/based/language-operator/api/v1alpha1/zz_generated.deepcopy.go:239.49,241.30 2 0
github.com/based/language-operator/api/v1alpha1/zz_generated.deepcopy.go:241.30,245.3 3 0
github.com/based/language-operator/api/v1alpha1/zz_generated.deepcopy.go:246.2,246.30 1 0
github.com/based/language-operator/api/v1alpha1/zz_generated.deepcopy.go:246.30,250.3 3 0
github.com/based/language-operator/api/v1alpha1/zz_generated.deepcopy.go:251.2,251.30 1 0
github.com/based/language-operator/api/v1alpha1/zz_generated.deepcopy.go:251.30,255.3 3 0
github.com/based/language-operator/api/v1alpha1/zz_generated.deepcopy.go:256.2,256.22 1 0
github.com/based/language-operator/api/v1alpha1/zz_generated.deepcopy.go:256.22,260.3 3 0
github.com/based/language-operator/api/v1alpha1/zz_generated.deepcopy.go:264.42,265.15 1 0
github.com/based/language-operator/api/v1alpha1/zz_generated.deepcopy.go:265.15,267.3 1 0
github.com/based/language-operator/api/v1alpha1/zz_generated.deepcopy.go:268.2,270.12 3 0
github.com/based/language-operator/api/v1alpha1/zz_generated.deepcopy.go:274.55,276.23 2 0
github.com/based/language-operator/api/v1alpha1/zz_generated.deepcopy.go:276.23,280.3 3 0
github.com/based/language-operator/api/v1alpha1/zz_generated.deepcopy.go:284.48,285.15 1 0
github.com/based/language-operator/api/v1alpha1/zz_generated.deepcopy.go:285.15,287.3 1 0
github.com/based/language-operator/api/v1alpha1/zz_generated.deepcopy.go:288.2,290.12 3 0
github.com/based/language-operator/api/v1alpha1/zz_generated.deepcopy.go:294.59,296.35 2 0
github.com/based/language-operator/api/v1alpha1/zz_generated.deepcopy.go:296.35,300.3 3 0
github.com/based/language-operator/api/v1alpha1/zz_generated.deepcopy.go:301.2,301.31 1 0
github.com/based/language-operator/api/v1alpha1/zz_generated.deepcopy.go:301.31,305.3 3 0
github.com/based/language-operator/api/v1alpha1/zz_generated.deepcopy.go:306.2,306.31 1 0
github.com/based/language-operator/api/v1alpha1/zz_generated.deepcopy.go:306.31,310.3 3 0
github.com/based/language-operator/api/v1alpha1/zz_generated.deepcopy.go:311.2,311.31 1 0
github.com/based/language-operator/api/v1alpha1/zz_generated.deepcopy.go:311.31,315.3 3 0
github.com/based/language-operator/api/v1alpha1/zz_generated.deepcopy.go:316.2,316.25 1 0
github.com/based/language-operator/api/v1alpha1/zz_generated.deepcopy.go:316.25,320.3 3 0
github.com/based/language-operator/api/v1alpha1/zz_generated.deepcopy.go:321.2,321.25 1 0
github.com/based/language-operator/api/v1alpha1/zz_generated.deepcopy.go:321.25,324.22 3 0
github.com/based/language-operator/api/v1alpha1/zz_generated.deepcopy.go:324.22,326.4 1 0
github.com/based/language-operator/api/v1alpha1/zz_generated.deepcopy.go:328.2,328.24 1 0
github.com/based/language-operator/api/v1alpha1/zz_generated.deepcopy.go:328.24,331.22 3 0
github.com/based/language-operator/api/v1alpha1/zz_generated.deepcopy.go:331.22,333.4 1 0
github.com/based/language-operator/api/v1alpha1/zz_generated.deepcopy.go:335.2,335.27 1 0
github.com/based/language-operator/api/v1alpha1/zz_generated.deepcopy.go:335.27,338.22 3 0
github.com/based/language-operator/api/v1alpha1/zz_generated.deepcopy.go:338.22,340.4 1 0
github.com/based/language-operator/api/v1alpha1/zz_generated.deepcopy.go:342.2,342.29 1 0
github.com/based/language-operator/api/v1alpha1/zz_generated.deepcopy.go:342.29,346.3 3 0
github.com/based/language-operator/api/v1alpha1/zz_generated.deepcopy.go:347.2,347.36 1 0
github.com/based/language-operator/api/v1alpha1/zz_generated.deepcopy.go:347.36,351.3 3 0
github.com/based/language-operator/api/v1alpha1/zz_generated.deepcopy.go:355.52,356.15 1 0
github.com/based/language-operator/api/v1alpha1/zz_generated.deepcopy.go:356.15,358.3 1 0
github.com/based/language-operator/api/v1alpha1/zz_generated.deepcopy.go:359.2,361.12 3 0
github.com/based/language-operator/api/v1alpha1/zz_generated.deepcopy.go:365.71,367.33 2 0
github.com/based/language-operator/api/v1alpha1/zz_generated.deepcopy.go:367.33,371.3 3 0
github.com/based/language-operator/api/v1alpha1/zz_generated.deepcopy.go:372.2,372.31 1 0
github.com/based/language-operator/api/v1alpha1/zz_generated.deepcopy.go:372.31,376.3 3 0
github.com/based/language-operator/api/v1alpha1/zz_generated.deepcopy.go:377.2,377.30 1 0
github.com/based/language-operator/api/v1alpha1/zz_generated.deepcopy.go:377.30,381.3 3 0
github.com/based/language-operator/api/v1alpha1/zz_generated.deepcopy.go:382.2,382.31 1 0
github.com/based/language-operator/api/v1alpha1/zz_generated.deepcopy.go:382.31,386.3 3 0
github.com/based/language-operator/api/v1alpha1/zz_generated.deepcopy.go:387.2,387.28 1 0
github.com/based/language-operator/api/v1alpha1/zz_generated.deepcopy.go:387.28,391.3 3 0
github.com/based/language-operator/api/v1alpha1/zz_generated.deepcopy.go:392.2,392.26 1 0
github.com/based/language-operator/api/v1alpha1/zz_generated.deepcopy.go:392.26,396.3 3 0
github.com/based/language-operator/api/v1alpha1/zz_generated.deepcopy.go:397.2,397.34 1 0
github.com/based/language-operator/api/v1alpha1/zz_generated.deepcopy.go:397.34,401.3 3 0
github.com/based/language-operator/api/v1alpha1/zz_generated.deepcopy.go:405.64,406.15 1 0
github.com/based/language-operator/api/v1alpha1/zz_generated.deepcopy.go:406.15,408.3 1 0
github.com/based/language-operator/api/v1alpha1/zz_generated.deepcopy.go:409.2,411.12 3 0
github.com/based/language-operator/api/v1alpha1/zz_generated.deepcopy.go:415.65,417.24 2 0
github.com/based/language-operator/api/v1alpha1/zz_generated.deepcopy.go:417.24,421.3 3 0
github.com/based/language-operator/api/v1alpha1/zz_generated.deepcopy.go:422.2,422.25 1 0
github.com/based/language-operator/api/v1alpha1/zz_generated.deepcopy.go:422.25,425.22 3 0
github.com/based/language-operator/api/v1alpha1/zz_generated.deepcopy.go:425.22,427.4 1 0
github.com/based/language-operator/api/v1alpha1/zz_generated.deepcopy.go:429.2,429.28 1 0
github.com/based/language-operator/api/v1alpha1/zz_generated.deepcopy.go:429.28,432.29 3 0
github.com/based/language-operator/api/v1alpha1/zz_generated.deepcopy.go:432.29,434.4 1 0
github.com/based/language-operator/api/v1alpha1/zz_generated.deepcopy.go:436.2,436.24 1 0
github.com/based/language-operator/api/v1alpha1/zz_generated.deepcopy.go:436.24,440.3 3 0
github.com/based/language-operator/api/v1alpha1/zz_generated.deepcopy.go:441.2,441.23 1 0
github.com/based/language-operator/api/v1alpha1/zz_generated.deepcopy.go:441.23,445.3 3 0
github.com/based/language-operator/api/v1alpha1/zz_generated.deepcopy.go:449.58,450.15 1 0
github.com/based/language-operator/api/v1alpha1/zz_generated.deepcopy.go:450.15,452.3 1 0
github.com/based/language-operator/api/v1alpha1/zz_generated.deepcopy.go:453.2,455.12 3 0
github.com/based/language-operator/api/v1alpha1/zz_generated.deepcopy.go:459.67,461.2 1 0
github.com/based/language-operator/api/v1alpha1/zz_generated.deepcopy.go:464.60,465.15 1 0
github.com/based/language-operator/api/v1alpha1/zz_generated.deepcopy.go:465.15,467.3 1 0
github.com/based/language-operator/api/v1alpha1/zz_generated.deepcopy.go:468.2,470.12 3 0
github.com/based/language-operator/api/v1alpha1/zz_generated.deepcopy.go:474.75,476.29 2 0
github.com/based/language-operator/api/v1alpha1/zz_generated.deepcopy.go:476.29,480.3 3 0
github.com/based/language-operator/api/v1alpha1/zz_generated.deepcopy.go:484.68,485.15 1 0
github.com/based/language-operator/api/v1alpha1/zz_generated.deepcopy.go:485.15,487.3 1 0
github.com/based/language-operator/api/v1alpha1/zz_generated.deepcopy.go:488.2,490.12 3 0
github.com/based/language-operator/api/v1alpha1/zz_generated.deepcopy.go:494.65,496.2 1 0
github.com/based/language-operator/api/v1alpha1/zz_generated.deepcopy.go:499.58,500.15 1 0
github.com/based/language-operator/api/v1alpha1/zz_generated.deepcopy.go:500.15,502.3 1 0
github.com/based/language-operator/api/v1alpha1/zz_generated.deepcopy.go:503.2,505.12 3 0
github.com/based/language-operator/api/v1alpha1/zz_generated.deepcopy.go:509.55,511.25 2 0
github.com/based/language-operator/api/v1alpha1/zz_generated.deepcopy.go:511.25,515.3 3 0
github.com/based/language-operator/api/v1alpha1/zz_generated.deepcopy.go:516.2,516.30 1 0
github.com/based/language-operator/api/v1alpha1/zz_generated.deepcopy.go:516.30,520.3 3 0
github.com/based/language-operator/api/v1alpha1/zz_generated.deepcopy.go:521.2,521.31 1 0
github.com/based/language-operator/api/v1alpha1/zz_generated.deepcopy.go:521.31,525.3 3 0
github.com/based/language-operator/api/v1alpha1/zz_generated.deepcopy.go:526.2,526.25 1 0
github.com/based/language-operator/api/v1alpha1/zz_generated.deepcopy.go:526.25,529.3 2 0
github.com/based/language-operator/api/v1alpha1/zz_generated.deepcopy.go:533.48,534.15 1 0
github.com/based/language-operator/api/v1alpha1/zz_generated.deepcopy.go:534.15,536.3 1 0
github.com/based/language-operator/api/v1alpha1/zz_generated.deepcopy.go:537.2,539.12 3 0
github.com/based/language-operator/api/v1alpha1/zz_generated.deepcopy.go:543.65,545.30 2 0
github.com/based/language-operator/api/v1alpha1/zz_generated.deepcopy.go:545.30,549.3 3 0
github.com/based/language-operator/api/v1alpha1/zz_generated.deepcopy.go:550.2,550.31 1 0
github.com/based/language-operator/api/v1alpha1/zz_generated.deepcopy.go:550.31,554.3 3 0
github.com/based/language-operator/api/v1alpha1/zz_generated.deepcopy.go:558.58,559.15 1 0
github.com/based/language-operator/api/v1alpha1/zz_generated.deepcopy.go:559.15,561.3 1 0
github.com/based/language-operator/api/v1alpha1/zz_generated.deepcopy.go:562.2,564.12 3 0
github.com/based/language-operator/api/v1alpha1/zz_generated.deepcopy.go:568.65,570.2 1 0
github.com/based/language-operator/api/v1alpha1/zz_generated.deepcopy.go:573.58,574.15 1 0
github.com/based/language-operator/api/v1alpha1/zz_generated.deepcopy.go:574.15,576.3 1 0
github.com/based/language-operator/api/v1alpha1/zz_generated.deepcopy.go:577.2,579.12 3 0
github.com/based/language-operator/api/v1alpha1/zz_generated.deepcopy.go:583.57,585.22 2 0
github.com/based/language-operator/api/v1alpha1/zz_generated.deepcopy.go:585.22,589.3 3 0
github.com/based/language-operator/api/v1alpha1/zz_generated.deepcopy.go:590.2,590.24 1 0
github.com/based/language-operator/api/v1alpha1/zz_generated.deepcopy.go:590.24,594.3 3 0
github.com/based/language-operator/api/v1alpha1/zz_generated.deepcopy.go:598.50,599.15 1 0
github.com/based/language-operator/api/v1alpha1/zz_generated.deepcopy.go:599.15,601.3 1 0
github.com/based/language-operator/api/v1alpha1/zz_generated.deepcopy.go:602.2,604.12 3 0
github.com/based/language-operator/api/v1alpha1/zz_generated.deepcopy.go:608.69,610.25 2 0
github.com/based/language-operator/api/v1alpha1/zz_generated.deepcopy.go:610.25,613.3 2 0
github.com/based/language-operator/api/v1alpha1/zz_generated.deepcopy.go:614.2,614.23 1 0
github.com/based/language-operator/api/v1alpha1/zz_generated.deepcopy.go:614.23,618.3 3 0
github.com/based/language-operator/api/v1alpha1/zz_generated.deepcopy.go:622.62,623.15 1 0
github.com/based/language-operator/api/v1alpha1/zz_generated.deepcopy.go:623.15,625.3 1 0
github.com/based/language-operator/api/v1alpha1/zz_generated.deepcopy.go:626.2,628.12 3 0
github.com/based/language-operator/api/v1alpha1/zz_generated.deepcopy.go:632.65,634.22 2 0
github.com/based/language-operator/api/v1alpha1/zz_generated.deepcopy.go:634.22,637.29 3 0
github.com/based/language-operator/api/v1alpha1/zz_generated.deepcopy.go:637.29,639.4 1 0
github.com/based/language-operator/api/v1alpha1/zz_generated.deepcopy.go:644.58,645.15 1 0
github.com/based/language-operator/api/v1alpha1/zz_generated.deepcopy.go:645.15,647.3 1 0
github.com/based/language-operator/api/v1alpha1/zz_generated.deepcopy.go:648.2,650.12 3 0
github.com/based/language-operator/api/v1alpha1/zz_generated.deepcopy.go:654.47,656.27 2 0
github.com/based/language-operator/api/v1alpha1/zz_generated.deepcopy.go:656.27,660.3 3 0
github.com/based/language-operator/api/v1alpha1/zz_generated.deepcopy.go:661.2,661.46 1 0
github.com/based/language-operator/api/v1alpha1/zz_generated.deepcopy.go:661.46,665.3 3 0
github.com/based/language-operator/api/v1alpha1/zz_generated.deepcopy.go:666.2,666.49 1 0
github.com/based/language-operator/api/v1alpha1/zz_generated.deepcopy.go:666.49,670.3 3 0
github.com/based/language-operator/api/v1alpha1/zz_generated.deepcopy.go:671.2,671.29 1 0
github.com/based/language-operator/api/v1alpha1/zz_generated.deepcopy.go:671.29,675.3 3 0
github.com/based/language-operator/api/v1alpha1/zz_generated.deepcopy.go:679.40,680.15 1 0
github.com/based/language-operator/api/v1alpha1/zz_generated.deepcopy.go:680.15,682.3 1 0
github.com/based/language-operator/api/v1alpha1/zz_generated.deepcopy.go:683.2,685.12 3 0
github.com/based/language-operator/api/v1alpha1/zz_generated.deepcopy.go:689.63,691.34 2 0
github.com/based/language-operator/api/v1alpha1/zz_generated.deepcopy.go:691.34,695.3 3 0
github.com/based/language-operator/api/v1alpha1/zz_generated.deepcopy.go:696.2,696.32 1 0
github.com/based/language-operator/api/v1alpha1/zz_generated.deepcopy.go:696.32,700.3 3 0
github.com/based/language-operator/api/v1alpha1/zz_generated.deepcopy.go:704.56,705.15 1 0
github.com/based/language-operator/api/v1alpha1/zz_generated.deepcopy.go:705.15,707.3 1 0
github.com/based/language-operator/api/v1alpha1/zz_generated.deepcopy.go:708.2,710.12 3 0
github.com/based/language-operator/api/v1alpha1/zz_generated.deepcopy.go:714.55,716.25 2 0
github.com/based/language-operator/api/v1alpha1/zz_generated.deepcopy.go:716.25,720.3 3 0
github.com/based/language-operator/api/v1alpha1/zz_generated.deepcopy.go:721.2,721.21 1 0
github.com/based/language-operator/api/v1alpha1/zz_generated.deepcopy.go:721.21,725.3 3 0
github.com/based/language-operator/api/v1alpha1/zz_generated.deepcopy.go:726.2,726.27 1 0
github.com/based/language-operator/api/v1alpha1/zz_generated.deepcopy.go:726.27,729.29 3 0
github.com/based/language-operator/api/v1alpha1/zz_generated.deepcopy.go:729.29,731.4 1 0
github.com/based/language-operator/api/v1alpha1/zz_generated.deepcopy.go:733.2,733.19 1 0
github.com/based/language-operator/api/v1alpha1/zz_generated.deepcopy.go:733.19,736.22 3 0
github.com/based/language-operator/api/v1alpha1/zz_generated.deepcopy.go:736.22,738.4 1 0
github.com/based/language-operator/api/v1alpha1/zz_generated.deepcopy.go:743.48,744.15 1 0
github.com/based/language-operator/api/v1alpha1/zz_generated.deepcopy.go:744.15,746.3 1 0
github.com/based/language-operator/api/v1alpha1/zz_generated.deepcopy.go:747.2,749.12 3 0
github.com/based/language-operator/api/v1alpha1/zz_generated.deepcopy.go:753.71,755.25 2 0
github.com/based/language-operator/api/v1alpha1/zz_generated.deepcopy.go:755.25,759.3 3 0
github.com/based/language-operator/api/v1alpha1/zz_generated.deepcopy.go:760.2,760.24 1 0
github.com/based/language-operator/api/v1alpha1/zz_generated.deepcopy.go:760.24,764.3 3 0
github.com/based/language-operator/api/v1alpha1/zz_generated.deepcopy.go:768.64,769.15 1 0
github.com/based/language-operator/api/v1alpha1/zz_generated.deepcopy.go:769.15,771.3 1 0
github.com/based/language-operator/api/v1alpha1/zz_generated.deepcopy.go:772.2,774.12 3 0
github.com/based/language-operator/api/v1alpha1/zz_generated.deepcopy.go:778.59,784.2 5 0
github.com/based/language-operator/api/v1alpha1/zz_generated.deepcopy.go:787.52,788.15 1 0
github.com/based/language-operator/api/v1alpha1/zz_generated.deepcopy.go:788.15,790.3 1 0
github.com/based/language-operator/api/v1alpha1/zz_generated.deepcopy.go:791.2,793.12 3 0
github.com/based/language-operator/api/v1alpha1/zz_generated.deepcopy.go:797.58,798.34 1 0
github.com/based/language-operator/api/v1alpha1/zz_generated.deepcopy.go:798.34,800.3 1 0
github.com/based/language-operator/api/v1alpha1/zz_generated.deepcopy.go:801.2,801.12 1 0
github.com/based/language-operator/api/v1alpha1/zz_generated.deepcopy.go:805.67,809.21 4 0
github.com/based/language-operator/api/v1alpha1/zz_generated.deepcopy.go:809.21,812.22 3 0
github.com/based/language-operator/api/v1alpha1/zz_generated.deepcopy.go:812.22,814.4 1 0
github.com/based/language-operator/api/v1alpha1/zz_generated.deepcopy.go:819.60,820.15 1 0
github.com/based/language-operator/api/v1alpha1/zz_generated.deepcopy.go:820.15,822.3 1 0
github.com/based/language-operator/api/v1alpha1/zz_generated.deepcopy.go:823.2,825.12 3 0
github.com/based/language-operator/api/v1alpha1/zz_generated.deepcopy.go:829.62,830.34 1 0
github.com/based/language-operator/api/v1alpha1/zz_generated.deepcopy.go:830.34,832.3 1 0
github.com/based/language-operator/api/v1alpha1/zz_generated.deepcopy.go:833.2,833.12 1 0
github.com/based/language-operator/api/v1alpha1/zz_generated.deepcopy.go:837.67,839.32 2 0
github.com/based/language-operator/api/v1alpha1/zz_generated.deepcopy.go:839.32,843.3 3 0
github.com/based/language-operator/api/v1alpha1/zz_generated.deepcopy.go:844.2,844.25 1 0
github.com/based/language-operator/api/v1alpha1/zz_generated.deepcopy.go:844.25,847.22 3 0
github.com/based/language-operator/api/v1alpha1/zz_generated.deepcopy.go:847.22,849.4 1 0
github.com/based/language-operator/api/v1alpha1/zz_generated.deepcopy.go:851.2,851.24 1 0
github.com/based/language-operator/api/v1alpha1/zz_generated.deepcopy.go:851.24,855.3 3 0
github.com/based/language-operator/api/v1alpha1/zz_generated.deepcopy.go:856.2,856.26 1 0
github.com/based/language-operator/api/v1alpha1/zz_generated.deepcopy.go:856.26,860.3 3 0
github.com/based/language-operator/api/v1alpha1/zz_generated.deepcopy.go:861.2,861.29 1 0
github.com/based/language-operator/api/v1alpha1/zz_generated.deepcopy.go:861.29,864.22 3 0
github.com/based/language-operator/api/v1alpha1/zz_generated.deepcopy.go:864.22,866.4 1 0
github.com/based/language-operator/api/v1alpha1/zz_generated.deepcopy.go:868.2,868.29 1 0
github.com/based/language-operator/api/v1alpha1/zz_generated.deepcopy.go:868.29,872.3 3 0
github.com/based/language-operator/api/v1alpha1/zz_generated.deepcopy.go:873.2,873.24 1 0
github.com/based/language-operator/api/v1alpha1/zz_generated.deepcopy.go:873.24,877.3 3 0
github.com/based/language-operator/api/v1alpha1/zz_generated.deepcopy.go:878.2,878.19 1 0
github.com/based/language-operator/api/v1alpha1/zz_generated.deepcopy.go:878.19,881.22 3 0
github.com/based/language-operator/api/v1alpha1/zz_generated.deepcopy.go:881.22,883.4 1 0
github.com/based/language-operator/api/v1alpha1/zz_generated.deepcopy.go:885.2,885.23 1 0
github.com/based/language-operator/api/v1alpha1/zz_generated.deepcopy.go:885.23,888.22 3 0
github.com/based/language-operator/api/v1alpha1/zz_generated.deepcopy.go:888.22,890.4 1 0
github.com/based/language-operator/api/v1alpha1/zz_generated.deepcopy.go:892.2,893.28 2 0
github.com/based/language-operator/api/v1alpha1/zz_generated.deepcopy.go:893.28,896.29 3 0
github.com/based/language-operator/api/v1alpha1/zz_generated.deepcopy.go:896.29,898.4 1 0
github.com/based/language-operator/api/v1alpha1/zz_generated.deepcopy.go:900.2,900.24 1 0
github.com/based/language-operator/api/v1alpha1/zz_generated.deepcopy.go:900.24,904.3 3 0
github.com/based/language-operator/api/v1alpha1/zz_generated.deepcopy.go:905.2,905.27 1 0
github.com/based/language-operator/api/v1alpha1/zz_generated.deepcopy.go:905.27,908.22 3 0
github.com/based/language-operator/api/v1alpha1/zz_generated.deepcopy.go:908.22,910.4 1 0
github.com/based/language-operator/api/v1alpha1/zz_generated.deepcopy.go:912.2,912.31 1 0
github.com/based/language-operator/api/v1alpha1/zz_generated.deepcopy.go:912.31,916.3 3 0
github.com/based/language-operator/api/v1alpha1/zz_generated.deepcopy.go:917.2,917.28 1 0
github.com/based/language-operator/api/v1alpha1/zz_generated.deepcopy.go:917.28,920.22 3 0
github.com/based/language-operator/api/v1alpha1/zz_generated.deepcopy.go:920.22,922.4 1 0
github.com/based/language-operator/api/v1alpha1/zz_generated.deepcopy.go:924.2,924.23 1 0
github.com/based/language-operator/api/v1alpha1/zz_generated.deepcopy.go:924.23,927.22 3 0
github.com/based/language-operator/api/v1alpha1/zz_generated.deepcopy.go:927.22,929.4 1 0
github.com/based/language-operator/api/v1alpha1/zz_generated.deepcopy.go:931.2,931.30 1 0
github.com/based/language-operator/api/v1alpha1/zz_generated.deepcopy.go:931.30,934.29 3 0
github.com/based/language-operator/api/v1alpha1/zz_generated.deepcopy.go:934.29,936.4 1 0
github.com/based/language-operator/api/v1alpha1/zz_generated.deepcopy.go:938.2,938.25 1 0
github.com/based/language-operator/api/v1alpha1/zz_generated.deepcopy.go:938.25,941.29 3 0
github.com/based/language-operator/api/v1alpha1/zz_generated.deepcopy.go:941.29,943.4 1 0
github.com/based/language-operator/api/v1alpha1/zz_generated.deepcopy.go:945.2,945.28 1 0
github.com/based/language-operator/api/v1alpha1/zz_generated.deepcopy.go:945.28,949.3 3 0
github.com/based/language-operator/api/v1alpha1/zz_generated.deepcopy.go:950.2,950.27 1 0
github.com/based/language-operator/api/v1alpha1/zz_generated.deepcopy.go:950.27,954.3 3 0
github.com/based/language-operator/api/v1alpha1/zz_generated.deepcopy.go:955.2,955.29 1 0
github.com/based/language-operator/api/v1alpha1/zz_generated.deepcopy.go:955.29,959.3 3 0
github.com/based/language-operator/api/v1alpha1/zz_generated.deepcopy.go:960.2,960.26 1 0
github.com/based/language-operator/api/v1alpha1/zz_generated.deepcopy.go:960.26,964.3 3 0
github.com/based/language-operator/api/v1alpha1/zz_generated.deepcopy.go:965.2,965.28 1 0
github.com/based/language-operator/api/v1alpha1/zz_generated.deepcopy.go:965.28,969.3 3 0
github.com/based/language-operator/api/v1alpha1/zz_generated.deepcopy.go:970.2,970.25 1 0
github.com/based/language-operator/api/v1alpha1/zz_generated.deepcopy.go:970.25,974.3 3 0
github.com/based/language-operator/api/v1alpha1/zz_generated.deepcopy.go:975.2,975.22 1 0
github.com/based/language-operator/api/v1alpha1/zz_generated.deepcopy.go:975.22,978.22 3 0
github.com/based/language-operator/api/v1alpha1/zz_generated.deepcopy.go:978.22,980.4 1 0
github.com/based/language-operator/api/v1alpha1/zz_generated.deepcopy.go:985.60,986.15 1 0
github.com/based/language-operator/api/v1alpha1/zz_generated.deepcopy.go:986.15,988.3 1 0
github.com/based/language-operator/api/v1alpha1/zz_generated.deepcopy.go:989.2,991.12 3 0
github.com/based/language-operator/api/v1alpha1/zz_generated.deepcopy.go:995.71,997.26 2 0
github.com/based/language-operator/api/v1alpha1/zz_generated.deepcopy.go:997.26,1000.22 3 0
github.com/based/language-operator/api/v1alpha1/zz_generated.deepcopy.go:1000.22,1002.4 1 0
github.com/based/language-operator/api/v1alpha1/zz_generated.deepcopy.go:1004.2,1004.33 1 0
github.com/based/language-operator/api/v1alpha1/zz_generated.deepcopy.go:1004.33,1007.3 2 0
github.com/based/language-operator/api/v1alpha1/zz_generated.deepcopy.go:1008.2,1008.23 1 0
github.com/based/language-operator/api/v1alpha1/zz_generated.deepcopy.go:1008.23,1012.3 3 0
github.com/based/language-operator/api/v1alpha1/zz_generated.deepcopy.go:1013.2,1013.25 1 0
github.com/based/language-operator/api/v1alpha1/zz_generated.deepcopy.go:1013.25,1016.22 3 0
github.com/based/language-operator/api/v1alpha1/zz_generated.deepcopy.go:1016.22,1018.4 1 0
github.com/based/language-operator/api/v1alpha1/zz_generated.deepcopy.go:1020.2,1020.26 1 0
github.com/based/language-operator/api/v1alpha1/zz_generated.deepcopy.go:1020.26,1024.3 3 0
github.com/based/language-operator/api/v1alpha1/zz_generated.deepcopy.go:1025.2,1025.27 1 0
github.com/based/language-operator/api/v1alpha1/zz_generated.deepcopy.go:1025.27,1029.3 3 0
github.com/based/language-operator/api/v1alpha1/zz_generated.deepcopy.go:1030.2,1030.30 1 0
github.com/based/language-operator/api/v1alpha1/zz_generated.deepcopy.go:1030.30,1033.3 2 0
github.com/based/language-operator/api/v1alpha1/zz_generated.deepcopy.go:1037.64,1038.15 1 0
github.com/based/language-operator/api/v1alpha1/zz_generated.deepcopy.go:1038.15,1040.3 1 0
github.com/based/language-operator/api/v1alpha1/zz_generated.deepcopy.go:1041.2,1043.12 3 0
github.com/based/language-operator/api/v1alpha1/zz_generated.deepcopy.go:1047.61,1053.2 5 0
github.com/based/language-operator/api/v1alpha1/zz_generated.deepcopy.go:1056.54,1057.15 1 0
github.com/based/language-operator/api/v1alpha1/zz_generated.deepcopy.go:1057.15,1059.3 1 0
github.com/based/language-operator/api/v1alpha1/zz_generated.deepcopy.go:1060.2,1062.12 3 0
github.com/based/language-operator/api/v1alpha1/zz_generated.deepcopy.go:1066.59,1067.34 1 0
github.com/based/language-operator/api/v1alpha1/zz_generated.deepcopy.go:1067.34,1069.3 1 0
github.com/based/language-operator/api/v1alpha1/zz_generated.deepcopy.go:1070.2,1070.12 1 0
github.com/based/language-operator/api/v1alpha1/zz_generated.deepcopy.go:1074.69,1078.21 4 0
github.com/based/language-operator/api/v1alpha1/zz_generated.deepcopy.go:1078.21,1081.22 3 0
github.com/based/language-operator/api/v1alpha1/zz_generated.deepcopy.go:1081.22,1083.4 1 0
github.com/based/language-operator/api/v1alpha1/zz_generated.deepcopy.go:1088.62,1089.15 1 0
github.com/based/language-operator/api/v1alpha1/zz_generated.deepcopy.go:1089.15,1091.3 1 0
github.com/based/language-operator/api/v1alpha1/zz_generated.deepcopy.go:1092.2,1094.12 3 0
github.com/based/language-operator/api/v1alpha1/zz_generated.deepcopy.go:1098.63,1099.34 1 0
github.com/based/language-operator/api/v1alpha1/zz_generated.deepcopy.go:1099.34,1101.3 1 0
github.com/based/language-operator/api/v1alpha1/zz_generated.deepcopy.go:1102.2,1102.12 1 0
github.com/based/language-operator/api/v1alpha1/zz_generated.deepcopy.go:1106.69,1108.32 2 0
github.com/based/language-operator/api/v1alpha1/zz_generated.deepcopy.go:1108.32,1112.3 3 0
github.com/based/language-operator/api/v1alpha1/zz_generated.deepcopy.go:1113.2,1113.24 1 0
github.com/based/language-operator/api/v1alpha1/zz_generated.deepcopy.go:1113.24,1117.3 3 0
github.com/based/language-operator/api/v1alpha1/zz_generated.deepcopy.go:1118.2,1118.25 1 0
github.com/based/language-operator/api/v1alpha1/zz_generated.deepcopy.go:1118.25,1121.22 3 0
github.com/based/language-operator/api/v1alpha1/zz_generated.deepcopy.go:1121.22,1123.4 1 0
github.com/based/language-operator/api/v1alpha1/zz_generated.deepcopy.go:1125.2,1125.24 1 0
github.com/based/language-operator/api/v1alpha1/zz_generated.deepcopy.go:1125.24,1129.3 3 0
github.com/based/language-operator/api/v1alpha1/zz_generated.deepcopy.go:1130.2,1130.26 1 0
github.com/based/language-operator/api/v1alpha1/zz_generated.deepcopy.go:1130.26,1134.3 3 0
github.com/based/language-operator/api/v1alpha1/zz_generated.deepcopy.go:1135.2,1135.25 1 0
github.com/based/language-operator/api/v1alpha1/zz_generated.deepcopy.go:1135.25,1139.3 3 0
github.com/based/language-operator/api/v1alpha1/zz_generated.deepcopy.go:1140.2,1140.29 1 0
github.com/based/language-operator/api/v1alpha1/zz_generated.deepcopy.go:1140.29,1144.3 3 0
github.com/based/language-operator/api/v1alpha1/zz_generated.deepcopy.go:1145.2,1145.30 1 0
github.com/based/language-operator/api/v1alpha1/zz_generated.deepcopy.go:1145.30,1149.3 3 0
github.com/based/language-operator/api/v1alpha1/zz_generated.deepcopy.go:1150.2,1150.28 1 0
github.com/based/language-operator/api/v1alpha1/zz_generated.deepcopy.go:1150.28,1154.3 3 0
github.com/based/language-operator/api/v1alpha1/zz_generated.deepcopy.go:1155.2,1155.33 1 0
github.com/based/language-operator/api/v1alpha1/zz_generated.deepcopy.go:1155.33,1159.3 3 0
github.com/based/language-operator/api/v1alpha1/zz_generated.deepcopy.go:1160.2,1160.24 1 0
github.com/based/language-operator/api/v1alpha1/zz_generated.deepcopy.go:1160.24,1164.3 3 0
github.com/based/language-operator/api/v1alpha1/zz_generated.deepcopy.go:1165.2,1165.23 1 0
github.com/based/language-operator/api/v1alpha1/zz_generated.deepcopy.go:1165.23,1169.3 3 0
github.com/based/language-operator/api/v1alpha1/zz_generated.deepcopy.go:1170.2,1170.19 1 0
github.com/based/language-operator/api/v1alpha1/zz_generated.deepcopy.go:1170.19,1174.3 3 0
github.com/based/language-operator/api/v1alpha1/zz_generated.deepcopy.go:1175.2,1175.20 1 0
github.com/based/language-operator/api/v1alpha1/zz_generated.deepcopy.go:1175.20,1179.3 3 0
github.com/based/language-operator/api/v1alpha1/zz_generated.deepcopy.go:1180.2,1180.26 1 0
github.com/based/language-operator/api/v1alpha1/zz_generated.deepcopy.go:1180.26,1184.3 3 0
github.com/based/language-operator/api/v1alpha1/zz_generated.deepcopy.go:1185.2,1185.23 1 0
github.com/based/language-operator/api/v1alpha1/zz_generated.deepcopy.go:1185.23,1189.3 3 0
github.com/based/language-operator/api/v1alpha1/zz_generated.deepcopy.go:1190.2,1190.19 1 0
github.com/based/language-operator/api/v1alpha1/zz_generated.deepcopy.go:1190.19,1193.22 3 0
github.com/based/language-operator/api/v1alpha1/zz_generated.deepcopy.go:1193.22,1195.4 1 0
github.com/based/language-operator/api/v1alpha1/zz_generated.deepcopy.go:1197.2,1197.23 1 0
github.com/based/language-operator/api/v1alpha1/zz_generated.deepcopy.go:1197.23,1200.22 3 0
github.com/based/language-operator/api/v1alpha1/zz_generated.deepcopy.go:1200.22,1202.4 1 0
github.com/based/language-operator/api/v1alpha1/zz_generated.deepcopy.go:1204.2,1205.28 2 0
github.com/based/language-operator/api/v1alpha1/zz_generated.deepcopy.go:1205.28,1208.29 3 0
github.com/based/language-operator/api/v1alpha1/zz_generated.deepcopy.go:1208.29,1210.4 1 0
github.com/based/language-operator/api/v1alpha1/zz_generated.deepcopy.go:1212.2,1212.24 1 0
github.com/based/language-operator/api/v1alpha1/zz_generated.deepcopy.go:1212.24,1216.3 3 0
github.com/based/language-operator/api/v1alpha1/zz_generated.deepcopy.go:1217.2,1217.27 1 0
github.com/based/language-operator/api/v1alpha1/zz_generated.deepcopy.go:1217.27,1220.22 3 0
github.com/based/language-operator/api/v1alpha1/zz_generated.deepcopy.go:1220.22,1222.4 1 0
github.com/based/language-operator/api/v1alpha1/zz_generated.deepcopy.go:1224.2,1224.41 1 0
github.com/based/language-operator/api/v1alpha1/zz_generated.deepcopy.go:1224.41,1227.22 3 0
github.com/based/language-operator/api/v1alpha1/zz_generated.deepcopy.go:1227.22,1229.4 1 0
github.com/based/language-operator/api/v1alpha1/zz_generated.deepcopy.go:1231.2,1231.31 1 0
github.com/based/language-operator/api/v1alpha1/zz_generated.deepcopy.go:1231.31,1235.3 3 0
github.com/based/language-operator/api/v1alpha1/zz_generated.deepcopy.go:1236.2,1236.40 1 0
github.com/based/language-operator/api/v1alpha1/zz_generated.deepcopy.go:1236.40,1240.3 3 0
github.com/based/language-operator/api/v1alpha1/zz_generated.deepcopy.go:1241.2,1241.28 1 0
github.com/based/language-operator/api/v1alpha1/zz_generated.deepcopy.go:1241.28,1244.22 3 0
github.com/based/language-operator/api/v1alpha1/zz_generated.deepcopy.go:1244.22,1246.4 1 0
github.com/based/language-operator/api/v1alpha1/zz_generated.deepcopy.go:1248.2,1248.23 1 0
github.com/based/language-operator/api/v1alpha1/zz_generated.deepcopy.go:1248.23,1251.22 3 0
github.com/based/language-operator/api/v1alpha1/zz_generated.deepcopy.go:1251.22,1253.4 1 0
github.com/based/language-operator/api/v1alpha1/zz_generated.deepcopy.go:1255.2,1255.29 1 0
github.com/based/language-operator/api/v1alpha1/zz_generated.deepcopy.go:1255.29,1259.3 3 0
github.com/based/language-operator/api/v1alpha1/zz_generated.deepcopy.go:1260.2,1260.30 1 0
github.com/based/language-operator/api/v1alpha1/zz_generated.deepcopy.go:1260.30,1264.3 3 0
github.com/based/language-operator/api/v1alpha1/zz_generated.deepcopy.go:1265.2,1265.28 1 0
github.com/based/language-operator/api/v1alpha1/zz_generated.deepcopy.go:1265.28,1269.3 3 0
github.com/based/language-operator/api/v1alpha1/zz_generated.deepcopy.go:1270.2,1270.34 1 0
github.com/based/language-operator/api/v1alpha1/zz_generated.deepcopy.go:1270.34,1273.29 3 0
github.com/based/language-operator/api/v1alpha1/zz_generated.deepcopy.go:1273.29,1275.4 1 0
github.com/based/language-operator/api/v1alpha1/zz_generated.deepcopy.go:1277.2,1277.30 1 0
github.com/based/language-operator/api/v1alpha1/zz_generated.deepcopy.go:1277.30,1280.29 3 0
github.com/based/language-operator/api/v1alpha1/zz_generated.deepcopy.go:1280.29,1282.4 1 0
github.com/based/language-operator/api/v1alpha1/zz_generated.deepcopy.go:1284.2,1284.25 1 0
github.com/based/language-operator/api/v1alpha1/zz_generated.deepcopy.go:1284.25,1287.29 3 0
github.com/based/language-operator/api/v1alpha1/zz_generated.deepcopy.go:1287.29,1289.4 1 0
github.com/based/language-operator/api/v1alpha1/zz_generated.deepcopy.go:1291.2,1291.35 1 0
github.com/based/language-operator/api/v1alpha1/zz_generated.deepcopy.go:1291.35,1295.3 3 0
github.com/based/language-operator/api/v1alpha1/zz_generated.deepcopy.go:1296.2,1296.30 1 0
github.com/based/language-operator/api/v1alpha1/zz_generated.deepcopy.go:1296.30,1300.3 3 0
github.com/based/language-operator/api/v1alpha1/zz_generated.deepcopy.go:1301.2,1301.39 1 0
github.com/based/language-operator/api/v1alpha1/zz_generated.deepcopy.go:1301.39,1305.3 3 0
github.com/based/language-operator/api/v1alpha1/zz_generated.deepcopy.go:1306.2,1306.23 1 0
github.com/based/language-operator/api/v1alpha1/zz_generated.deepcopy.go:1306.23,1309.22 3 0
github.com/based/language-operator/api/v1alpha1/zz_generated.deepcopy.go:1309.22,1311.4 1 0
github.com/based/language-operator/api/v1alpha1/zz_generated.deepcopy.go:1316.62,1317.15 1 0
github.com/based/language-operator/api/v1alpha1/zz_generated.deepcopy.go:1317.15,1319.3 1 0
github.com/based/language-operator/api/v1alpha1/zz_generated.deepcopy.go:1320.2,1322.12 3 0
github.com/based/language-operator/api/v1alpha1/zz_generated.deepcopy.go:1326.73,1328.26 2 0
github.com/based/language-operator/api/v1alpha1/zz_generated.deepcopy.go:1328.26,1331.22 3 0
github.com/based/language-operator/api/v1alpha1/zz_generated.deepcopy.go:1331.22,1333.4 1 0
github.com/based/language-operator/api/v1alpha1/zz_generated.deepcopy.go:1335.2,1335.28 1 0
github.com/based/language-operator/api/v1alpha1/zz_generated.deepcopy.go:1335.28,1338.29 3 0
github.com/based/language-operator/api/v1alpha1/zz_generated.deepcopy.go:1338.29,1340.4 1 0
github.com/based/language-operator/api/v1alpha1/zz_generated.deepcopy.go:1342.2,1342.23 1 0
github.com/based/language-operator/api/v1alpha1/zz_generated.deepcopy.go:1342.23,1346.3 3 0
github.com/based/language-operator/api/v1alpha1/zz_generated.deepcopy.go:1347.2,1347.28 1 0
github.com/based/language-operator/api/v1alpha1/zz_generated.deepcopy.go:1347.28,1350.22 3 0
github.com/based/language-operator/api/v1alpha1/zz_generated.deepcopy.go:1350.22,1352.4 1 0
github.com/based/language-operator/api/v1alpha1/zz_generated.deepcopy.go:1354.2,1354.30 1 0
github.com/based/language-operator/api/v1alpha1/zz_generated.deepcopy.go:1354.30,1357.3 2 0
github.com/based/language-operator/api/v1alpha1/zz_generated.deepcopy.go:1361.66,1362.15 1 0
github.com/based/language-operator/api/v1alpha1/zz_generated.deepcopy.go:1362.15,1364.3 1 0
github.com/based/language-operator/api/v1alpha1/zz_generated.deepcopy.go:1365.2,1367.12 3 0
github.com/based/language-operator/api/v1alpha1/zz_generated.deepcopy.go:1371.63,1377.2 5 0
github.com/based/language-operator/api/v1alpha1/zz_generated.deepcopy.go:1380.56,1381.15 1 0
github.com/based/language-operator/api/v1alpha1/zz_generated.deepcopy.go:1381.15,1383.3 1 0
github.com/based/language-operator/api/v1alpha1/zz_generated.deepcopy.go:1384.2,1386.12 3 0
github.com/based/language-operator/api/v1alpha1/zz_generated.deepcopy.go:1390.60,1391.34 1 0
github.com/based/language-operator/api/v1alpha1/zz_generated.deepcopy.go:1391.34,1393.3 1 0
github.com/based/language-operator/api/v1alpha1/zz_generated.deepcopy.go:1394.2,1394.12 1 0
github.com/based/language-operator/api/v1alpha1/zz_generated.deepcopy.go:1398.71,1402.21 4 0
github.com/based/language-operator/api/v1alpha1/zz_generated.deepcopy.go:1402.21,1405.22 3 0
github.com/based/language-operator/api/v1alpha1/zz_generated.deepcopy.go:1405.22,1407.4 1 0
github.com/based/language-operator/api/v1alpha1/zz_generated.deepcopy.go:1412.64,1413.15 1 0
github.com/based/language-operator/api/v1alpha1/zz_generated.deepcopy.go:1413.15,1415.3 1 0
github.com/based/language-operator/api/v1alpha1/zz_generated.deepcopy.go:1416.2,1418.12 3 0
github.com/based/language-operator/api/v1alpha1/zz_generated.deepcopy.go:1422.64,1423.34 1 0
github.com/based/language-operator/api/v1alpha1/zz_generated.deepcopy.go:1423.34,1425.3 1 0
github.com/based/language-operator/api/v1alpha1/zz_generated.deepcopy.go:1426.2,1426.12 1 0
github.com/based/language-operator/api/v1alpha1/zz_generated.deepcopy.go:1430.71,1432.2 1 0
github.com/based/language-operator/api/v1alpha1/zz_generated.deepcopy.go:1435.64,1436.15 1 0
github.com/based/language-operator/api/v1alpha1/zz_generated.deepcopy.go:1436.15,1438.3 1 0
github.com/based/language-operator/api/v1alpha1/zz_generated.deepcopy.go:1439.2,1441.12 3 0
github.com/based/language-operator/api/v1alpha1/zz_generated.deepcopy.go:1445.75,1447.26 2 0
github.com/based/language-operator/api/v1alpha1/zz_generated.deepcopy.go:1447.26,1450.22 3 0
github.com/based/language-operator/api/v1alpha1/zz_generated.deepcopy.go:1450.22,1452.4 1 0
github.com/based/language-operator/api/v1alpha1/zz_generated.deepcopy.go:1457.68,1458.15 1 0
github.com/based/language-operator/api/v1alpha1/zz_generated.deepcopy.go:1458.15,1460.3 1 0
github.com/based/language-operator/api/v1alpha1/zz_generated.deepcopy.go:1461.2,1463.12 3 0
github.com/based/language-operator/api/v1alpha1/zz_generated.deepcopy.go:1467.59,1473.2 5 0
github.com/based/language-operator/api/v1alpha1/zz_generated.deepcopy.go:1476.52,1477.15 1 0
github.com/based/language-operator/api/v1alpha1/zz_generated.deepcopy.go:1477.15,1479.3 1 0
github.com/based/language-operator/api/v1alpha1/zz_generated.deepcopy.go:1480.2,1482.12 3 0
github.com/based/language-operator/api/v1alpha1/zz_generated.deepcopy.go:1486.58,1487.34 1 0
github.com/based/language-operator/api/v1alpha1/zz_generated.deepcopy.go:1487.34,1489.3 1 0
github.com/based/language-operator/api/v1alpha1/zz_generated.deepcopy.go:1490.2,1490.12 1 0
github.com/based/language-operator/api/v1alpha1/zz_generated.deepcopy.go:1494.67,1498.21 4 0
github.com/based/language-operator/api/v1alpha1/zz_generated.deepcopy.go:1498.21,1501.22 3 0
github.com/based/language-operator/api/v1alpha1/zz_generated.deepcopy.go:1501.22,1503.4 1 0
github.com/based/language-operator/api/v1alpha1/zz_generated.deepcopy.go:1508.60,1509.15 1 0
github.com/based/language-operator/api/v1alpha1/zz_generated.deepcopy.go:1509.15,1511.3 1 0
github.com/based/language-operator/api/v1alpha1/zz_generated.deepcopy.go:1512.2,1514.12 3 0
github.com/based/language-operator/api/v1alpha1/zz_generated.deepcopy.go:1518.62,1519.34 1 0
github.com/based/language-operator/api/v1alpha1/zz_generated.deepcopy.go:1519.34,1521.3 1 0
github.com/based/language-operator/api/v1alpha1/zz_generated.deepcopy.go:1522.2,1522.12 1 0
github.com/based/language-operator/api/v1alpha1/zz_generated.deepcopy.go:1526.67,1528.31 2 0
github.com/based/language-operator/api/v1alpha1/zz_generated.deepcopy.go:1528.31,1532.3 3 0
github.com/based/language-operator/api/v1alpha1/zz_generated.deepcopy.go:1533.2,1533.29 1 0
github.com/based/language-operator/api/v1alpha1/zz_generated.deepcopy.go:1533.29,1537.3 3 0
github.com/based/language-operator/api/v1alpha1/zz_generated.deepcopy.go:1538.2,1538.26 1 0
github.com/based/language-operator/api/v1alpha1/zz_generated.deepcopy.go:1538.26,1542.3 3 0
github.com/based/language-operator/api/v1alpha1/zz_generated.deepcopy.go:1543.2,1543.27 1 0
github.com/based/language-operator/api/v1alpha1/zz_generated.deepcopy.go:1543.27,1547.3 3 0
github.com/based/language-operator/api/v1alpha1/zz_generated.deepcopy.go:1548.2,1548.25 1 0
github.com/based/language-operator/api/v1alpha1/zz_generated.deepcopy.go:1548.25,1551.22 3 0
github.com/based/language-operator/api/v1alpha1/zz_generated.deepcopy.go:1551.22,1553.4 1 0
github.com/based/language-operator/api/v1alpha1/zz_generated.deepcopy.go:1555.2,1555.29 1 0
github.com/based/language-operator/api/v1alpha1/zz_generated.deepcopy.go:1555.29,1559.3 3 0
github.com/based/language-operator/api/v1alpha1/zz_generated.deepcopy.go:1560.2,1560.23 1 0
github.com/based/language-operator/api/v1alpha1/zz_generated.deepcopy.go:1560.23,1564.3 3 0
github.com/based/language-operator/api/v1alpha1/zz_generated.deepcopy.go:1565.2,1565.29 1 0
github.com/based/language-operator/api/v1alpha1/zz_generated.deepcopy.go:1565.29,1569.3 3 0
github.com/based/language-operator/api/v1alpha1/zz_generated.deepcopy.go:1570.2,1570.28 1 0
github.com/based/language-operator/api/v1alpha1/zz_generated.deepcopy.go:1570.28,1574.3 3 0
github.com/based/language-operator/api/v1alpha1/zz_generated.deepcopy.go:1575.2,1575.23 1 0
github.com/based/language-operator/api/v1alpha1/zz_generated.deepcopy.go:1575.23,1578.22 3 0
github.com/based/language-operator/api/v1alpha1/zz_generated.deepcopy.go:1578.22,1580.4 1 0
github.com/based/language-operator/api/v1alpha1/zz_generated.deepcopy.go:1582.2,1582.22 1 0
github.com/based/language-operator/api/v1alpha1/zz_generated.deepcopy.go:1582.22,1585.22 3 0
github.com/based/language-operator/api/v1alpha1/zz_generated.deepcopy.go:1585.22,1587.4 1 0
github.com/based/language-operator/api/v1alpha1/zz_generated.deepcopy.go:1592.60,1593.15 1 0
github.com/based/language-operator/api/v1alpha1/zz_generated.deepcopy.go:1593.15,1595.3 1 0
github.com/based/language-operator/api/v1alpha1/zz_generated.deepcopy.go:1596.2,1598.12 3 0
github.com/based/language-operator/api/v1alpha1/zz_generated.deepcopy.go:1602.71,1604.26 2 0
github.com/based/language-operator/api/v1alpha1/zz_generated.deepcopy.go:1604.26,1607.22 3 0
github.com/based/language-operator/api/v1alpha1/zz_generated.deepcopy.go:1607.22,1609.4 1 0
github.com/based/language-operator/api/v1alpha1/zz_generated.deepcopy.go:1611.2,1611.31 1 0
github.com/based/language-operator/api/v1alpha1/zz_generated.deepcopy.go:1611.31,1614.3 2 0
github.com/based/language-operator/api/v1alpha1/zz_generated.deepcopy.go:1615.2,1615.30 1 0
github.com/based/language-operator/api/v1alpha1/zz_generated.deepcopy.go:1615.30,1618.22 3 0
github.com/based/language-operator/api/v1alpha1/zz_generated.deepcopy.go:1618.22,1620.4 1 0
github.com/based/language-operator/api/v1alpha1/zz_generated.deepcopy.go:1622.2,1622.28 1 0
github.com/based/language-operator/api/v1alpha1/zz_generated.deepcopy.go:1622.28,1625.22 3 0
github.com/based/language-operator/api/v1alpha1/zz_generated.deepcopy.go:1625.22,1627.4 1 0
github.com/based/language-operator/api/v1alpha1/zz_generated.deepcopy.go:1629.2,1629.23 1 0
github.com/based/language-operator/api/v1alpha1/zz_generated.deepcopy.go:1629.23,1633.3 3 0
github.com/based/language-operator/api/v1alpha1/zz_generated.deepcopy.go:1634.2,1634.27 1 0
github.com/based/language-operator/api/v1alpha1/zz_generated.deepcopy.go:1634.27,1638.3 3 0
github.com/based/language-operator/api/v1alpha1/zz_generated.deepcopy.go:1639.2,1639.30 1 0
github.com/based/language-operator/api/v1alpha1/zz_generated.deepcopy.go:1639.30,1642.3 2 0
github.com/based/language-operator/api/v1alpha1/zz_generated.deepcopy.go:1646.64,1647.15 1 0
github.com/based/language-operator/api/v1alpha1/zz_generated.deepcopy.go:1647.15,1649.3 1 0
github.com/based/language-operator/api/v1alpha1/zz_generated.deepcopy.go:1650.2,1652.12 3 0
github.com/based/language-operator/api/v1alpha1/zz_generated.deepcopy.go:1656.63,1662.2 5 0
github.com/based/language-operator/api/v1alpha1/zz_generated.deepcopy.go:1665.56,1666.15 1 0
github.com/based/language-operator/api/v1alpha1/zz_generated.deepcopy.go:1666.15,1668.3 1 0
github.com/based/language-operator/api/v1alpha1/zz_generated.deepcopy.go:1669.2,1671.12 3 0
github.com/based/language-operator/api/v1alpha1/zz_generated.deepcopy.go:1675.60,1676.34 1 0
github.com/based/language-operator/api/v1alpha1/zz_generated.deepcopy.go:1676.34,1678.3 1 0
github.com/based/language-operator/api/v1alpha1/zz_generated.deepcopy.go:1679.2,1679.12 1 0
github.com/based/language-operator/api/v1alpha1/zz_generated.deepcopy.go:1683.71,1687.21 4 0
github.com/based/language-operator/api/v1alpha1/zz_generated.deepcopy.go:1687.21,1690.22 3 0
github.com/based/language-operator/api/v1alpha1/zz_generated.deepcopy.go:1690.22,1692.4 1 0
github.com/based/language-operator/api/v1alpha1/zz_generated.deepcopy.go:1697.64,1698.15 1 0
github.com/based/language-operator/api/v1alpha1/zz_generated.deepcopy.go:1698.15,1700.3 1 0
github.com/based/language-operator/api/v1alpha1/zz_generated.deepcopy.go:1701.2,1703.12 3 0
github.com/based/language-operator/api/v1alpha1/zz_generated.deepcopy.go:1707.64,1708.34 1 0
github.com/based/language-operator/api/v1alpha1/zz_generated.deepcopy.go:1708.34,1710.3 1 0
github.com/based/language-operator/api/v1alpha1/zz_generated.deepcopy.go:1711.2,1711.12 1 0
github.com/based/language-operator/api/v1alpha1/zz_generated.deepcopy.go:1715.71,1717.28 2 0
github.com/based/language-operator/api/v1alpha1/zz_generated.deepcopy.go:1717.28,1721.3 3 0
github.com/based/language-operator/api/v1alpha1/zz_generated.deepcopy.go:1722.2,1722.21 1 0
github.com/based/language-operator/api/v1alpha1/zz_generated.deepcopy.go:1722.21,1725.22 3 0
github.com/based/language-operator/api/v1alpha1/zz_generated.deepcopy.go:1725.22,1727.4 1 0
github.com/based/language-operator/api/v1alpha1/zz_generated.deepcopy.go:1729.2,1729.24 1 0
github.com/based/language-operator/api/v1alpha1/zz_generated.deepcopy.go:1729.24,1732.22 3 0
github.com/based/language-operator/api/v1alpha1/zz_generated.deepcopy.go:1732.22,1734.4 1 0
github.com/based/language-operator/api/v1alpha1/zz_generated.deepcopy.go:1736.2,1736.28 1 0
github.com/based/language-operator/api/v1alpha1/zz_generated.deepcopy.go:1736.28,1740.3 3 0
github.com/based/language-operator/api/v1alpha1/zz_generated.deepcopy.go:1741.2,1741.27 1 0
github.com/based/language-operator/api/v1alpha1/zz_generated.deepcopy.go:1741.27,1745.3 3 0
github.com/based/language-operator/api/v1alpha1/zz_generated.deepcopy.go:1746.2,1746.30 1 0
github.com/based/language-operator/api/v1alpha1/zz_generated.deepcopy.go:1746.30,1750.3 3 0
github.com/based/language-operator/api/v1alpha1/zz_generated.deepcopy.go:1751.2,1751.31 1 0
github.com/based/language-operator/api/v1alpha1/zz_generated.deepcopy.go:1751.31,1755.3 3 0
github.com/based/language-operator/api/v1alpha1/zz_generated.deepcopy.go:1756.2,1756.32 1 0
github.com/based/language-operator/api/v1alpha1/zz_generated.deepcopy.go:1756.32,1759.22 3 0
github.com/based/language-operator/api/v1alpha1/zz_generated.deepcopy.go:1759.22,1761.4 1 0
github.com/based/language-operator/api/v1alpha1/zz_generated.deepcopy.go:1763.2,1763.27 1 0
github.com/based/language-operator/api/v1alpha1/zz_generated.deepcopy.go:1763.27,1767.3 3 0
github.com/based/language-operator/api/v1alpha1/zz_generated.deepcopy.go:1768.2,1768.24 1 0
github.com/based/language-operator/api/v1alpha1/zz_generated.deepcopy.go:1768.24,1771.29 3 0
github.com/based/language-operator/api/v1alpha1/zz_generated.deepcopy.go:1771.29,1773.4 1 0
github.com/based/language-operator/api/v1alpha1/zz_generated.deepcopy.go:1775.2,1775.29 1 0
github.com/based/language-operator/api/v1alpha1/zz_generated.deepcopy.go:1775.29,1779.3 3 0
github.com/based/language-operator/api/v1alpha1/zz_generated.deepcopy.go:1783.64,1784.15 1 0
github.com/based/language-operator/api/v1alpha1/zz_generated.deepcopy.go:1784.15,1786.3 1 0
github.com/based/language-operator/api/v1alpha1/zz_generated.deepcopy.go:1787.2,1789.12 3 0
github.com/based/language-operator/api/v1alpha1/zz_generated.deepcopy.go:1793.75,1795.26 2 0
github.com/based/language-operator/api/v1alpha1/zz_generated.deepcopy.go:1795.26,1798.22 3 0
github.com/based/language-operator/api/v1alpha1/zz_generated.deepcopy.go:1798.22,1800.4 1 0
github.com/based/language-operator/api/v1alpha1/zz_generated.deepcopy.go:1802.2,1802.28 1 0
github.com/based/language-operator/api/v1alpha1/zz_generated.deepcopy.go:1802.28,1806.3 3 0
github.com/based/language-operator/api/v1alpha1/zz_generated.deepcopy.go:1807.2,1807.32 1 0
github.com/based/language-operator/api/v1alpha1/zz_generated.deepcopy.go:1807.32,1811.3 3 0
github.com/based/language-operator/api/v1alpha1/zz_generated.deepcopy.go:1812.2,1812.23 1 0
github.com/based/language-operator/api/v1alpha1/zz_generated.deepcopy.go:1812.23,1816.3 3 0
github.com/based/language-operator/api/v1alpha1/zz_generated.deepcopy.go:1817.2,1817.30 1 0
github.com/based/language-operator/api/v1alpha1/zz_generated.deepcopy.go:1817.30,1820.3 2 0
github.com/based/language-operator/api/v1alpha1/zz_generated.deepcopy.go:1824.68,1825.15 1 0
github.com/based/language-operator/api/v1alpha1/zz_generated.deepcopy.go:1825.15,1827.3 1 0
github.com/based/language-operator/api/v1alpha1/zz_generated.deepcopy.go:1828.2,1830.12 3 0
github.com/based/language-operator/api/v1alpha1/zz_generated.deepcopy.go:1834.57,1840.2 5 0
github.com/based/language-operator/api/v1alpha1/zz_generated.deepcopy.go:1843.50,1844.15 1 0
github.com/based/language-operator/api/v1alpha1/zz_generated.deepcopy.go:1844.15,1846.3 1 0
github.com/based/language-operator/api/v1alpha1/zz_generated.deepcopy.go:1847.2,1849.12 3 0
github.com/based/language-operator/api/v1alpha1/zz_generated.deepcopy.go:1853.57,1854.34 1 0
github.com/based/language-operator/api/v1alpha1/zz_generated.deepcopy.go:1854.34,1856.3 1 0
github.com/based/language-operator/api/v1alpha1/zz_generated.deepcopy.go:1857.2,1857.12 1 0
github.com/based/language-operator/api/v1alpha1/zz_generated.deepcopy.go:1861.65,1865.21 4 0
github.com/based/language-operator/api/v1alpha1/zz_generated.deepcopy.go:1865.21,1868.22 3 0
github.com/based/language-operator/api/v1alpha1/zz_generated.deepcopy.go:1868.22,1870.4 1 0
github.com/based/language-operator/api/v1alpha1/zz_generated.deepcopy.go:1875.58,1876.15 1 0
github.com/based/language-operator/api/v1alpha1/zz_generated.deepcopy.go:1876.15,1878.3 1 0
github.com/based/language-operator/api/v1alpha1/zz_generated.deepcopy.go:1879.2,1881.12 3 0
github.com/based/language-operator/api/v1alpha1/zz_generated.deepcopy.go:1885.61,1886.34 1 0
github.com/based/language-operator/api/v1alpha1/zz_generated.deepcopy.go:1886.34,1888.3 1 0
github.com/based/language-operator/api/v1alpha1/zz_generated.deepcopy.go:1889.2,1889.12 1 0
github.com/based/language-operator/api/v1alpha1/zz_generated.deepcopy.go:1893.65,1895.32 2 0
github.com/based/language-operator/api/v1alpha1/zz_generated.deepcopy.go:1895.32,1899.3 3 0
github.com/based/language-operator/api/v1alpha1/zz_generated.deepcopy.go:1900.2,1900.24 1 0
github.com/based/language-operator/api/v1alpha1/zz_generated.deepcopy.go:1900.24,1904.3 3 0
github.com/based/language-operator/api/v1alpha1/zz_generated.deepcopy.go:1905.2,1905.19 1 0
github.com/based/language-operator/api/v1alpha1/zz_generated.deepcopy.go:1905.19,1908.22 3 0
github.com/based/language-operator/api/v1alpha1/zz_generated.deepcopy.go:1908.22,1910.4 1 0
github.com/based/language-operator/api/v1alpha1/zz_generated.deepcopy.go:1912.2,1912.23 1 0
github.com/based/language-operator/api/v1alpha1/zz_generated.deepcopy.go:1912.23,1915.22 3 0
github.com/based/language-operator/api/v1alpha1/zz_generated.deepcopy.go:1915.22,1917.4 1 0
github.com/based/language-operator/api/v1alpha1/zz_generated.deepcopy.go:1919.2,1920.28 2 0
github.com/based/language-operator/api/v1alpha1/zz_generated.deepcopy.go:1920.28,1923.29 3 0
github.com/based/language-operator/api/v1alpha1/zz_generated.deepcopy.go:1923.29,1925.4 1 0
github.com/based/language-operator/api/v1alpha1/zz_generated.deepcopy.go:1927.2,1927.24 1 0
github.com/based/language-operator/api/v1alpha1/zz_generated.deepcopy.go:1927.24,1931.3 3 0
github.com/based/language-operator/api/v1alpha1/zz_generated.deepcopy.go:1932.2,1932.27 1 0
github.com/based/language-operator/api/v1alpha1/zz_generated.deepcopy.go:1932.27,1935.22 3 0
github.com/based/language-operator/api/v1alpha1/zz_generated.deepcopy.go:1935.22,1937.4 1 0
github.com/based/language-operator/api/v1alpha1/zz_generated.deepcopy.go:1939.2,1939.41 1 0
github.com/based/language-operator/api/v1alpha1/zz_generated.deepcopy.go:1939.41,1942.22 3 0
github.com/based/language-operator/api/v1alpha1/zz_generated.deepcopy.go:1942.22,1944.4 1 0
github.com/based/language-operator/api/v1alpha1/zz_generated.deepcopy.go:1946.2,1946.31 1 0
github.com/based/language-operator/api/v1alpha1/zz_generated.deepcopy.go:1946.31,1950.3 3 0
github.com/based/language-operator/api/v1alpha1/zz_generated.deepcopy.go:1951.2,1951.28 1 0
github.com/based/language-operator/api/v1alpha1/zz_generated.deepcopy.go:1951.28,1954.22 3 0
github.com/based/language-operator/api/v1alpha1/zz_generated.deepcopy.go:1954.22,1956.4 1 0
github.com/based/language-operator/api/v1alpha1/zz_generated.deepcopy.go:1958.2,1958.23 1 0
github.com/based/language-operator/api/v1alpha1/zz_generated.deepcopy.go:1958.23,1961.22 3 0
github.com/based/language-operator/api/v1alpha1/zz_generated.deepcopy.go:1961.22,1963.4 1 0
github.com/based/language-operator/api/v1alpha1/zz_generated.deepcopy.go:1965.2,1965.29 1 0
github.com/based/language-operator/api/v1alpha1/zz_generated.deepcopy.go:1965.29,1969.3 3 0
github.com/based/language-operator/api/v1alpha1/zz_generated.deepcopy.go:1970.2,1970.30 1 0
github.com/based/language-operator/api/v1alpha1/zz_generated.deepcopy.go:1970.30,1974.3 3 0
github.com/based/language-operator/api/v1alpha1/zz_generated.deepcopy.go:1975.2,1975.28 1 0
github.com/based/language-operator/api/v1alpha1/zz_generated.deepcopy.go:1975.28,1979.3 3 0
github.com/based/language-operator/api/v1alpha1/zz_generated.deepcopy.go:1980.2,1980.34 1 0
github.com/based/language-operator/api/v1alpha1/zz_generated.deepcopy.go:1980.34,1983.29 3 0
github.com/based/language-operator/api/v1alpha1/zz_generated.deepcopy.go:1983.29,1985.4 1 0
github.com/based/language-operator/api/v1alpha1/zz_generated.deepcopy.go:1987.2,1987.30 1 0
github.com/based/language-operator/api/v1alpha1/zz_generated.deepcopy.go:1987.30,1990.29 3 0
github.com/based/language-operator/api/v1alpha1/zz_generated.deepcopy.go:1990.29,1992.4 1 0
github.com/based/language-operator/api/v1alpha1/zz_generated.deepcopy.go:1994.2,1994.25 1 0
github.com/based/language-operator/api/v1alpha1/zz_generated.deepcopy.go:1994.25,1997.29 3 0
github.com/based/language-operator/api/v1alpha1/zz_generated.deepcopy.go:1997.29,1999.4 1 0
github.com/based/language-operator/api/v1alpha1/zz_generated.deepcopy.go:2001.2,2001.35 1 0
github.com/based/language-operator/api/v1alpha1/zz_generated.deepcopy.go:2001.35,2005.3 3 0
github.com/based/language-operator/api/v1alpha1/zz_generated.deepcopy.go:2006.2,2006.30 1 0
github.com/based/language-operator/api/v1alpha1/zz_generated.deepcopy.go:2006.30,2010.3 3 0
github.com/based/language-operator/api/v1alpha1/zz_generated.deepcopy.go:2011.2,2011.22 1 0
github.com/based/language-operator/api/v1alpha1/zz_generated.deepcopy.go:2011.22,2014.22 3 0
github.com/based/language-operator/api/v1alpha1/zz_generated.deepcopy.go:2014.22,2016.4 1 0
github.com/based/language-operator/api/v1alpha1/zz_generated.deepcopy.go:2021.58,2022.15 1 0
github.com/based/language-operator/api/v1alpha1/zz_generated.deepcopy.go:2022.15,2024.3 1 0
github.com/based/language-operator/api/v1alpha1/zz_generated.deepcopy.go:2025.2,2027.12 3 0
github.com/based/language-operator/api/v1alpha1/zz_generated.deepcopy.go:2031.69,2033.26 2 0
github.com/based/language-operator/api/v1alpha1/zz_generated.deepcopy.go:2033.26,2036.22 3 0
github.com/based/language-operator/api/v1alpha1/zz_generated.deepcopy.go:2036.22,2038.4 1 0
github.com/based/language-operator/api/v1alpha1/zz_generated.deepcopy.go:2040.2,2040.30 1 0
github.com/based/language-operator/api/v1alpha1/zz_generated.deepcopy.go:2040.30,2044.3 3 0
github.com/based/language-operator/api/v1alpha1/zz_generated.deepcopy.go:2045.2,2045.30 1 0
github.com/based/language-operator/api/v1alpha1/zz_generated.deepcopy.go:2045.30,2048.3 2 0
github.com/based/language-operator/api/v1alpha1/zz_generated.deepcopy.go:2049.2,2049.34 1 0
github.com/based/language-operator/api/v1alpha1/zz_generated.deepcopy.go:2049.34,2052.3 2 0
github.com/based/language-operator/api/v1alpha1/zz_generated.deepcopy.go:2056.62,2057.15 1 0
github.com/based/language-operator/api/v1alpha1/zz_generated.deepcopy.go:2057.15,2059.3 1 0
github.com/based/language-operator/api/v1alpha1/zz_generated.deepcopy.go:2060.2,2062.12 3 0
github.com/based/language-operator/api/v1alpha1/zz_generated.deepcopy.go:2066.67,2068.25 2 0
github.com/based/language-operator/api/v1alpha1/zz_generated.deepcopy.go:2068.25,2071.22 3 0
github.com/based/language-operator/api/v1alpha1/zz_generated.deepcopy.go:2071.22,2073.4 1 0
github.com/based/language-operator/api/v1alpha1/zz_generated.deepcopy.go:2075.2,2075.27 1 0
github.com/based/language-operator/api/v1alpha1/zz_generated.deepcopy.go:2075.27,2079.3 3 0
github.com/based/language-operator/api/v1alpha1/zz_generated.deepcopy.go:2083.60,2084.15 1 0
github.com/based/language-operator/api/v1alpha1/zz_generated.deepcopy.go:2084.15,2086.3 1 0
github.com/based/language-operator/api/v1alpha1/zz_generated.deepcopy.go:2087.2,2089.12 3 0
github.com/based/language-operator/api/v1alpha1/zz_generated.deepcopy.go:2093.55,2095.2 1 0
github.com/based/language-operator/api/v1alpha1/zz_generated.deepcopy.go:2098.48,2099.15 1 0
github.com/based/language-operator/api/v1alpha1/zz_generated.deepcopy.go:2099.15,2101.3 1 0
github.com/based/language-operator/api/v1alpha1/zz_generated.deepcopy.go:2102.2,2104.12 3 0
github.com/based/language-operator/api/v1alpha1/zz_generated.deepcopy.go:2108.63,2110.35 2 0
github.com/based/language-operator/api/v1alpha1/zz_generated.deepcopy.go:2110.35,2114.3 3 0
github.com/based/language-operator/api/v1alpha1/zz_generated.deepcopy.go:2115.2,2115.31 1 0
github.com/based/language-operator/api/v1alpha1/zz_generated.deepcopy.go:2115.31,2119.3 3 0
github.com/based/language-operator/api/v1alpha1/zz_generated.deepcopy.go:2120.2,2120.32 1 0
github.com/based/language-operator/api/v1alpha1/zz_generated.deepcopy.go:2120.32,2124.3 3 0
github.com/based/language-operator/api/v1alpha1/zz_generated.deepcopy.go:2128.56,2129.15 1 0
github.com/based/language-operator/api/v1alpha1/zz_generated.deepcopy.go:2129.15,2131.3 1 0
github.com/based/language-operator/api/v1alpha1/zz_generated.deepcopy.go:2132.2,2134.12 3 0
github.com/based/language-operator/api/v1alpha1/zz_generated.deepcopy.go:2138.59,2140.2 1 0
github.com/based/language-operator/api/v1alpha1/zz_generated.deepcopy.go:2143.52,2144.15 1 0
github.com/based/language-operator/api/v1alpha1/zz_generated.deepcopy.go:2144.15,2146.3 1 0
github.com/based/language-operator/api/v1alpha1/zz_generated.deepcopy.go:2147.2,2149.12 3 0
github.com/based/language-operator/api/v1alpha1/zz_generated.deepcopy.go:2153.67,2155.26 2 0
github.com/based/language-operator/api/v1alpha1/zz_generated.deepcopy.go:2155.26,2159.3 3 0
github.com/based/language-operator/api/v1alpha1/zz_generated.deepcopy.go:2163.60,2164.15 1 0
github.com/based/language-operator/api/v1alpha1/zz_generated.deepcopy.go:2164.15,2166.3 1 0
github.com/based/language-operator/api/v1alpha1/zz_generated.deepcopy.go:2167.2,2169.12 3 0
github.com/based/language-operator/api/v1alpha1/zz_generated.deepcopy.go:2173.65,2175.2 1 0
github.com/based/language-operator/api/v1alpha1/zz_generated.deepcopy.go:2178.58,2179.15 1 0
github.com/based/language-operator/api/v1alpha1/zz_generated.deepcopy.go:2179.15,2181.3 1 0
github.com/based/language-operator/api/v1alpha1/zz_generated.deepcopy.go:2182.2,2184.12 3 0
github.com/based/language-operator/api/v1alpha1/zz_generated.deepcopy.go:2188.57,2190.30 2 0
github.com/based/language-operator/api/v1alpha1/zz_generated.deepcopy.go:2190.30,2194.3 3 0
github.com/based/language-operator/api/v1alpha1/zz_generated.deepcopy.go:2195.2,2195.26 1 0
github.com/based/language-operator/api/v1alpha1/zz_generated.deepcopy.go:2195.26,2199.3 3 0
github.com/based/language-operator/api/v1alpha1/zz_generated.deepcopy.go:2200.2,2200.26 1 0
github.com/based/language-operator/api/v1alpha1/zz_generated.deepcopy.go:2200.26,2204.3 3 0
github.com/based/language-operator/api/v1alpha1/zz_generated.deepcopy.go:2208.50,2209.15 1 0
github.com/based/language-operator/api/v1alpha1/zz_generated.deepcopy.go:2209.15,2211.3 1 0
github.com/based/language-operator/api/v1alpha1/zz_generated.deepcopy.go:2212.2,2214.12 3 0
github.com/based/language-operator/api/v1alpha1/zz_generated.deepcopy.go:2218.61,2220.24 2 0
github.com/based/language-operator/api/v1alpha1/zz_generated.deepcopy.go:2220.24,2224.3 3 0
github.com/based/language-operator/api/v1alpha1/zz_generated.deepcopy.go:2228.54,2229.15 1 0
github.com/based/language-operator/api/v1alpha1/zz_generated.deepcopy.go:2229.15,2231.3 1 0
github.com/based/language-operator/api/v1alpha1/zz_generated.deepcopy.go:2232.2,2234.12 3 0
github.com/based/language-operator/api/v1alpha1/zz_generated.deepcopy.go:2238.65,2240.26 2 0
github.com/based/language-operator/api/v1alpha1/zz_generated.deepcopy.go:2240.26,2244.3 3 0
github.com/based/language-operator/api/v1alpha1/zz_generated.deepcopy.go:2248.58,2249.15 1 0
github.com/based/language-operator/api/v1alpha1/zz_generated.deepcopy.go:2249.15,2251.3 1 0
github.com/based/language-operator/api/v1alpha1/zz_generated.deepcopy.go:2252.2,2254.12 3 0
github.com/based/language-operator/api/v1alpha1/zz_generated.deepcopy.go:2258.61,2260.2 1 0
github.com/based/language-operator/api/v1alpha1/zz_generated.deepcopy.go:2263.54,2264.15 1 0
github.com/based/language-operator/api/v1alpha1/zz_generated.deepcopy.go:2264.15,2266.3 1 0
github.com/based/language-operator/api/v1alpha1/zz_generated.deepcopy.go:2267.2,2269.12 3 0
github.com/based/language-operator/api/v1alpha1/zz_generated.deepcopy.go:2273.61,2275.32 2 0
github.com/based/language-operator/api/v1alpha1/zz_generated.deepcopy.go:2275.32,2278.29 3 0
github.com/based/language-operator/api/v1alpha1/zz_generated.deepcopy.go:2278.29,2280.4 1 0
github.com/based/language-operator/api/v1alpha1/zz_generated.deepcopy.go:2285.54,2286.15 1 0
github.com/based/language-operator/api/v1alpha1/zz_generated.deepcopy.go:2286.15,2288.3 1 0
github.com/based/language-operator/api/v1alpha1/zz_generated.deepcopy.go:2289.2,2291.12 3 0
github.com/based/language-operator/api/v1alpha1/zz_generated.deepcopy.go:2295.55,2297.19 2 0
github.com/based/language-operator/api/v1alpha1/zz_generated.deepcopy.go:2297.19,2301.3 3 0
github.com/based/language-operator/api/v1alpha1/zz_generated.deepcopy.go:2302.2,2302.23 1 0
github.com/based/language-operator/api/v1alpha1/zz_generated.deepcopy.go:2302.23,2306.3 3 0
github.com/based/language-operator/api/v1alpha1/zz_generated.deepcopy.go:2307.2,2307.33 1 0
github.com/based/language-operator/api/v1alpha1/zz_generated.deepcopy.go:2307.33,2311.3 3 0
github.com/based/language-operator/api/v1alpha1/zz_generated.deepcopy.go:2312.2,2312.27 1 0
github.com/based/language-operator/api/v1alpha1/zz_generated.deepcopy.go:2312.27,2316.3 3 0
github.com/based/language-operator/api/v1alpha1/zz_generated.deepcopy.go:2320.48,2321.15 1 0
github.com/based/language-operator/api/v1alpha1/zz_generated.deepcopy.go:2321.15,2323.3 1 0
github.com/based/language-operator/api/v1alpha1/zz_generated.deepcopy.go:2324.2,2326.12 3 0
github.com/based/language-operator/api/v1alpha1/zz_generated.deepcopy.go:2330.55,2332.2 1 0
github.com/based/language-operator/api/v1alpha1/zz_generated.deepcopy.go:2335.48,2336.15 1 0
github.com/based/language-operator/api/v1alpha1/zz_generated.deepcopy.go:2336.15,2338.3 1 0
github.com/based/language-operator/api/v1alpha1/zz_generated.deepcopy.go:2339.2,2341.12 3 0
github.com/based/language-operator/api/v1alpha1/zz_generated.deepcopy.go:2345.55,2347.20 2 0
github.com/based/language-operator/api/v1alpha1/zz_generated.deepcopy.go:2347.20,2351.3 3 0
github.com/based/language-operator/api/v1alpha1/zz_generated.deepcopy.go:2352.2,2352.18 1 0
github.com/based/language-operator/api/v1alpha1/zz_generated.deepcopy.go:2352.18,2356.3 3 0
github.com/based/language-operator/api/v1alpha1/zz_generated.deepcopy.go:2357.2,2357.21 1 0
github.com/based/language-operator/api/v1alpha1/zz_generated.deepcopy.go:2357.21,2361.3 3 0
github.com/based/language-operator/api/v1alpha1/zz_generated.deepcopy.go:2365.48,2366.15 1 0
github.com/based/language-operator/api/v1alpha1/zz_generated.deepcopy.go:2366.15,2368.3 1 0
github.com/based/language-operator/api/v1alpha1/zz_generated.deepcopy.go:2369.2,2371.12 3 0
github.com/based/language-operator/api/v1alpha1/zz_generated.deepcopy.go:2375.67,2377.23 2 0
github.com/based/language-operator/api/v1alpha1/zz_generated.deepcopy.go:2377.23,2381.3 3 0
github.com/based/language-operator/api/v1alpha1/zz_generated.deepcopy.go:2385.60,2386.15 1 0
github.com/based/language-operator/api/v1alpha1/zz_generated.deepcopy.go:2386.15,2388.3 1 0
github.com/based/language-operator/api/v1alpha1/zz_generated.deepcopy.go:2389.2,2391.12 3 0
github.com/based/language-operator/api/v1alpha1/zz_generated.deepcopy.go:2395.69,2397.33 2 0
github.com/based/language-operator/api/v1alpha1/zz_generated.deepcopy.go:2397.33,2401.3 3 0
github.com/based/language-operator/api/v1alpha1/zz_generated.deepcopy.go:2402.2,2402.28 1 0
github.com/based/language-operator/api/v1alpha1/zz_generated.deepcopy.go:2402.28,2406.3 3 0
github.com/based/language-operator/api/v1alpha1/zz_generated.deepcopy.go:2407.2,2407.35 1 0
github.com/based/language-operator/api/v1alpha1/zz_generated.deepcopy.go:2407.35,2411.3 3 0
github.com/based/language-operator/api/v1alpha1/zz_generated.deepcopy.go:2412.2,2412.29 1 0
github.com/based/language-operator/api/v1alpha1/zz_generated.deepcopy.go:2412.29,2416.3 3 0
github.com/based/language-operator/api/v1alpha1/zz_generated.deepcopy.go:2417.2,2417.30 1 0
github.com/based/language-operator/api/v1alpha1/zz_generated.deepcopy.go:2417.30,2421.3 3 0
github.com/based/language-operator/api/v1alpha1/zz_generated.deepcopy.go:2425.62,2426.15 1 0
github.com/based/language-operator/api/v1alpha1/zz_generated.deepcopy.go:2426.15,2428.3 1 0
github.com/based/language-operator/api/v1alpha1/zz_generated.deepcopy.go:2429.2,2431.12 3 0
github.com/based/language-operator/api/v1alpha1/zz_generated.deepcopy.go:2435.61,2437.20 2 0
github.com/based/language-operator/api/v1alpha1/zz_generated.deepcopy.go:2437.20,2441.3 3 0
github.com/based/language-operator/api/v1alpha1/zz_generated.deepcopy.go:2445.54,2446.15 1 0
github.com/based/language-operator/api/v1alpha1/zz_generated.deepcopy.go:2446.15,2448.3 1 0
github.com/based/language-operator/api/v1alpha1/zz_generated.deepcopy.go:2449.2,2451.12 3 0
github.com/based/language-operator/api/v1alpha1/zz_generated.deepcopy.go:2455.61,2457.37 2 0
github.com/based/language-operator/api/v1alpha1/zz_generated.deepcopy.go:2457.37,2461.3 3 0
github.com/based/language-operator/api/v1alpha1/zz_generated.deepcopy.go:2462.2,2462.32 1 0
github.com/based/language-operator/api/v1alpha1/zz_generated.deepcopy.go:2462.32,2466.3 3 0
github.com/based/language-operator/api/v1alpha1/zz_generated.deepcopy.go:2467.2,2467.31 1 0
github.com/based/language-operator/api/v1alpha1/zz_generated.deepcopy.go:2467.31,2470.29 3 0
github.com/based/language-operator/api/v1alpha1/zz_generated.deepcopy.go:2470.29,2472.4 1 0
github.com/based/language-operator/api/v1alpha1/zz_generated.deepcopy.go:2474.2,2474.24 1 0
github.com/based/language-operator/api/v1alpha1/zz_generated.deepcopy.go:2474.24,2477.22 3 0
github.com/based/language-operator/api/v1alpha1/zz_generated.deepcopy.go:2477.22,2479.4 1 0
github.com/based/language-operator/api/v1alpha1/zz_generated.deepcopy.go:2481.2,2481.25 1 0
github.com/based/language-operator/api/v1alpha1/zz_generated.deepcopy.go:2481.25,2484.22 3 0
github.com/based/language-operator/api/v1alpha1/zz_generated.deepcopy.go:2484.22,2486.4 1 0
github.com/based/language-operator/api/v1alpha1/zz_generated.deepcopy.go:2488.2,2488.32 1 0
github.com/based/language-operator/api/v1alpha1/zz_generated.deepcopy.go:2488.32,2492.3 3 0
github.com/based/language-operator/api/v1alpha1/zz_generated.deepcopy.go:2496.54,2497.15 1 0
github.com/based/language-operator/api/v1alpha1/zz_generated.deepcopy.go:2497.15,2499.3 1 0
github.com/based/language-operator/api/v1alpha1/zz_generated.deepcopy.go:2500.2,2502.12 3 0
github.com/based/language-operator/api/v1alpha1/zz_generated.deepcopy.go:2506.65,2508.2 1 0
github.com/based/language-operator/api/v1alpha1/zz_generated.deepcopy.go:2511.58,2512.15 1 0
github.com/based/language-operator/api/v1alpha1/zz_generated.deepcopy.go:2512.15,2514.3 1 0
github.com/based/language-operator/api/v1alpha1/zz_generated.deepcopy.go:2515.2,2517.12 3 0
github.com/based/language-operator/api/v1alpha1/zz_generated.deepcopy.go:2521.55,2523.24 2 0
github.com/based/language-operator/api/v1alpha1/zz_generated.deepcopy.go:2523.24,2527.3 3 0
github.com/based/language-operator/api/v1alpha1/zz_generated.deepcopy.go:2531.48,2532.15 1 0
github.com/based/language-operator/api/v1alpha1/zz_generated.deepcopy.go:2532.15,2534.3 1 0
github.com/based/language-operator/api/v1alpha1/zz_generated.deepcopy.go:2535.2,2537.12 3 0
github.com/based/language-operator/api/v1alpha1/zz_generated.deepcopy.go:2541.69,2543.26 2 0
github.com/based/language-operator/api/v1alpha1/zz_generated.deepcopy.go:2543.26,2547.3 3 0
github.com/based/language-operator/api/v1alpha1/zz_generated.deepcopy.go:2551.62,2552.15 1 0
github.com/based/language-operator/api/v1alpha1/zz_generated.deepcopy.go:2552.15,2554.3 1 0
github.com/based/language-operator/api/v1alpha1/zz_generated.deepcopy.go:2555.2,2557.12 3 0
github.com/based/language-operator/api/v1alpha1/zz_generated.deepcopy.go:2561.67,2563.30 2 0
github.com/based/language-operator/api/v1alpha1/zz_generated.deepcopy.go:2563.30,2566.3 2 0
github.com/based/language-operator/api/v1alpha1/zz_generated.deepcopy.go:2567.2,2567.22 1 0
github.com/based/language-operator/api/v1alpha1/zz_generated.deepcopy.go:2567.22,2571.3 3 0
github.com/based/language-operator/api/v1alpha1/zz_generated.deepcopy.go:2572.2,2572.24 1 0
github.com/based/language-operator/api/v1alpha1/zz_generated.deepcopy.go:2572.24,2576.3 3 0
github.com/based/language-operator/api/v1alpha1/zz_generated.deepcopy.go:2577.2,2577.21 1 0
github.com/based/language-operator/api/v1alpha1/zz_generated.deepcopy.go:2577.21,2581.3 3 0
github.com/based/language-operator/api/v1alpha1/zz_generated.deepcopy.go:2585.60,2586.15 1 0
github.com/based/language-operator/api/v1alpha1/zz_generated.deepcopy.go:2586.15,2588.3 1 0
github.com/based/language-operator/api/v1alpha1/zz_generated.deepcopy.go:2589.2,2591.12 3 0
github.com/based/language-operator/api/v1alpha1/zz_generated.deepcopy.go:2595.79,2597.28 2 0
github.com/based/language-operator/api/v1alpha1/zz_generated.deepcopy.go:2597.28,2601.3 3 0
github.com/based/language-operator/api/v1alpha1/zz_generated.deepcopy.go:2602.2,2602.30 1 0
github.com/based/language-operator/api/v1alpha1/zz_generated.deepcopy.go:2602.30,2606.3 3 0
github.com/based/language-operator/api/v1alpha1/zz_generated.deepcopy.go:2610.72,2611.15 1 0
github.com/based/language-operator/api/v1alpha1/zz_generated.deepcopy.go:2611.15,2613.3 1 0
github.com/based/language-operator/api/v1alpha1/zz_generated.deepcopy.go:2614.2,2616.12 3 0
github.com/based/language-operator/api/v1alpha1/zz_generated.deepcopy.go:2620.75,2622.25 2 0
github.com/based/language-operator/api/v1alpha1/zz_generated.deepcopy.go:2622.25,2626.3 3 0
github.com/based/language-operator/api/v1alpha1/zz_generated.deepcopy.go:2627.2,2627.27 1 0
github.com/based/language-operator/api/v1alpha1/zz_generated.deepcopy.go:2627.27,2631.3 3 0
github.com/based/language-operator/api/v1alpha1/zz_generated.deepcopy.go:2632.2,2632.20 1 0
github.com/based/language-operator/api/v1alpha1/zz_generated.deepcopy.go:2632.20,2636.3 3 0
github.com/based/language-operator/api/v1alpha1/zz_generated.deepcopy.go:2637.2,2637.32 1 0
github.com/based/language-operator/api/v1alpha1/zz_generated.deepcopy.go:2637.32,2641.3 3 0
github.com/based/language-operator/api/v1alpha1/zz_generated.deepcopy.go:2642.2,2642.31 1 0
github.com/based/language-operator/api/v1alpha1/zz_generated.deepcopy.go:2642.31,2646.3 3 0
github.com/based/language-operator/api/v1alpha1/zz_generated.deepcopy.go:2647.2,2647.29 1 0
github.com/based/language-operator/api/v1alpha1/zz_generated.deepcopy.go:2647.29,2651.3 3 0
github.com/based/language-operator/api/v1alpha1/zz_generated.deepcopy.go:2652.2,2652.36 1 0
github.com/based/language-operator/api/v1alpha1/zz_generated.deepcopy.go:2652.36,2655.29 3 0
github.com/based/language-operator/api/v1alpha1/zz_generated.deepcopy.go:2655.29,2657.4 1 0
github.com/based/language-operator/api/v1alpha1/zz_generated.deepcopy.go:2662.68,2663.15 1 0
github.com/based/language-operator/api/v1alpha1/zz_generated.deepcopy.go:2663.15,2665.3 1 0
github.com/based/language-operator/api/v1alpha1/zz_generated.deepcopy.go:2666.2,2668.12 3 0
github.com/based/language-operator/api/v1alpha1/zz_generated.deepcopy.go:2672.49,2674.21 2 0
github.com/based/language-operator/api/v1alpha1/zz_generated.deepcopy.go:2674.21,2677.22 3 0
github.com/based/language-operator/api/v1alpha1/zz_generated.deepcopy.go:2677.22,2679.4 1 0
github.com/based/language-operator/api/v1alpha1/zz_generated.deepcopy.go:2684.42,2685.15 1 0
github.com/based/language-operator/api/v1alpha1/zz_generated.deepcopy.go:2685.15,2687.3 1 0
github.com/based/language-operator/api/v1alpha1/zz_generated.deepcopy.go:2688.2,2690.12 3 0
github.com/based/language-operator/api/v1alpha1/zz_generated.deepcopy.go:2694.59,2696.33 2 0
github.com/based/language-operator/api/v1alpha1/zz_generated.deepcopy.go:2696.33,2700.3 3 0
github.com/based/language-operator/api/v1alpha1/zz_generated.deepcopy.go:2701.2,2701.31 1 0
github.com/based/language-operator/api/v1alpha1/zz_generated.deepcopy.go:2701.31,2705.3 3 0
github.com/based/language-operator/api/v1alpha1/zz_generated.deepcopy.go:2706.2,2706.34 1 0
[...]
github.com/based/language-operator/controllers/languagemodel_controller.go:120.61,124.67 4 0
github.com/based/language-operator/controllers/languagemodel_controller.go:124.67,126.4 1 0
github.com/based/language-operator/controllers/languagemodel_controller.go:127.3,127.28 1 0
github.com/based/language-operator/controllers/languagemodel_controller.go:131.2,136.54 4 0
github.com/based/language-operator/controllers/languagemodel_controller.go:136.54,139.3 2 0
github.com/based/language-operator/controllers/languagemodel_controller.go:141.2,142.27 2 0
github.com/based/language-operator/controllers/languagemodel_controller.go:146.118,152.16 3 0
github.com/based/language-operator/controllers/languagemodel_controller.go:152.16,154.3 1 0
github.com/based/language-operator/controllers/languagemodel_controller.go:155.2,160.31 4 0
github.com/based/language-operator/controllers/languagemodel_controller.go:160.31,162.3 1 0
github.com/based/language-operator/controllers/languagemodel_controller.go:163.2,163.30 1 0
github.com/based/language-operator/controllers/languagemodel_controller.go:163.30,165.3 1 0
github.com/based/language-operator/controllers/languagemodel_controller.go:168.2,168.39 1 0
github.com/based/language-operator/controllers/languagemodel_controller.go:168.39,170.17 2 0
github.com/based/language-operator/controllers/languagemodel_controller.go:170.17,172.4 1 0
github.com/based/language-operator/controllers/languagemodel_controller.go:173.3,173.55 1 0
github.com/based/language-operator/controllers/languagemodel_controller.go:177.2,177.34 1 0
github.com/based/language-operator/controllers/languagemodel_controller.go:177.34,179.17 2 0
github.com/based/language-operator/controllers/languagemodel_controller.go:179.17,181.4 1 0
github.com/based/language-operator/controllers/languagemodel_controller.go:182.3,182.51 1 0
github.com/based/language-operator/controllers/languagemodel_controller.go:186.2,186.35 1 0
github.com/based/language-operator/controllers/languagemodel_controller.go:186.35,188.17 2 0
github.com/based/language-operator/controllers/languagemodel_controller.go:188.17,190.4 1 0
github.com/based/language-operator/controllers/languagemodel_controller.go:191.3,191.49 1 0
github.com/based/language-operator/controllers/languagemodel_controller.go:195.2,196.102 2 0
github.com/based/language-operator/controllers/languagemodel_controller.go:200.119,212.82 4 0
github.com/based/language-operator/controllers/languagemodel_controller.go:212.82,213.92 1 0
github.com/based/language-operator/controllers/languagemodel_controller.go:213.92,215.4 1 0
github.com/based/language-operator/controllers/languagemodel_controller.go:217.3,286.40 3 0
github.com/based/language-operator/controllers/languagemodel_controller.go:286.40,289.23 3 0
github.com/based/language-operator/controllers/languagemodel_controller.go:289.23,291.5 1 0
github.com/based/language-operator/controllers/languagemodel_controller.go:293.4,315.5 2 0
github.com/based/language-operator/controllers/languagemodel_controller.go:320.3,320.13 1 0
github.com/based/language-operator/controllers/languagemodel_controller.go:323.2,323.12 1 0
github.com/based/language-operator/controllers/languagemodel_controller.go:327.116,338.79 3 0
github.com/based/language-operator/controllers/languagemodel_controller.go:338.79,339.89 1 0
github.com/based/language-operator/controllers/languagemodel_controller.go:339.89,341.4 1 0
github.com/based/language-operator/controllers/languagemodel_controller.go:343.3,358.13 3 0
github.com/based/language-operator/controllers/languagemodel_controller.go:361.2,361.12 1 0
github.com/based/language-operator/controllers/languagemodel_controller.go:364.122,376.94 3 0
github.com/based/language-operator/controllers/languagemodel_controller.go:376.94,378.3 1 0
github.com/based/language-operator/controllers/languagemodel_controller.go:381.2,384.16 3 0
github.com/based/language-operator/controllers/languagemodel_controller.go:384.16,385.32 1 0
github.com/based/language-operator/controllers/languagemodel_controller.go:385.32,387.55 1 0
github.com/based/language-operator/controllers/languagemodel_controller.go:387.55,389.5 1 0
github.com/based/language-operator/controllers/languagemodel_controller.go:390.4,390.14 1 0
github.com/based/language-operator/controllers/languagemodel_controller.go:392.3,392.60 1 0
github.com/based/language-operator/controllers/languagemodel_controller.go:396.2,398.54 3 0
github.com/based/language-operator/controllers/languagemodel_controller.go:398.54,400.3 1 0
github.com/based/language-operator/controllers/languagemodel_controller.go:402.2,402.12 1 0
github.com/based/language-operator/controllers/languagemodel_controller.go:406.129,409.25 2 0
github.com/based/language-operator/controllers/languagemodel_controller.go:409.25,412.88 2 0
github.com/based/language-operator/controllers/languagemodel_controller.go:412.88,415.4 2 0
github.com/based/language-operator/controllers/languagemodel_controller.go:418.3,419.46 2 0
github.com/based/language-operator/controllers/languagemodel_controller.go:419.46,422.4 2 0
github.com/based/language-operator/controllers/languagemodel_controller.go:425.2,425.27 1 0
github.com/based/language-operator/controllers/languagemodel_controller.go:429.93,437.2 1 0
github.com/based/language-operator/controllers/languagepersona_controller.go:46.107,51.64 3 0
github.com/based/language-operator/controllers/languagepersona_controller.go:51.64,52.32 1 0
github.com/based/language-operator/controllers/languagepersona_controller.go:52.32,55.4 2 0
github.com/based/language-operator/controllers/languagepersona_controller.go:56.3,57.28 2 0
github.com/based/language-operator/controllers/languagepersona_controller.go:61.2,61.52 1 0
github.com/based/language-operator/controllers/languagepersona_controller.go:61.52,63.3 1 0
github.com/based/language-operator/controllers/languagepersona_controller.go:66.2,66.28 1 0
github.com/based/language-operator/controllers/languagepersona_controller.go:66.28,68.48 2 0
github.com/based/language-operator/controllers/languagepersona_controller.go:68.48,71.4 2 0
github.com/based/language-operator/controllers/languagepersona_controller.go:72.3,72.41 1 0
github.com/based/language-operator/controllers/languagepersona_controller.go:76.2,76.59 1 0
github.com/based/language-operator/controllers/languagepersona_controller.go:76.59,80.69 4 0
github.com/based/language-operator/controllers/languagepersona_controller.go:80.69,82.4 1 0
github.com/based/language-operator/controllers/languagepersona_controller.go:83.3,83.28 1 0
github.com/based/language-operator/controllers/languagepersona_controller.go:87.2,92.56 4 0
github.com/based/language-operator/controllers/languagepersona_controller.go:92.56,95.3 2 0
github.com/based/language-operator/controllers/languagepersona_controller.go:97.2,98.27 2 0
github.com/based/language-operator/controllers/languagepersona_controller.go:102.124,108.16 3 0
github.com/based/language-operator/controllers/languagepersona_controller.go:108.16,110.3 1 0
github.com/based/language-operator/controllers/languagepersona_controller.go:111.2,117.29 5 0
github.com/based/language-operator/controllers/languagepersona_controller.go:117.29,119.3 1 0
github.com/based/language-operator/controllers/languagepersona_controller.go:120.2,120.33 1 0
github.com/based/language-operator/controllers/languagepersona_controller.go:120.33,122.3 1 0
github.com/based/language-operator/controllers/languagepersona_controller.go:125.2,125.40 1 0
github.com/based/language-operator/controllers/languagepersona_controller.go:125.40,127.17 2 0
github.com/based/language-operator/controllers/languagepersona_controller.go:127.17,129.4 1 0
github.com/based/language-operator/controllers/languagepersona_controller.go:130.3,130.55 1 0
github.com/based/language-operator/controllers/languagepersona_controller.go:134.2,135.106 2 0
github.com/based/language-operator/controllers/languagepersona_controller.go:139.135,142.27 2 0
github.com/based/language-operator/controllers/languagepersona_controller.go:142.27,145.90 2 0
github.com/based/language-operator/controllers/languagepersona_controller.go:145.90,148.4 2 0
github.com/based/language-operator/controllers/languagepersona_controller.go:151.3,152.48 2 0
github.com/based/language-operator/controllers/languagepersona_controller.go:152.48,155.4 2 0
github.com/based/language-operator/controllers/languagepersona_controller.go:158.2,158.27 1 0
github.com/based/language-operator/controllers/languagepersona_controller.go:162.95,166.2 1 0
github.com/based/language-operator/controllers/languagetool_controller.go:41.104,46.61 3 0
github.com/based/language-operator/controllers/languagetool_controller.go:46.61,47.29 1 0
github.com/based/language-operator/controllers/languagetool_controller.go:47.29,50.4 1 0
github.com/based/language-operator/controllers/languagetool_controller.go:51.3,52.28 2 0
github.com/based/language-operator/controllers/languagetool_controller.go:56.2,56.38 1 0
github.com/based/language-operator/controllers/languagetool_controller.go:56.38,57.60 1 0
github.com/based/language-operator/controllers/languagetool_controller.go:57.60,59.56 1 0
github.com/based/language-operator/controllers/languagetool_controller.go:59.56,61.5 1 0
github.com/based/language-operator/controllers/languagetool_controller.go:63.4,64.46 2 0
github.com/based/language-operator/controllers/languagetool_controller.go:64.46,66.5 1 0
github.com/based/language-operator/controllers/languagetool_controller.go:68.3,68.28 1 0
github.com/based/language-operator/controllers/languagetool_controller.go:72.2,72.60 1 0
github.com/based/language-operator/controllers/languagetool_controller.go:72.60,74.45 2 0
github.com/based/language-operator/controllers/languagetool_controller.go:74.45,76.4 1 0
github.com/based/language-operator/controllers/languagetool_controller.go:80.2,80.56 1 0
github.com/based/language-operator/controllers/languagetool_controller.go:80.56,85.3 4 0
github.com/based/language-operator/controllers/languagetool_controller.go:88.2,88.57 1 0
github.com/based/language-operator/controllers/languagetool_controller.go:88.57,93.3 4 0
github.com/based/language-operator/controllers/languagetool_controller.go:96.2,96.54 1 0
github.com/based/language-operator/controllers/languagetool_controller.go:96.54,101.3 4 0
github.com/based/language-operator/controllers/languagetool_controller.go:104.2,104.60 1 0
github.com/based/language-operator/controllers/languagetool_controller.go:104.60,109.3 4 0
github.com/based/language-operator/controllers/languagetool_controller.go:112.2,115.53 3 0
github.com/based/language-operator/controllers/languagetool_controller.go:115.53,118.3 2 0
github.com/based/language-operator/controllers/languagetool_controller.go:120.2,120.27 1 0
github.com/based/language-operator/controllers/languagetool_controller.go:123.115,128.16 3 0
github.com/based/language-operator/controllers/languagetool_controller.go:128.16,130.3 1 0
github.com/based/language-operator/controllers/languagetool_controller.go:131.2,139.100 6 0
github.com/based/language-operator/controllers/languagetool_controller.go:142.116,148.32 3 0
github.com/based/language-operator/controllers/languagetool_controller.go:148.32,150.95 2 0
github.com/based/language-operator/controllers/languagetool_controller.go:150.95,152.4 1 0
github.com/based/language-operator/controllers/languagetool_controller.go:155.3,155.38 1 0
github.com/based/language-operator/controllers/languagetool_controller.go:155.38,158.4 1 0
github.com/based/language-operator/controllers/languagetool_controller.go:161.3,164.53 2 0
github.com/based/language-operator/controllers/languagetool_controller.go:167.2,175.82 2 0
github.com/based/language-operator/controllers/languagetool_controller.go:175.82,177.91 1 0
github.com/based/language-operator/controllers/languagetool_controller.go:177.91,179.4 1 0
github.com/based/language-operator/controllers/languagetool_controller.go:182.3,183.32 2 0
github.com/based/language-operator/controllers/languagetool_controller.go:183.32,185.4 1 0
github.com/based/language-operator/controllers/languagetool_controller.go:187.3,219.32 3 0
github.com/based/language-operator/controllers/languagetool_controller.go:219.32,221.4 1 0
github.com/based/language-operator/controllers/languagetool_controller.go:223.3,223.13 1 0
github.com/based/language-operator/controllers/languagetool_controller.go:226.2,226.12 1 0
github.com/based/language-operator/controllers/languagetool_controller.go:229.113,235.32 3 0
github.com/based/language-operator/controllers/languagetool_controller.go:235.32,237.95 2 0
github.com/based/language-operator/controllers/languagetool_controller.go:237.95,239.4 1 0
github.com/based/language-operator/controllers/languagetool_controller.go:242.3,242.38 1 0
github.com/based/language-operator/controllers/languagetool_controller.go:242.38,244.4 1 0
github.com/based/language-operator/controllers/languagetool_controller.go:247.3,250.53 2 0
github.com/based/language-operator/controllers/languagetool_controller.go:253.2,261.79 2 0
github.com/based/language-operator/controllers/languagetool_controller.go:261.79,263.88 1 0
github.com/based/language-operator/controllers/languagetool_controller.go:263.88,265.4 1 0
github.com/based/language-operator/controllers/languagetool_controller.go:268.3,281.13 2 0
github.com/based/language-operator/controllers/languagetool_controller.go:284.2,284.12 1 0
github.com/based/language-operator/controllers/languagetool_controller.go:287.119,299.93 3 0
github.com/based/language-operator/controllers/languagetool_controller.go:299.93,301.3 1 0
github.com/based/language-operator/controllers/languagetool_controller.go:304.2,307.16 3 0
github.com/based/language-operator/controllers/languagetool_controller.go:307.16,308.29 1 0
github.com/based/language-operator/controllers/languagetool_controller.go:308.29,310.55 1 0
github.com/based/language-operator/controllers/languagetool_controller.go:310.55,312.5 1 0
github.com/based/language-operator/controllers/languagetool_controller.go:313.4,313.14 1 0
github.com/based/language-operator/controllers/languagetool_controller.go:315.3,315.60 1 0
github.com/based/language-operator/controllers/languagetool_controller.go:319.2,321.54 3 0
github.com/based/language-operator/controllers/languagetool_controller.go:321.54,323.3 1 0
github.com/based/language-operator/controllers/languagetool_controller.go:325.2,325.12 1 0
github.com/based/language-operator/controllers/languagetool_controller.go:328.113,331.2 1 0
github.com/based/language-operator/controllers/languagetool_controller.go:334.92,342.2 1 0
github.com/based/language-operator/controllers/utils.go:42.146,54.39 3 0
github.com/based/language-operator/controllers/utils.go:54.39,55.37 1 0
github.com/based/language-operator/controllers/utils.go:55.37,57.33 1 0
github.com/based/language-operator/controllers/utils.go:57.33,59.5 1 0
github.com/based/language-operator/controllers/utils.go:59.10,62.5 2 0
github.com/based/language-operator/controllers/utils.go:63.4,63.10 1 0
github.com/based/language-operator/controllers/utils.go:68.2,68.46 1 0
github.com/based/language-operator/controllers/utils.go:79.9,87.75 2 0
github.com/based/language-operator/controllers/utils.go:87.75,89.89 1 0
github.com/based/language-operator/controllers/utils.go:89.89,91.4 1 0
github.com/based/language-operator/controllers/utils.go:94.3,96.13 2 0
github.com/based/language-operator/controllers/utils.go:99.2,99.16 1 0
github.com/based/language-operator/controllers/utils.go:99.16,101.3 1 0
github.com/based/language-operator/controllers/utils.go:103.2,103.46 1 0
github.com/based/language-operator/controllers/utils.go:103.46,106.3 1 0
github.com/based/language-operator/controllers/utils.go:108.2,108.12 1 0
github.com/based/language-operator/controllers/utils.go:112.90,121.46 3 0
github.com/based/language-operator/controllers/utils.go:121.46,123.3 1 0
github.com/based/language-operator/controllers/utils.go:125.2,125.12 1 0
github.com/based/language-operator/controllers/utils.go:129.43,131.31 2 0
github.com/based/language-operator/controllers/utils.go:131.31,132.25 1 0
github.com/based/language-operator/controllers/utils.go:132.25,134.4 1 0
github.com/based/language-operator/controllers/utils.go:136.2,137.13 2 0
github.com/based/language-operator/controllers/utils.go:141.46,143.31 2 0
github.com/based/language-operator/controllers/utils.go:143.31,144.25 1 0
github.com/based/language-operator/controllers/utils.go:144.25,147.4 2 0
github.com/based/language-operator/controllers/utils.go:149.2,149.14 1 0
github.com/based/language-operator/controllers/utils.go:153.43,155.31 2 0
github.com/based/language-operator/controllers/utils.go:155.31,156.25 1 0
github.com/based/language-operator/controllers/utils.go:156.25,158.4 1 0
github.com/based/language-operator/controllers/utils.go:160.2,160.14 1 0
github.com/based/language-operator/controllers/utils.go:164.64,166.2 1 0
github.com/based/language-operator/controllers/utils.go:169.54,171.2 1 0
github.com/based/language-operator/controllers/utils.go:174.57,176.2 1 0
github.com/based/language-operator/controllers/utils.go:179.54,181.2 1 0
github.com/based/language-operator/controllers/utils.go:184.75,191.2 1 0
github.com/based/language-operator/controllers/utils.go:194.70,196.25 2 0
github.com/based/language-operator/controllers/utils.go:196.25,198.3 1 0
github.com/based/language-operator/controllers/utils.go:199.2,199.29 1 0
github.com/based/language-operator/controllers/utils.go:199.29,201.3 1 0
github.com/based/language-operator/controllers/utils.go:202.2,202.15 1 0
github.com/based/language-operator/controllers/utils.go:206.31,208.2 1 0
github.com/based/language-operator/controllers/utils.go:211.34,213.2 1 0
github.com/based/language-operator/controllers/utils.go:216.28,218.2 1 0
github.com/based/language-operator/controllers/utils.go:222.61,226.36 3 0
github.com/based/language-operator/controllers/utils.go:226.36,231.40 2 0
github.com/based/language-operator/controllers/utils.go:231.40,233.4 1 0
github.com/based/language-operator/controllers/utils.go:236.3,237.17 2 0
github.com/based/language-operator/controllers/utils.go:237.17,240.12 1 0
github.com/based/language-operator/controllers/utils.go:244.3,244.26 1 0
github.com/based/language-operator/controllers/utils.go:244.26,246.23 2 0
github.com/based/language-operator/controllers/utils.go:246.23,248.5 1 0
github.com/based/language-operator/controllers/utils.go:248.10,250.5 1 0
github.com/based/language-operator/controllers/utils.go:253.4,253.22 1 0
github.com/based/language-operator/controllers/utils.go:253.22,256.5 2 0
github.com/based/language-operator/controllers/utils.go:260.2,260.19 1 0
github.com/based/language-operator/controllers/utils.go:270.31,315.35 3 0
github.com/based/language-operator/controllers/utils.go:315.35,316.21 1 0
github.com/based/language-operator/controllers/utils.go:316.21,317.12 1 0
github.com/based/language-operator/controllers/utils.go:320.3,323.25 2 0
github.com/based/language-operator/controllers/utils.go:323.25,329.4 1 0
github.com/based/language-operator/controllers/utils.go:334.3,334.27 1 0
github.com/based/language-operator/controllers/utils.go:334.27,336.44 2 0
github.com/based/language-operator/controllers/utils.go:336.44,337.40 1 0
github.com/based/language-operator/controllers/utils.go:337.40,343.6 1 0
github.com/based/language-operator/controllers/utils.go:350.3,350.35 1 0
github.com/based/language-operator/controllers/utils.go:350.35,352.22 2 0
github.com/based/language-operator/controllers/utils.go:352.22,354.5 1 0
github.com/based/language-operator/controllers/utils.go:356.4,359.6 1 0
github.com/based/language-operator/controllers/utils.go:363.3,363.58 1 0
github.com/based/language-operator/controllers/utils.go:363.58,365.4 1 0
github.com/based/language-operator/controllers/utils.go:368.2,381.3 1 0
github.com/based/language-operator/controllers/utils.go:384.54,386.2 1 0
