mode: set
github.com/based/language-operator/api/v1alpha1/languageagent_types.go:546.13,548.2 1 0
github.com/based/language-operator/api/v1alpha1/languageclient_types.go:1014.13,1016.2 1 0
github.com/based/language-operator/api/v1alpha1/languagecluster_types.go:229.13,231.2 1 0
github.com/based/language-operator/api/v1alpha1/languagecluster_webhook.go:35.72,37.2 1 0
github.com/based/language-operator/api/v1alpha1/languagecluster_webhook.go:40.90,42.2 1 0
github.com/based/language-operator/api/v1alpha1/languagecluster_webhook.go:45.72,47.2 1 0
github.com/based/language-operator/api/v1alpha1/languagecluster_webhook.go:49.44,52.38 2 0
github.com/based/language-operator/api/v1alpha1/languagecluster_webhook.go:52.38,53.29 1 0
github.com/based/language-operator/api/v1alpha1/languagecluster_webhook.go:53.29,55.4 1 0
github.com/based/language-operator/api/v1alpha1/languagecluster_webhook.go:56.3,59.30 2 0
github.com/based/language-operator/api/v1alpha1/languagecluster_webhook.go:59.30,61.4 1 0
github.com/based/language-operator/api/v1alpha1/languagecluster_webhook.go:65.2,65.38 1 0
github.com/based/language-operator/api/v1alpha1/languagecluster_webhook.go:65.38,66.38 1 0
github.com/based/language-operator/api/v1alpha1/languagecluster_webhook.go:66.38,67.64 1 0
github.com/based/language-operator/api/v1alpha1/languagecluster_webhook.go:67.64,69.5 1 0
github.com/based/language-operator/api/v1alpha1/languagecluster_webhook.go:71.3,71.37 1 0
github.com/based/language-operator/api/v1alpha1/languagecluster_webhook.go:71.37,72.64 1 0
github.com/based/language-operator/api/v1alpha1/languagecluster_webhook.go:72.64,74.5 1 0
github.com/based/language-operator/api/v1alpha1/languagecluster_webhook.go:78.2,78.12 1 0
github.com/based/language-operator/api/v1alpha1/languagecluster_webhook.go:81.79,83.17 2 0
github.com/based/language-operator/api/v1alpha1/languagecluster_webhook.go:83.17,85.3 1 0
github.com/based/language-operator/api/v1alpha1/languagecluster_webhook.go:86.2,86.17 1 0
github.com/based/language-operator/api/v1alpha1/languagecluster_webhook.go:86.17,88.3 1 0
github.com/based/language-operator/api/v1alpha1/languagecluster_webhook.go:91.2,91.77 1 0
github.com/based/language-operator/api/v1alpha1/languagecluster_webhook.go:91.77,93.3 1 0
github.com/based/language-operator/api/v1alpha1/languagecluster_webhook.go:96.2,96.21 1 0
github.com/based/language-operator/api/v1alpha1/languagecluster_webhook.go:96.21,97.56 1 0
github.com/based/language-operator/api/v1alpha1/languagecluster_webhook.go:97.56,99.4 1 0
github.com/based/language-operator/api/v1alpha1/languagecluster_webhook.go:103.2,103.31 1 0
github.com/based/language-operator/api/v1alpha1/languagecluster_webhook.go:103.31,104.30 1 0
github.com/based/language-operator/api/v1alpha1/languagecluster_webhook.go:104.30,106.4 1 0
github.com/based/language-operator/api/v1alpha1/languagecluster_webhook.go:110.2,110.34 1 0
github.com/based/language-operator/api/v1alpha1/languagecluster_webhook.go:110.34,111.41 1 0
github.com/based/language-operator/api/v1alpha1/languagecluster_webhook.go:111.41,113.4 1 0
github.com/based/language-operator/api/v1alpha1/languagecluster_webhook.go:116.2,116.12 1 0
github.com/based/language-operator/api/v1alpha1/languagecluster_webhook.go:119.45,122.19 1 0
github.com/based/language-operator/api/v1alpha1/languagecluster_webhook.go:122.19,124.3 1 0
github.com/based/language-operator/api/v1alpha1/languagecluster_webhook.go:127.2,131.20 3 0
github.com/based/language-operator/api/v1alpha1/languagecluster_webhook.go:131.20,133.3 1 0
github.com/based/language-operator/api/v1alpha1/languagecluster_webhook.go:135.2,135.29 1 0
github.com/based/language-operator/api/v1alpha1/languagecluster_webhook.go:135.29,136.39 1 0
github.com/based/language-operator/api/v1alpha1/languagecluster_webhook.go:136.39,138.4 1 0
github.com/based/language-operator/api/v1alpha1/languagecluster_webhook.go:140.3,140.27 1 0
github.com/based/language-operator/api/v1alpha1/languagecluster_webhook.go:140.27,142.44 1 0
github.com/based/language-operator/api/v1alpha1/languagecluster_webhook.go:142.44,144.5 1 0
github.com/based/language-operator/api/v1alpha1/languagecluster_webhook.go:148.2,148.13 1 0
github.com/based/language-operator/api/v1alpha1/languagecluster_webhook.go:152.75,156.2 1 0
github.com/based/language-operator/api/v1alpha1/languagemodel_types.go:518.13,520.2 1 0
github.com/based/language-operator/api/v1alpha1/languagepersona_types.go:402.13,404.2 1 0
github.com/based/language-operator/api/v1alpha1/languagetool_types.go:254.13,256.2 1 0
github.com/based/language-operator/api/v1alpha1/zz_generated.deepcopy.go:31.77,33.2 1 0
github.com/based/language-operator/api/v1alpha1/zz_generated.deepcopy.go:36.70,37.15 1 0
github.com/based/language-operator/api/v1alpha1/zz_generated.deepcopy.go:37.15,39.3 1 0
github.com/based/language-operator/api/v1alpha1/zz_generated.deepcopy.go:40.2,42.12 3 0
github.com/based/language-operator/api/v1alpha1/zz_generated.deepcopy.go:46.65,48.25 2 0
github.com/based/language-operator/api/v1alpha1/zz_generated.deepcopy.go:48.25,52.3 3 0
github.com/based/language-operator/api/v1alpha1/zz_generated.deepcopy.go:53.2,53.26 1 0
github.com/based/language-operator/api/v1alpha1/zz_generated.deepcopy.go:53.26,57.3 3 0
github.com/based/language-operator/api/v1alpha1/zz_generated.deepcopy.go:58.2,58.25 1 0
github.com/based/language-operator/api/v1alpha1/zz_generated.deepcopy.go:58.25,61.3 2 0
github.com/based/language-operator/api/v1alpha1/zz_generated.deepcopy.go:65.58,66.15 1 0
github.com/based/language-operator/api/v1alpha1/zz_generated.deepcopy.go:66.15,68.3 1 0
github.com/based/language-operator/api/v1alpha1/zz_generated.deepcopy.go:69.2,71.12 3 0
github.com/based/language-operator/api/v1alpha1/zz_generated.deepcopy.go:75.57,77.33 2 0
github.com/based/language-operator/api/v1alpha1/zz_generated.deepcopy.go:77.33,81.3 3 0
github.com/based/language-operator/api/v1alpha1/zz_generated.deepcopy.go:82.2,82.36 1 0
github.com/based/language-operator/api/v1alpha1/zz_generated.deepcopy.go:82.36,86.3 3 0
github.com/based/language-operator/api/v1alpha1/zz_generated.deepcopy.go:87.2,87.27 1 0
github.com/based/language-operator/api/v1alpha1/zz_generated.deepcopy.go:87.27,91.3 3 0
github.com/based/language-operator/api/v1alpha1/zz_generated.deepcopy.go:95.50,96.15 1 0
github.com/based/language-operator/api/v1alpha1/zz_generated.deepcopy.go:96.15,98.3 1 0
github.com/based/language-operator/api/v1alpha1/zz_generated.deepcopy.go:99.2,101.12 3 0
github.com/based/language-operator/api/v1alpha1/zz_generated.deepcopy.go:105.77,107.2 1 0
github.com/based/language-operator/api/v1alpha1/zz_generated.deepcopy.go:110.70,111.15 1 0
github.com/based/language-operator/api/v1alpha1/zz_generated.deepcopy.go:111.15,113.3 1 0
github.com/based/language-operator/api/v1alpha1/zz_generated.deepcopy.go:114.2,116.12 3 0
github.com/based/language-operator/api/v1alpha1/zz_generated.deepcopy.go:120.69,122.33 2 0
github.com/based/language-operator/api/v1alpha1/zz_generated.deepcopy.go:122.33,126.3 3 0
github.com/based/language-operator/api/v1alpha1/zz_generated.deepcopy.go:127.2,127.31 1 0
github.com/based/language-operator/api/v1alpha1/zz_generated.deepcopy.go:127.31,131.3 3 0
github.com/based/language-operator/api/v1alpha1/zz_generated.deepcopy.go:132.2,132.34 1 0
github.com/based/language-operator/api/v1alpha1/zz_generated.deepcopy.go:132.34,136.3 3 0
github.com/based/language-operator/api/v1alpha1/zz_generated.deepcopy.go:140.62,141.15 1 0
github.com/based/language-operator/api/v1alpha1/zz_generated.deepcopy.go:141.15,143.3 1 0
github.com/based/language-operator/api/v1alpha1/zz_generated.deepcopy.go:144.2,146.12 3 0
github.com/based/language-operator/api/v1alpha1/zz_generated.deepcopy.go:150.61,152.2 1 0
github.com/based/language-operator/api/v1alpha1/zz_generated.deepcopy.go:155.54,156.15 1 0
github.com/based/language-operator/api/v1alpha1/zz_generated.deepcopy.go:156.15,158.3 1 0
github.com/based/language-operator/api/v1alpha1/zz_generated.deepcopy.go:159.2,161.12 3 0
github.com/based/language-operator/api/v1alpha1/zz_generated.deepcopy.go:165.65,167.22 2 0
github.com/based/language-operator/api/v1alpha1/zz_generated.deepcopy.go:167.22,170.29 3 0
github.com/based/language-operator/api/v1alpha1/zz_generated.deepcopy.go:170.29,172.4 1 0
github.com/based/language-operator/api/v1alpha1/zz_generated.deepcopy.go:174.2,174.25 1 0
github.com/based/language-operator/api/v1alpha1/zz_generated.deepcopy.go:174.25,178.3 3 0
github.com/based/language-operator/api/v1alpha1/zz_generated.deepcopy.go:182.58,183.15 1 0
github.com/based/language-operator/api/v1alpha1/zz_generated.deepcopy.go:183.15,185.3 1 0
github.com/based/language-operator/api/v1alpha1/zz_generated.deepcopy.go:186.2,188.12 3 0
github.com/based/language-operator/api/v1alpha1/zz_generated.deepcopy.go:192.69,194.25 2 0
github.com/based/language-operator/api/v1alpha1/zz_generated.deepcopy.go:194.25,197.22 3 0
github.com/based/language-operator/api/v1alpha1/zz_generated.deepcopy.go:197.22,199.4 1 0
github.com/based/language-operator/api/v1alpha1/zz_generated.deepcopy.go:201.2,201.20 1 0
github.com/based/language-operator/api/v1alpha1/zz_generated.deepcopy.go:201.20,205.3 3 0
github.com/based/language-operator/api/v1alpha1/zz_generated.deepcopy.go:209.62,210.15 1 0
github.com/based/language-operator/api/v1alpha1/zz_generated.deepcopy.go:210.15,212.3 1 0
github.com/based/language-operator/api/v1alpha1/zz_generated.deepcopy.go:213.2,215.12 3 0
github.com/based/language-operator/api/v1alpha1/zz_generated.deepcopy.go:219.67,221.25 2 0
github.com/based/language-operator/api/v1alpha1/zz_generated.deepcopy.go:221.25,225.3 3 0
github.com/based/language-operator/api/v1alpha1/zz_generated.deepcopy.go:229.60,230.15 1 0
github.com/based/language-operator/api/v1alpha1/zz_generated.deepcopy.go:230.15,232.3 1 0
github.com/based/language-operator/api/v1alpha1/zz_generated.deepcopy.go:233.2,235.12 3 0
github.com/based/language-operator/api/v1alpha1/zz_generated.deepcopy.go:239.49,241.30 2 0
github.com/based/language-operator/api/v1alpha1/zz_generated.deepcopy.go:241.30,245.3 3 0
github.com/based/language-operator/api/v1alpha1/zz_generated.deepcopy.go:246.2,246.30 1 0
github.com/based/language-operator/api/v1alpha1/zz_generated.deepcopy.go:246.30,250.3 3 0
github.com/based/language-operator/api/v1alpha1/zz_generated.deepcopy.go:251.2,251.30 1 0
github.com/based/language-operator/api/v1alpha1/zz_generated.deepcopy.go:251.30,255.3 3 0
github.com/based/language-operator/api/v1alpha1/zz_generated.deepcopy.go:256.2,256.22 1 0
github.com/based/language-operator/api/v1alpha1/zz_generated.deepcopy.go:256.22,260.3 3 0
github.com/based/language-operator/api/v1alpha1/zz_generated.deepcopy.go:264.42,265.15 1 0
github.com/based/language-operator/api/v1alpha1/zz_generated.deepcopy.go:265.15,267.3 1 0
github.com/based/language-operator/api/v1alpha1/zz_generated.deepcopy.go:268.2,270.12 3 0
github.com/based/language-operator/api/v1alpha1/zz_generated.deepcopy.go:274.55,276.23 2 0
github.com/based/language-operator/api/v1alpha1/zz_generated.deepcopy.go:276.23,280.3 3 0
github.com/based/language-operator/api/v1alpha1/zz_generated.deepcopy.go:284.48,285.15 1 0
github.com/based/language-operator/api/v1alpha1/zz_generated.deepcopy.go:285.15,287.3 1 0
github.com/based/language-operator/api/v1alpha1/zz_generated.deepcopy.go:288.2,290.12 3 0
github.com/based/language-operator/api/v1alpha1/zz_generated.deepcopy.go:294.57,296.2 1 0
github.com/based/language-operator/api/v1alpha1/zz_generated.deepcopy.go:299.50,300.15 1 0
github.com/based/language-operator/api/v1alpha1/zz_generated.deepcopy.go:300.15,302.3 1 0
github.com/based/language-operator/api/v1alpha1/zz_generated.deepcopy.go:303.2,305.12 3 0
github.com/based/language-operator/api/v1alpha1/zz_generated.deepcopy.go:309.57,311.2 1 0
github.com/based/language-operator/api/v1alpha1/zz_generated.deepcopy.go:314.50,315.15 1 0
github.com/based/language-operator/api/v1alpha1/zz_generated.deepcopy.go:315.15,317.3 1 0
github.com/based/language-operator/api/v1alpha1/zz_generated.deepcopy.go:318.2,320.12 3 0
github.com/based/language-operator/api/v1alpha1/zz_generated.deepcopy.go:324.59,326.35 2 0
github.com/based/language-operator/api/v1alpha1/zz_generated.deepcopy.go:326.35,330.3 3 0
github.com/based/language-operator/api/v1alpha1/zz_generated.deepcopy.go:331.2,331.31 1 0
github.com/based/language-operator/api/v1alpha1/zz_generated.deepcopy.go:331.31,335.3 3 0
github.com/based/language-operator/api/v1alpha1/zz_generated.deepcopy.go:336.2,336.31 1 0
github.com/based/language-operator/api/v1alpha1/zz_generated.deepcopy.go:336.31,340.3 3 0
github.com/based/language-operator/api/v1alpha1/zz_generated.deepcopy.go:341.2,341.31 1 0
github.com/based/language-operator/api/v1alpha1/zz_generated.deepcopy.go:341.31,345.3 3 0
github.com/based/language-operator/api/v1alpha1/zz_generated.deepcopy.go:346.2,346.25 1 0
github.com/based/language-operator/api/v1alpha1/zz_generated.deepcopy.go:346.25,350.3 3 0
github.com/based/language-operator/api/v1alpha1/zz_generated.deepcopy.go:351.2,351.25 1 0
github.com/based/language-operator/api/v1alpha1/zz_generated.deepcopy.go:351.25,354.22 3 0
github.com/based/language-operator/api/v1alpha1/zz_generated.deepcopy.go:354.22,356.4 1 0
github.com/based/language-operator/api/v1alpha1/zz_generated.deepcopy.go:358.2,358.24 1 0
github.com/based/language-operator/api/v1alpha1/zz_generated.deepcopy.go:358.24,361.22 3 0
github.com/based/language-operator/api/v1alpha1/zz_generated.deepcopy.go:361.22,363.4 1 0
github.com/based/language-operator/api/v1alpha1/zz_generated.deepcopy.go:365.2,365.27 1 0
github.com/based/language-operator/api/v1alpha1/zz_generated.deepcopy.go:365.27,368.22 3 0
github.com/based/language-operator/api/v1alpha1/zz_generated.deepcopy.go:368.22,370.4 1 0
github.com/based/language-operator/api/v1alpha1/zz_generated.deepcopy.go:372.2,372.29 1 0
github.com/based/language-operator/api/v1alpha1/zz_generated.deepcopy.go:372.29,376.3 3 0
github.com/based/language-operator/api/v1alpha1/zz_generated.deepcopy.go:377.2,377.36 1 0
github.com/based/language-operator/api/v1alpha1/zz_generated.deepcopy.go:377.36,381.3 3 0
github.com/based/language-operator/api/v1alpha1/zz_generated.deepcopy.go:385.52,386.15 1 0
github.com/based/language-operator/api/v1alpha1/zz_generated.deepcopy.go:386.15,388.3 1 0
github.com/based/language-operator/api/v1alpha1/zz_generated.deepcopy.go:389.2,391.12 3 0
github.com/based/language-operator/api/v1alpha1/zz_generated.deepcopy.go:395.71,397.33 2 0
github.com/based/language-operator/api/v1alpha1/zz_generated.deepcopy.go:397.33,401.3 3 0
github.com/based/language-operator/api/v1alpha1/zz_generated.deepcopy.go:402.2,402.31 1 0
github.com/based/language-operator/api/v1alpha1/zz_generated.deepcopy.go:402.31,406.3 3 0
github.com/based/language-operator/api/v1alpha1/zz_generated.deepcopy.go:407.2,407.30 1 0
github.com/based/language-operator/api/v1alpha1/zz_generated.deepcopy.go:407.30,411.3 3 0
github.com/based/language-operator/api/v1alpha1/zz_generated.deepcopy.go:412.2,412.31 1 0
github.com/based/language-operator/api/v1alpha1/zz_generated.deepcopy.go:412.31,416.3 3 0
github.com/based/language-operator/api/v1alpha1/zz_generated.deepcopy.go:417.2,417.28 1 0
github.com/based/language-operator/api/v1alpha1/zz_generated.deepcopy.go:417.28,421.3 3 0
github.com/based/language-operator/api/v1alpha1/zz_generated.deepcopy.go:422.2,422.26 1 0
github.com/based/language-operator/api/v1alpha1/zz_generated.deepcopy.go:422.26,426.3 3 0
github.com/based/language-operator/api/v1alpha1/zz_generated.deepcopy.go:427.2,427.34 1 0
github.com/based/language-operator/api/v1alpha1/zz_generated.deepcopy.go:427.34,431.3 3 0
github.com/based/language-operator/api/v1alpha1/zz_generated.deepcopy.go:435.64,436.15 1 0
github.com/based/language-operator/api/v1alpha1/zz_generated.deepcopy.go:436.15,438.3 1 0
github.com/based/language-operator/api/v1alpha1/zz_generated.deepcopy.go:439.2,441.12 3 0
github.com/based/language-operator/api/v1alpha1/zz_generated.deepcopy.go:445.65,447.24 2 0
github.com/based/language-operator/api/v1alpha1/zz_generated.deepcopy.go:447.24,451.3 3 0
github.com/based/language-operator/api/v1alpha1/zz_generated.deepcopy.go:452.2,452.25 1 0
github.com/based/language-operator/api/v1alpha1/zz_generated.deepcopy.go:452.25,455.22 3 0
github.com/based/language-operator/api/v1alpha1/zz_generated.deepcopy.go:455.22,457.4 1 0
github.com/based/language-operator/api/v1alpha1/zz_generated.deepcopy.go:459.2,459.28 1 0
github.com/based/language-operator/api/v1alpha1/zz_generated.deepcopy.go:459.28,462.29 3 0
github.com/based/language-operator/api/v1alpha1/zz_generated.deepcopy.go:462.29,464.4 1 0
github.com/based/language-operator/api/v1alpha1/zz_generated.deepcopy.go:466.2,466.24 1 0
github.com/based/language-operator/api/v1alpha1/zz_generated.deepcopy.go:466.24,470.3 3 0
github.com/based/language-operator/api/v1alpha1/zz_generated.deepcopy.go:471.2,471.23 1 0
github.com/based/language-operator/api/v1alpha1/zz_generated.deepcopy.go:471.23,475.3 3 0
github.com/based/language-operator/api/v1alpha1/zz_generated.deepcopy.go:479.58,480.15 1 0
github.com/based/language-operator/api/v1alpha1/zz_generated.deepcopy.go:480.15,482.3 1 0
github.com/based/language-operator/api/v1alpha1/zz_generated.deepcopy.go:483.2,485.12 3 0
github.com/based/language-operator/api/v1alpha1/zz_generated.deepcopy.go:489.67,491.2 1 0
github.com/based/language-operator/api/v1alpha1/zz_generated.deepcopy.go:494.60,495.15 1 0
github.com/based/language-operator/api/v1alpha1/zz_generated.deepcopy.go:495.15,497.3 1 0
github.com/based/language-operator/api/v1alpha1/zz_generated.deepcopy.go:498.2,500.12 3 0
github.com/based/language-operator/api/v1alpha1/zz_generated.deepcopy.go:504.75,506.29 2 0
github.com/based/language-operator/api/v1alpha1/zz_generated.deepcopy.go:506.29,510.3 3 0
github.com/based/language-operator/api/v1alpha1/zz_generated.deepcopy.go:514.68,515.15 1 0
github.com/based/language-operator/api/v1alpha1/zz_generated.deepcopy.go:515.15,517.3 1 0
github.com/based/language-operator/api/v1alpha1/zz_generated.deepcopy.go:518.2,520.12 3 0
github.com/based/language-operator/api/v1alpha1/zz_generated.deepcopy.go:524.65,526.2 1 0
github.com/based/language-operator/api/v1alpha1/zz_generated.deepcopy.go:529.58,530.15 1 0
github.com/based/language-operator/api/v1alpha1/zz_generated.deepcopy.go:530.15,532.3 1 0
github.com/based/language-operator/api/v1alpha1/zz_generated.deepcopy.go:533.2,535.12 3 0
github.com/based/language-operator/api/v1alpha1/zz_generated.deepcopy.go:539.55,541.25 2 0
github.com/based/language-operator/api/v1alpha1/zz_generated.deepcopy.go:541.25,545.3 3 0
github.com/based/language-operator/api/v1alpha1/zz_generated.deepcopy.go:546.2,546.30 1 0
github.com/based/language-operator/api/v1alpha1/zz_generated.deepcopy.go:546.30,550.3 3 0
github.com/based/language-operator/api/v1alpha1/zz_generated.deepcopy.go:551.2,551.31 1 0
github.com/based/language-operator/api/v1alpha1/zz_generated.deepcopy.go:551.31,555.3 3 0
github.com/based/language-operator/api/v1alpha1/zz_generated.deepcopy.go:556.2,556.25 1 0
github.com/based/language-operator/api/v1alpha1/zz_generated.deepcopy.go:556.25,559.3 2 0
github.com/based/language-operator/api/v1alpha1/zz_generated.deepcopy.go:563.48,564.15 1 0
github.com/based/language-operator/api/v1alpha1/zz_generated.deepcopy.go:564.15,566.3 1 0
github.com/based/language-operator/api/v1alpha1/zz_generated.deepcopy.go:567.2,569.12 3 0
github.com/based/language-operator/api/v1alpha1/zz_generated.deepcopy.go:573.65,575.30 2 0
github.com/based/language-operator/api/v1alpha1/zz_generated.deepcopy.go:575.30,579.3 3 0
github.com/based/language-operator/api/v1alpha1/zz_generated.deepcopy.go:580.2,580.31 1 0
github.com/based/language-operator/api/v1alpha1/zz_generated.deepcopy.go:580.31,584.3 3 0
github.com/based/language-operator/api/v1alpha1/zz_generated.deepcopy.go:588.58,589.15 1 0
github.com/based/language-operator/api/v1alpha1/zz_generated.deepcopy.go:589.15,591.3 1 0
github.com/based/language-operator/api/v1alpha1/zz_generated.deepcopy.go:592.2,594.12 3 0
github.com/based/language-operator/api/v1alpha1/zz_generated.deepcopy.go:598.65,600.2 1 0
github.com/based/language-operator/api/v1alpha1/zz_generated.deepcopy.go:603.58,604.15 1 0
github.com/based/language-operator/api/v1alpha1/zz_generated.deepcopy.go:604.15,606.3 1 0
github.com/based/language-operator/api/v1alpha1/zz_generated.deepcopy.go:607.2,609.12 3 0
github.com/based/language-operator/api/v1alpha1/zz_generated.deepcopy.go:613.57,615.22 2 0
github.com/based/language-operator/api/v1alpha1/zz_generated.deepcopy.go:615.22,619.3 3 0
github.com/based/language-operator/api/v1alpha1/zz_generated.deepcopy.go:620.2,620.24 1 0
github.com/based/language-operator/api/v1alpha1/zz_generated.deepcopy.go:620.24,624.3 3 0
github.com/based/language-operator/api/v1alpha1/zz_generated.deepcopy.go:628.50,629.15 1 0
github.com/based/language-operator/api/v1alpha1/zz_generated.deepcopy.go:629.15,631.3 1 0
github.com/based/language-operator/api/v1alpha1/zz_generated.deepcopy.go:632.2,634.12 3 0
github.com/based/language-operator/api/v1alpha1/zz_generated.deepcopy.go:638.69,640.25 2 0
github.com/based/language-operator/api/v1alpha1/zz_generated.deepcopy.go:640.25,643.3 2 0
github.com/based/language-operator/api/v1alpha1/zz_generated.deepcopy.go:644.2,644.23 1 0
github.com/based/language-operator/api/v1alpha1/zz_generated.deepcopy.go:644.23,648.3 3 0
github.com/based/language-operator/api/v1alpha1/zz_generated.deepcopy.go:652.62,653.15 1 0
github.com/based/language-operator/api/v1alpha1/zz_generated.deepcopy.go:653.15,655.3 1 0
github.com/based/language-operator/api/v1alpha1/zz_generated.deepcopy.go:656.2,658.12 3 0
github.com/based/language-operator/api/v1alpha1/zz_generated.deepcopy.go:662.65,664.22 2 0
github.com/based/language-operator/api/v1alpha1/zz_generated.deepcopy.go:664.22,667.29 3 0
github.com/based/language-operator/api/v1alpha1/zz_generated.deepcopy.go:667.29,669.4 1 0
github.com/based/language-operator/api/v1alpha1/zz_generated.deepcopy.go:674.58,675.15 1 0
github.com/based/language-operator/api/v1alpha1/zz_generated.deepcopy.go:675.15,677.3 1 0
github.com/based/language-operator/api/v1alpha1/zz_generated.deepcopy.go:678.2,680.12 3 0
github.com/based/language-operator/api/v1alpha1/zz_generated.deepcopy.go:684.71,686.25 2 0
github.com/based/language-operator/api/v1alpha1/zz_generated.deepcopy.go:686.25,690.3 3 0
github.com/based/language-operator/api/v1alpha1/zz_generated.deepcopy.go:694.64,695.15 1 0
github.com/based/language-operator/api/v1alpha1/zz_generated.deepcopy.go:695.15,697.3 1 0
github.com/based/language-operator/api/v1alpha1/zz_generated.deepcopy.go:698.2,700.12 3 0
github.com/based/language-operator/api/v1alpha1/zz_generated.deepcopy.go:704.47,706.27 2 0
github.com/based/language-operator/api/v1alpha1/zz_generated.deepcopy.go:706.27,710.3 3 0
github.com/based/language-operator/api/v1alpha1/zz_generated.deepcopy.go:711.2,711.46 1 0
github.com/based/language-operator/api/v1alpha1/zz_generated.deepcopy.go:711.46,715.3 3 0
github.com/based/language-operator/api/v1alpha1/zz_generated.deepcopy.go:716.2,716.49 1 0
github.com/based/language-operator/api/v1alpha1/zz_generated.deepcopy.go:716.49,720.3 3 0
github.com/based/language-operator/api/v1alpha1/zz_generated.deepcopy.go:721.2,721.29 1 0
github.com/based/language-operator/api/v1alpha1/zz_generated.deepcopy.go:721.29,725.3 3 0
github.com/based/language-operator/api/v1alpha1/zz_generated.deepcopy.go:729.40,730.15 1 0
github.com/based/language-operator/api/v1alpha1/zz_generated.deepcopy.go:730.15,732.3 1 0
github.com/based/language-operator/api/v1alpha1/zz_generated.deepcopy.go:733.2,735.12 3 0
github.com/based/language-operator/api/v1alpha1/zz_generated.deepcopy.go:739.63,741.34 2 0
github.com/based/language-operator/api/v1alpha1/zz_generated.deepcopy.go:741.34,745.3 3 0
github.com/based/language-operator/api/v1alpha1/zz_generated.deepcopy.go:746.2,746.32 1 0
github.com/based/language-operator/api/v1alpha1/zz_generated.deepcopy.go:746.32,750.3 3 0
github.com/based/language-operator/api/v1alpha1/zz_generated.deepcopy.go:754.56,755.15 1 0
github.com/based/language-operator/api/v1alpha1/zz_generated.deepcopy.go:755.15,757.3 1 0
github.com/based/language-operator/api/v1alpha1/zz_generated.deepcopy.go:758.2,760.12 3 0
github.com/based/language-operator/api/v1alpha1/zz_generated.deepcopy.go:764.55,766.25 2 0
github.com/based/language-operator/api/v1alpha1/zz_generated.deepcopy.go:766.25,770.3 3 0
github.com/based/language-operator/api/v1alpha1/zz_generated.deepcopy.go:771.2,771.21 1 0
github.com/based/language-operator/api/v1alpha1/zz_generated.deepcopy.go:771.21,775.3 3 0
github.com/based/language-operator/api/v1alpha1/zz_generated.deepcopy.go:776.2,776.27 1 0
github.com/based/language-operator/api/v1alpha1/zz_generated.deepcopy.go:776.27,779.29 3 0
github.com/based/language-operator/api/v1alpha1/zz_generated.deepcopy.go:779.29,781.4 1 0
github.com/based/language-operator/api/v1alpha1/zz_generated.deepcopy.go:783.2,783.19 1 0
github.com/based/language-operator/api/v1alpha1/zz_generated.deepcopy.go:783.19,786.22 3 0
github.com/based/language-operator/api/v1alpha1/zz_generated.deepcopy.go:786.22,788.4 1 0
github.com/based/language-operator/api/v1alpha1/zz_generated.deepcopy.go:793.48,794.15 1 0
github.com/based/language-operator/api/v1alpha1/zz_generated.deepcopy.go:794.15,796.3 1 0
github.com/based/language-operator/api/v1alpha1/zz_generated.deepcopy.go:797.2,799.12 3 0
github.com/based/language-operator/api/v1alpha1/zz_generated.deepcopy.go:803.71,805.25 2 0
github.com/based/language-operator/api/v1alpha1/zz_generated.deepcopy.go:805.25,809.3 3 0
github.com/based/language-operator/api/v1alpha1/zz_generated.deepcopy.go:810.2,810.24 1 0
github.com/based/language-operator/api/v1alpha1/zz_generated.deepcopy.go:810.24,814.3 3 0
github.com/based/language-operator/api/v1alpha1/zz_generated.deepcopy.go:818.64,819.15 1 0
github.com/based/language-operator/api/v1alpha1/zz_generated.deepcopy.go:819.15,821.3 1 0
github.com/based/language-operator/api/v1alpha1/zz_generated.deepcopy.go:822.2,824.12 3 0
github.com/based/language-operator/api/v1alpha1/zz_generated.deepcopy.go:828.59,834.2 5 0
github.com/based/language-operator/api/v1alpha1/zz_generated.deepcopy.go:837.52,838.15 1 0
github.com/based/language-operator/api/v1alpha1/zz_generated.deepcopy.go:838.15,840.3 1 0
github.com/based/language-operator/api/v1alpha1/zz_generated.deepcopy.go:841.2,843.12 3 0
github.com/based/language-operator/api/v1alpha1/zz_generated.deepcopy.go:847.58,848.34 1 0
github.com/based/language-operator/api/v1alpha1/zz_generated.deepcopy.go:848.34,850.3 1 0
github.com/based/language-operator/api/v1alpha1/zz_generated.deepcopy.go:851.2,851.12 1 0
github.com/based/language-operator/api/v1alpha1/zz_generated.deepcopy.go:855.67,859.21 4 0
github.com/based/language-operator/api/v1alpha1/zz_generated.deepcopy.go:859.21,862.22 3 0
github.com/based/language-operator/api/v1alpha1/zz_generated.deepcopy.go:862.22,864.4 1 0
github.com/based/language-operator/api/v1alpha1/zz_generated.deepcopy.go:869.60,870.15 1 0
github.com/based/language-operator/api/v1alpha1/zz_generated.deepcopy.go:870.15,872.3 1 0
github.com/based/language-operator/api/v1alpha1/zz_generated.deepcopy.go:873.2,875.12 3 0
github.com/based/language-operator/api/v1alpha1/zz_generated.deepcopy.go:879.62,880.34 1 0
github.com/based/language-operator/api/v1alpha1/zz_generated.deepcopy.go:880.34,882.3 1 0
github.com/based/language-operator/api/v1alpha1/zz_generated.deepcopy.go:883.2,883.12 1 0
github.com/based/language-operator/api/v1alpha1/zz_generated.deepcopy.go:887.67,889.32 2 0
github.com/based/language-operator/api/v1alpha1/zz_generated.deepcopy.go:889.32,893.3 3 0
github.com/based/language-operator/api/v1alpha1/zz_generated.deepcopy.go:894.2,894.25 1 0
github.com/based/language-operator/api/v1alpha1/zz_generated.deepcopy.go:894.25,897.22 3 0
github.com/based/language-operator/api/v1alpha1/zz_generated.deepcopy.go:897.22,899.4 1 0
github.com/based/language-operator/api/v1alpha1/zz_generated.deepcopy.go:901.2,901.24 1 0
github.com/based/language-operator/api/v1alpha1/zz_generated.deepcopy.go:901.24,905.3 3 0
github.com/based/language-operator/api/v1alpha1/zz_generated.deepcopy.go:906.2,906.26 1 0
github.com/based/language-operator/api/v1alpha1/zz_generated.deepcopy.go:906.26,910.3 3 0
github.com/based/language-operator/api/v1alpha1/zz_generated.deepcopy.go:911.2,911.29 1 0
github.com/based/language-operator/api/v1alpha1/zz_generated.deepcopy.go:911.29,914.22 3 0
github.com/based/language-operator/api/v1alpha1/zz_generated.deepcopy.go:914.22,916.4 1 0
github.com/based/language-operator/api/v1alpha1/zz_generated.deepcopy.go:918.2,918.29 1 0
github.com/based/language-operator/api/v1alpha1/zz_generated.deepcopy.go:918.29,922.3 3 0
github.com/based/language-operator/api/v1alpha1/zz_generated.deepcopy.go:923.2,923.24 1 0
github.com/based/language-operator/api/v1alpha1/zz_generated.deepcopy.go:923.24,927.3 3 0
github.com/based/language-operator/api/v1alpha1/zz_generated.deepcopy.go:928.2,928.19 1 0
github.com/based/language-operator/api/v1alpha1/zz_generated.deepcopy.go:928.19,931.22 3 0
github.com/based/language-operator/api/v1alpha1/zz_generated.deepcopy.go:931.22,933.4 1 0
github.com/based/language-operator/api/v1alpha1/zz_generated.deepcopy.go:935.2,935.23 1 0
github.com/based/language-operator/api/v1alpha1/zz_generated.deepcopy.go:935.23,938.22 3 0
github.com/based/language-operator/api/v1alpha1/zz_generated.deepcopy.go:938.22,940.4 1 0
github.com/based/language-operator/api/v1alpha1/zz_generated.deepcopy.go:942.2,943.28 2 0
github.com/based/language-operator/api/v1alpha1/zz_generated.deepcopy.go:943.28,946.29 3 0
github.com/based/language-operator/api/v1alpha1/zz_generated.deepcopy.go:946.29,948.4 1 0
github.com/based/language-operator/api/v1alpha1/zz_generated.deepcopy.go:950.2,950.24 1 0
github.com/based/language-operator/api/v1alpha1/zz_generated.deepcopy.go:950.24,954.3 3 0
github.com/based/language-operator/api/v1alpha1/zz_generated.deepcopy.go:955.2,955.27 1 0
github.com/based/language-operator/api/v1alpha1/zz_generated.deepcopy.go:955.27,958.22 3 0
github.com/based/language-operator/api/v1alpha1/zz_generated.deepcopy.go:958.22,960.4 1 0
github.com/based/language-operator/api/v1alpha1/zz_generated.deepcopy.go:962.2,962.31 1 0
github.com/based/language-operator/api/v1alpha1/zz_generated.deepcopy.go:962.31,966.3 3 0
github.com/based/language-operator/api/v1alpha1/zz_generated.deepcopy.go:967.2,967.28 1 0
github.com/based/language-operator/api/v1alpha1/zz_generated.deepcopy.go:967.28,970.22 3 0
github.com/based/language-operator/api/v1alpha1/zz_generated.deepcopy.go:970.22,972.4 1 0
github.com/based/language-operator/api/v1alpha1/zz_generated.deepcopy.go:974.2,974.23 1 0
github.com/based/language-operator/api/v1alpha1/zz_generated.deepcopy.go:974.23,977.22 3 0
github.com/based/language-operator/api/v1alpha1/zz_generated.deepcopy.go:977.22,979.4 1 0
github.com/based/language-operator/api/v1alpha1/zz_generated.deepcopy.go:981.2,981.30 1 0
github.com/based/language-operator/api/v1alpha1/zz_generated.deepcopy.go:981.30,984.29 3 0
github.com/based/language-operator/api/v1alpha1/zz_generated.deepcopy.go:984.29,986.4 1 0
github.com/based/language-operator/api/v1alpha1/zz_generated.deepcopy.go:988.2,988.25 1 0
github.com/based/language-operator/api/v1alpha1/zz_generated.deepcopy.go:988.25,991.29 3 0
github.com/based/language-operator/api/v1alpha1/zz_generated.deepcopy.go:991.29,993.4 1 0
github.com/based/language-operator/api/v1alpha1/zz_generated.deepcopy.go:995.2,995.28 1 0
github.com/based/language-operator/api/v1alpha1/zz_generated.deepcopy.go:995.28,999.3 3 0
github.com/based/language-operator/api/v1alpha1/zz_generated.deepcopy.go:1000.2,1000.27 1 0
github.com/based/language-operator/api/v1alpha1/zz_generated.deepcopy.go:1000.27,1004.3 3 0
github.com/based/language-operator/api/v1alpha1/zz_generated.deepcopy.go:1005.2,1005.29 1 0
github.com/based/language-operator/api/v1alpha1/zz_generated.deepcopy.go:1005.29,1009.3 3 0
github.com/based/language-operator/api/v1alpha1/zz_generated.deepcopy.go:1010.2,1010.26 1 0
github.com/based/language-operator/api/v1alpha1/zz_generated.deepcopy.go:1010.26,1014.3 3 0
github.com/based/language-operator/api/v1alpha1/zz_generated.deepcopy.go:1015.2,1015.28 1 0
github.com/based/language-operator/api/v1alpha1/zz_generated.deepcopy.go:1015.28,1019.3 3 0
github.com/based/language-operator/api/v1alpha1/zz_generated.deepcopy.go:1023.60,1024.15 1 0
github.com/based/language-operator/api/v1alpha1/zz_generated.deepcopy.go:1024.15,1026.3 1 0
github.com/based/language-operator/api/v1alpha1/zz_generated.deepcopy.go:1027.2,1029.12 3 0
github.com/based/language-operator/api/v1alpha1/zz_generated.deepcopy.go:1033.71,1035.26 2 0
github.com/based/language-operator/api/v1alpha1/zz_generated.deepcopy.go:1035.26,1038.22 3 0
github.com/based/language-operator/api/v1alpha1/zz_generated.deepcopy.go:1038.22,1040.4 1 0
github.com/based/language-operator/api/v1alpha1/zz_generated.deepcopy.go:1042.2,1042.33 1 0
github.com/based/language-operator/api/v1alpha1/zz_generated.deepcopy.go:1042.33,1045.3 2 0
github.com/based/language-operator/api/v1alpha1/zz_generated.deepcopy.go:1046.2,1046.23 1 0
github.com/based/language-operator/api/v1alpha1/zz_generated.deepcopy.go:1046.23,1050.3 3 0
github.com/based/language-operator/api/v1alpha1/zz_generated.deepcopy.go:1051.2,1051.25 1 0
github.com/based/language-operator/api/v1alpha1/zz_generated.deepcopy.go:1051.25,1054.22 3 0
github.com/based/language-operator/api/v1alpha1/zz_generated.deepcopy.go:1054.22,1056.4 1 0
github.com/based/language-operator/api/v1alpha1/zz_generated.deepcopy.go:1058.2,1058.26 1 0
github.com/based/language-operator/api/v1alpha1/zz_generated.deepcopy.go:1058.26,1062.3 3 0
github.com/based/language-operator/api/v1alpha1/zz_generated.deepcopy.go:1063.2,1063.27 1 0
github.com/based/language-operator/api/v1alpha1/zz_generated.deepcopy.go:1063.27,1067.3 3 0
github.com/based/language-operator/api/v1alpha1/zz_generated.deepcopy.go:1068.2,1068.30 1 0
github.com/based/language-operator/api/v1alpha1/zz_generated.deepcopy.go:1068.30,1071.3 2 0
github.com/based/language-operator/api/v1alpha1/zz_generated.deepcopy.go:1075.64,1076.15 1 0
github.com/based/language-operator/api/v1alpha1/zz_generated.deepcopy.go:1076.15,1078.3 1 0
github.com/based/language-operator/api/v1alpha1/zz_generated.deepcopy.go:1079.2,1081.12 3 0
github.com/based/language-operator/api/v1alpha1/zz_generated.deepcopy.go:1085.61,1091.2 5 0
github.com/based/language-operator/api/v1alpha1/zz_generated.deepcopy.go:1094.54,1095.15 1 0
github.com/based/language-operator/api/v1alpha1/zz_generated.deepcopy.go:1095.15,1097.3 1 0
github.com/based/language-operator/api/v1alpha1/zz_generated.deepcopy.go:1098.2,1100.12 3 0
github.com/based/language-operator/api/v1alpha1/zz_generated.deepcopy.go:1104.59,1105.34 1 0
github.com/based/language-operator/api/v1alpha1/zz_generated.deepcopy.go:1105.34,1107.3 1 0
github.com/based/language-operator/api/v1alpha1/zz_generated.deepcopy.go:1108.2,1108.12 1 0
github.com/based/language-operator/api/v1alpha1/zz_generated.deepcopy.go:1112.69,1116.21 4 0
github.com/based/language-operator/api/v1alpha1/zz_generated.deepcopy.go:1116.21,1119.22 3 0
github.com/based/language-operator/api/v1alpha1/zz_generated.deepcopy.go:1119.22,1121.4 1 0
github.com/based/language-operator/api/v1alpha1/zz_generated.deepcopy.go:1126.62,1127.15 1 0
github.com/based/language-operator/api/v1alpha1/zz_generated.deepcopy.go:1127.15,1129.3 1 0
github.com/based/language-operator/api/v1alpha1/zz_generated.deepcopy.go:1130.2,1132.12 3 0
github.com/based/language-operator/api/v1alpha1/zz_generated.deepcopy.go:1136.63,1137.34 1 0
github.com/based/language-operator/api/v1alpha1/zz_generated.deepcopy.go:1137.34,1139.3 1 0
github.com/based/language-operator/api/v1alpha1/zz_generated.deepcopy.go:1140.2,1140.12 1 0
github.com/based/language-operator/api/v1alpha1/zz_generated.deepcopy.go:1144.69,1146.32 2 0
github.com/based/language-operator/api/v1alpha1/zz_generated.deepcopy.go:1146.32,1150.3 3 0
github.com/based/language-operator/api/v1alpha1/zz_generated.deepcopy.go:1151.2,1151.24 1 0
github.com/based/language-operator/api/v1alpha1/zz_generated.deepcopy.go:1151.24,1155.3 3 0
github.com/based/language-operator/api/v1alpha1/zz_generated.deepcopy.go:1156.2,1156.25 1 0
github.com/based/language-operator/api/v1alpha1/zz_generated.deepcopy.go:1156.25,1159.22 3 0
github.com/based/language-operator/api/v1alpha1/zz_generated.deepcopy.go:1159.22,1161.4 1 0
github.com/based/language-operator/api/v1alpha1/zz_generated.deepcopy.go:1163.2,1163.24 1 0
github.com/based/language-operator/api/v1alpha1/zz_generated.deepcopy.go:1163.24,1167.3 3 0
github.com/based/language-operator/api/v1alpha1/zz_generated.deepcopy.go:1168.2,1168.26 1 0
github.com/based/language-operator/api/v1alpha1/zz_generated.deepcopy.go:1168.26,1172.3 3 0
github.com/based/language-operator/api/v1alpha1/zz_generated.deepcopy.go:1173.2,1173.25 1 0
github.com/based/language-operator/api/v1alpha1/zz_generated.deepcopy.go:1173.25,1177.3 3 0
github.com/based/language-operator/api/v1alpha1/zz_generated.deepcopy.go:1178.2,1178.29 1 0
github.com/based/language-operator/api/v1alpha1/zz_generated.deepcopy.go:1178.29,1182.3 3 0
github.com/based/language-operator/api/v1alpha1/zz_generated.deepcopy.go:1183.2,1183.30 1 0
github.com/based/language-operator/api/v1alpha1/zz_generated.deepcopy.go:1183.30,1187.3 3 0
github.com/based/language-operator/api/v1alpha1/zz_generated.deepcopy.go:1188.2,1188.28 1 0
github.com/based/language-operator/api/v1alpha1/zz_generated.deepcopy.go:1188.28,1192.3 3 0
github.com/based/language-operator/api/v1alpha1/zz_generated.deepcopy.go:1193.2,1193.33 1 0
github.com/based/language-operator/api/v1alpha1/zz_generated.deepcopy.go:1193.33,1197.3 3 0
github.com/based/language-operator/api/v1alpha1/zz_generated.deepcopy.go:1198.2,1198.24 1 0
github.com/based/language-operator/api/v1alpha1/zz_generated.deepcopy.go:1198.24,1202.3 3 0
github.com/based/language-operator/api/v1alpha1/zz_generated.deepcopy.go:1203.2,1203.23 1 0
github.com/based/language-operator/api/v1alpha1/zz_generated.deepcopy.go:1203.23,1207.3 3 0
github.com/based/language-operator/api/v1alpha1/zz_generated.deepcopy.go:1208.2,1208.19 1 0
github.com/based/language-operator/api/v1alpha1/zz_generated.deepcopy.go:1208.19,1212.3 3 0
github.com/based/language-operator/api/v1alpha1/zz_generated.deepcopy.go:1213.2,1213.20 1 0
github.com/based/language-operator/api/v1alpha1/zz_generated.deepcopy.go:1213.20,1217.3 3 0
github.com/based/language-operator/api/v1alpha1/zz_generated.deepcopy.go:1218.2,1218.26 1 0
github.com/based/language-operator/api/v1alpha1/zz_generated.deepcopy.go:1218.26,1222.3 3 0
github.com/based/language-operator/api/v1alpha1/zz_generated.deepcopy.go:1223.2,1223.23 1 0
github.com/based/language-operator/api/v1alpha1/zz_generated.deepcopy.go:1223.23,1227.3 3 0
github.com/based/language-operator/api/v1alpha1/zz_generated.deepcopy.go:1228.2,1228.19 1 0
github.com/based/language-operator/api/v1alpha1/zz_generated.deepcopy.go:1228.19,1231.22 3 0
github.com/based/language-operator/api/v1alpha1/zz_generated.deepcopy.go:1231.22,1233.4 1 0
github.com/based/language-operator/api/v1alpha1/zz_generated.deepcopy.go:1235.2,1235.23 1 0
github.com/based/language-operator/api/v1alpha1/zz_generated.deepcopy.go:1235.23,1238.22 3 0
github.com/based/language-operator/api/v1alpha1/zz_generated.deepcopy.go:1238.22,1240.4 1 0
github.com/based/language-operator/api/v1alpha1/zz_generated.deepcopy.go:1242.2,1243.28 2 0
github.com/based/language-operator/api/v1alpha1/zz_generated.deepcopy.go:1243.28,1246.29 3 0
github.com/based/language-operator/api/v1alpha1/zz_generated.deepcopy.go:1246.29,1248.4 1 0
github.com/based/language-operator/api/v1alpha1/zz_generated.deepcopy.go:1250.2,1250.24 1 0
github.com/based/language-operator/api/v1alpha1/zz_generated.deepcopy.go:1250.24,1254.3 3 0
github.com/based/language-operator/api/v1alpha1/zz_generated.deepcopy.go:1255.2,1255.27 1 0
github.com/based/language-operator/api/v1alpha1/zz_generated.deepcopy.go:1255.27,1258.22 3 0
github.com/based/language-operator/api/v1alpha1/zz_generated.deepcopy.go:1258.22,1260.4 1 0
github.com/based/language-operator/api/v1alpha1/zz_generated.deepcopy.go:1262.2,1262.41 1 0
github.com/based/language-operator/api/v1alpha1/zz_generated.deepcopy.go:1262.41,1265.22 3 0
github.com/based/language-operator/api/v1alpha1/zz_generated.deepcopy.go:1265.22,1267.4 1 0
github.com/based/language-operator/api/v1alpha1/zz_generated.deepcopy.go:1269.2,1269.31 1 0
github.com/based/language-operator/api/v1alpha1/zz_generated.deepcopy.go:1269.31,1273.3 3 0
github.com/based/language-operator/api/v1alpha1/zz_generated.deepcopy.go:1274.2,1274.40 1 0
github.com/based/language-operator/api/v1alpha1/zz_generated.deepcopy.go:1274.40,1278.3 3 0
github.com/based/language-operator/api/v1alpha1/zz_generated.deepcopy.go:1279.2,1279.28 1 0
github.com/based/language-operator/api/v1alpha1/zz_generated.deepcopy.go:1279.28,1282.22 3 0
github.com/based/language-operator/api/v1alpha1/zz_generated.deepcopy.go:1282.22,1284.4 1 0
github.com/based/language-operator/api/v1alpha1/zz_generated.deepcopy.go:1286.2,1286.23 1 0
github.com/based/language-operator/api/v1alpha1/zz_generated.deepcopy.go:1286.23,1289.22 3 0
github.com/based/language-operator/api/v1alpha1/zz_generated.deepcopy.go:1289.22,1291.4 1 0
github.com/based/language-operator/api/v1alpha1/zz_generated.deepcopy.go:1293.2,1293.29 1 0
github.com/based/language-operator/api/v1alpha1/zz_generated.deepcopy.go:1293.29,1297.3 3 0
github.com/based/language-operator/api/v1alpha1/zz_generated.deepcopy.go:1298.2,1298.30 1 0
github.com/based/language-operator/api/v1alpha1/zz_generated.deepcopy.go:1298.30,1302.3 3 0
github.com/based/language-operator/api/v1alpha1/zz_generated.deepcopy.go:1303.2,1303.28 1 0
github.com/based/language-operator/api/v1alpha1/zz_generated.deepcopy.go:1303.28,1307.3 3 0
github.com/based/language-operator/api/v1alpha1/zz_generated.deepcopy.go:1308.2,1308.34 1 0
github.com/based/language-operator/api/v1alpha1/zz_generated.deepcopy.go:1308.34,1311.29 3 0
github.com/based/language-operator/api/v1alpha1/zz_generated.deepcopy.go:1311.29,1313.4 1 0
github.com/based/language-operator/api/v1alpha1/zz_generated.deepcopy.go:1315.2,1315.30 1 0
github.com/based/language-operator/api/v1alpha1/zz_generated.deepcopy.go:1315.30,1318.29 3 0
github.com/based/language-operator/api/v1alpha1/zz_generated.deepcopy.go:1318.29,1320.4 1 0
github.com/based/language-operator/api/v1alpha1/zz_generated.deepcopy.go:1322.2,1322.25 1 0
github.com/based/language-operator/api/v1alpha1/zz_generated.deepcopy.go:1322.25,1325.29 3 0
github.com/based/language-operator/api/v1alpha1/zz_generated.deepcopy.go:1325.29,1327.4 1 0
github.com/based/language-operator/api/v1alpha1/zz_generated.deepcopy.go:1329.2,1329.35 1 0
github.com/based/language-operator/api/v1alpha1/zz_generated.deepcopy.go:1329.35,1333.3 3 0
github.com/based/language-operator/api/v1alpha1/zz_generated.deepcopy.go:1334.2,1334.30 1 0
github.com/based/language-operator/api/v1alpha1/zz_generated.deepcopy.go:1334.30,1338.3 3 0
github.com/based/language-operator/api/v1alpha1/zz_generated.deepcopy.go:1339.2,1339.39 1 0
github.com/based/language-operator/api/v1alpha1/zz_generated.deepcopy.go:1339.39,1343.3 3 0
github.com/based/language-operator/api/v1alpha1/zz_generated.deepcopy.go:1344.2,1344.23 1 0
github.com/based/language-operator/api/v1alpha1/zz_generated.deepcopy.go:1344.23,1347.22 3 0
github.com/based/language-operator/api/v1alpha1/zz_generated.deepcopy.go:1347.22,1349.4 1 0
github.com/based/language-operator/api/v1alpha1/zz_generated.deepcopy.go:1354.62,1355.15 1 0
github.com/based/language-operator/api/v1alpha1/zz_generated.deepcopy.go:1355.15,1357.3 1 0
github.com/based/language-operator/api/v1alpha1/zz_generated.deepcopy.go:1358.2,1360.12 3 0
github.com/based/language-operator/api/v1alpha1/zz_generated.deepcopy.go:1364.73,1366.26 2 0
github.com/based/language-operator/api/v1alpha1/zz_generated.deepcopy.go:1366.26,1369.22 3 0
github.com/based/language-operator/api/v1alpha1/zz_generated.deepcopy.go:1369.22,1371.4 1 0
github.com/based/language-operator/api/v1alpha1/zz_generated.deepcopy.go:1373.2,1373.28 1 0
github.com/based/language-operator/api/v1alpha1/zz_generated.deepcopy.go:1373.28,1376.29 3 0
github.com/based/language-operator/api/v1alpha1/zz_generated.deepcopy.go:1376.29,1378.4 1 0
github.com/based/language-operator/api/v1alpha1/zz_generated.deepcopy.go:1380.2,1380.23 1 0
github.com/based/language-operator/api/v1alpha1/zz_generated.deepcopy.go:1380.23,1384.3 3 0
github.com/based/language-operator/api/v1alpha1/zz_generated.deepcopy.go:1385.2,1385.28 1 0
github.com/based/language-operator/api/v1alpha1/zz_generated.deepcopy.go:1385.28,1388.22 3 0
github.com/based/language-operator/api/v1alpha1/zz_generated.deepcopy.go:1388.22,1390.4 1 0
github.com/based/language-operator/api/v1alpha1/zz_generated.deepcopy.go:1392.2,1392.30 1 0
github.com/based/language-operator/api/v1alpha1/zz_generated.deepcopy.go:1392.30,1395.3 2 0
github.com/based/language-operator/api/v1alpha1/zz_generated.deepcopy.go:1399.66,1400.15 1 0
github.com/based/language-operator/api/v1alpha1/zz_generated.deepcopy.go:1400.15,1402.3 1 0
github.com/based/language-operator/api/v1alpha1/zz_generated.deepcopy.go:1403.2,1405.12 3 0
github.com/based/language-operator/api/v1alpha1/zz_generated.deepcopy.go:1409.63,1415.2 5 0
github.com/based/language-operator/api/v1alpha1/zz_generated.deepcopy.go:1418.56,1419.15 1 0
github.com/based/language-operator/api/v1alpha1/zz_generated.deepcopy.go:1419.15,1421.3 1 0
github.com/based/language-operator/api/v1alpha1/zz_generated.deepcopy.go:1422.2,1424.12 3 0
github.com/based/language-operator/api/v1alpha1/zz_generated.deepcopy.go:1428.60,1429.34 1 0
github.com/based/language-operator/api/v1alpha1/zz_generated.deepcopy.go:1429.34,1431.3 1 0
github.com/based/language-operator/api/v1alpha1/zz_generated.deepcopy.go:1432.2,1432.12 1 0
github.com/based/language-operator/api/v1alpha1/zz_generated.deepcopy.go:1436.71,1440.21 4 0
github.com/based/language-operator/api/v1alpha1/zz_generated.deepcopy.go:1440.21,1443.22 3 0
github.com/based/language-operator/api/v1alpha1/zz_generated.deepcopy.go:1443.22,1445.4 1 0
github.com/based/language-operator/api/v1alpha1/zz_generated.deepcopy.go:1450.64,1451.15 1 0
github.com/based/language-operator/api/v1alpha1/zz_generated.deepcopy.go:1451.15,1453.3 1 0
github.com/based/language-operator/api/v1alpha1/zz_generated.deepcopy.go:1454.2,1456.12 3 0
github.com/based/language-operator/api/v1alpha1/zz_generated.deepcopy.go:1460.64,1461.34 1 0
github.com/based/language-operator/api/v1alpha1/zz_generated.deepcopy.go:1461.34,1463.3 1 0
github.com/based/language-operator/api/v1alpha1/zz_generated.deepcopy.go:1464.2,1464.12 1 0
github.com/based/language-operator/api/v1alpha1/zz_generated.deepcopy.go:1468.71,1471.22 3 0
github.com/based/language-operator/api/v1alpha1/zz_generated.deepcopy.go:1471.22,1474.22 3 0
github.com/based/language-operator/api/v1alpha1/zz_generated.deepcopy.go:1474.22,1476.4 1 0
github.com/based/language-operator/api/v1alpha1/zz_generated.deepcopy.go:1481.64,1482.15 1 0
github.com/based/language-operator/api/v1alpha1/zz_generated.deepcopy.go:1482.15,1484.3 1 0
github.com/based/language-operator/api/v1alpha1/zz_generated.deepcopy.go:1485.2,1487.12 3 0
github.com/based/language-operator/api/v1alpha1/zz_generated.deepcopy.go:1491.75,1493.26 2 0
github.com/based/language-operator/api/v1alpha1/zz_generated.deepcopy.go:1493.26,1496.22 3 0
github.com/based/language-operator/api/v1alpha1/zz_generated.deepcopy.go:1496.22,1498.4 1 0
github.com/based/language-operator/api/v1alpha1/zz_generated.deepcopy.go:1500.2,1500.31 1 0
github.com/based/language-operator/api/v1alpha1/zz_generated.deepcopy.go:1500.31,1503.29 3 0
github.com/based/language-operator/api/v1alpha1/zz_generated.deepcopy.go:1503.29,1505.4 1 0
github.com/based/language-operator/api/v1alpha1/zz_generated.deepcopy.go:1507.2,1507.31 1 0
github.com/based/language-operator/api/v1alpha1/zz_generated.deepcopy.go:1507.31,1511.3 3 0
github.com/based/language-operator/api/v1alpha1/zz_generated.deepcopy.go:1512.2,1512.30 1 0
github.com/based/language-operator/api/v1alpha1/zz_generated.deepcopy.go:1512.30,1516.3 3 0
github.com/based/language-operator/api/v1alpha1/zz_generated.deepcopy.go:1517.2,1517.36 1 0
github.com/based/language-operator/api/v1alpha1/zz_generated.deepcopy.go:1521.68,1522.15 1 0
github.com/based/language-operator/api/v1alpha1/zz_generated.deepcopy.go:1522.15,1524.3 1 0
github.com/based/language-operator/api/v1alpha1/zz_generated.deepcopy.go:1525.2,1527.12 3 0
github.com/based/language-operator/api/v1alpha1/zz_generated.deepcopy.go:1531.59,1537.2 5 0
github.com/based/language-operator/api/v1alpha1/zz_generated.deepcopy.go:1540.52,1541.15 1 0
github.com/based/language-operator/api/v1alpha1/zz_generated.deepcopy.go:1541.15,1543.3 1 0
github.com/based/language-operator/api/v1alpha1/zz_generated.deepcopy.go:1544.2,1546.12 3 0
github.com/based/language-operator/api/v1alpha1/zz_generated.deepcopy.go:1550.58,1551.34 1 0
github.com/based/language-operator/api/v1alpha1/zz_generated.deepcopy.go:1551.34,1553.3 1 0
github.com/based/language-operator/api/v1alpha1/zz_generated.deepcopy.go:1554.2,1554.12 1 0
github.com/based/language-operator/api/v1alpha1/zz_generated.deepcopy.go:1558.67,1562.21 4 0
github.com/based/language-operator/api/v1alpha1/zz_generated.deepcopy.go:1562.21,1565.22 3 0
github.com/based/language-operator/api/v1alpha1/zz_generated.deepcopy.go:1565.22,1567.4 1 0
github.com/based/language-operator/api/v1alpha1/zz_generated.deepcopy.go:1572.60,1573.15 1 0
github.com/based/language-operator/api/v1alpha1/zz_generated.deepcopy.go:1573.15,1575.3 1 0
github.com/based/language-operator/api/v1alpha1/zz_generated.deepcopy.go:1576.2,1578.12 3 0
github.com/based/language-operator/api/v1alpha1/zz_generated.deepcopy.go:1582.62,1583.34 1 0
github.com/based/language-operator/api/v1alpha1/zz_generated.deepcopy.go:1583.34,1585.3 1 0
github.com/based/language-operator/api/v1alpha1/zz_generated.deepcopy.go:1586.2,1586.12 1 0
github.com/based/language-operator/api/v1alpha1/zz_generated.deepcopy.go:1590.67,1592.31 2 0
github.com/based/language-operator/api/v1alpha1/zz_generated.deepcopy.go:1592.31,1596.3 3 0
github.com/based/language-operator/api/v1alpha1/zz_generated.deepcopy.go:1597.2,1597.29 1 0
github.com/based/language-operator/api/v1alpha1/zz_generated.deepcopy.go:1597.29,1601.3 3 0
github.com/based/language-operator/api/v1alpha1/zz_generated.deepcopy.go:1602.2,1602.26 1 0
github.com/based/language-operator/api/v1alpha1/zz_generated.deepcopy.go:1602.26,1606.3 3 0
github.com/based/language-operator/api/v1alpha1/zz_generated.deepcopy.go:1607.2,1607.27 1 0
github.com/based/language-operator/api/v1alpha1/zz_generated.deepcopy.go:1607.27,1611.3 3 0
github.com/based/language-operator/api/v1alpha1/zz_generated.deepcopy.go:1612.2,1612.25 1 0
github.com/based/language-operator/api/v1alpha1/zz_generated.deepcopy.go:1612.25,1615.22 3 0
github.com/based/language-operator/api/v1alpha1/zz_generated.deepcopy.go:1615.22,1617.4 1 0
github.com/based/language-operator/api/v1alpha1/zz_generated.deepcopy.go:1619.2,1619.29 1 0
github.com/based/language-operator/api/v1alpha1/zz_generated.deepcopy.go:1619.29,1623.3 3 0
github.com/based/language-operator/api/v1alpha1/zz_generated.deepcopy.go:1624.2,1624.23 1 0
github.com/based/language-operator/api/v1alpha1/zz_generated.deepcopy.go:1624.23,1628.3 3 0
github.com/based/language-operator/api/v1alpha1/zz_generated.deepcopy.go:1629.2,1629.29 1 0
github.com/based/language-operator/api/v1alpha1/zz_generated.deepcopy.go:1629.29,1633.3 3 0
github.com/based/language-operator/api/v1alpha1/zz_generated.deepcopy.go:1634.2,1634.28 1 0
github.com/based/language-operator/api/v1alpha1/zz_generated.deepcopy.go:1634.28,1638.3 3 0
github.com/based/language-operator/api/v1alpha1/zz_generated.deepcopy.go:1639.2,1639.23 1 0
github.com/based/language-operator/api/v1alpha1/zz_generated.deepcopy.go:1639.23,1642.22 3 0
github.com/based/language-operator/api/v1alpha1/zz_generated.deepcopy.go:1642.22,1644.4 1 0
github.com/based/language-operator/api/v1alpha1/zz_generated.deepcopy.go:1649.60,1650.15 1 0
github.com/based/language-operator/api/v1alpha1/zz_generated.deepcopy.go:1650.15,1652.3 1 0
github.com/based/language-operator/api/v1alpha1/zz_generated.deepcopy.go:1653.2,1655.12 3 0
github.com/based/language-operator/api/v1alpha1/zz_generated.deepcopy.go:1659.71,1661.26 2 0
github.com/based/language-operator/api/v1alpha1/zz_generated.deepcopy.go:1661.26,1664.22 3 0
github.com/based/language-operator/api/v1alpha1/zz_generated.deepcopy.go:1664.22,1666.4 1 0
github.com/based/language-operator/api/v1alpha1/zz_generated.deepcopy.go:1668.2,1668.31 1 0
github.com/based/language-operator/api/v1alpha1/zz_generated.deepcopy.go:1668.31,1671.3 2 0
github.com/based/language-operator/api/v1alpha1/zz_generated.deepcopy.go:1672.2,1672.30 1 0
github.com/based/language-operator/api/v1alpha1/zz_generated.deepcopy.go:1672.30,1675.22 3 0
github.com/based/language-operator/api/v1alpha1/zz_generated.deepcopy.go:1675.22,1677.4 1 0
github.com/based/language-operator/api/v1alpha1/zz_generated.deepcopy.go:1679.2,1679.28 1 0
github.com/based/language-operator/api/v1alpha1/zz_generated.deepcopy.go:1679.28,1682.22 3 0
github.com/based/language-operator/api/v1alpha1/zz_generated.deepcopy.go:1682.22,1684.4 1 0
github.com/based/language-operator/api/v1alpha1/zz_generated.deepcopy.go:1686.2,1686.23 1 0
github.com/based/language-operator/api/v1alpha1/zz_generated.deepcopy.go:1686.23,1690.3 3 0
github.com/based/language-operator/api/v1alpha1/zz_generated.deepcopy.go:1691.2,1691.27 1 0
github.com/based/language-operator/api/v1alpha1/zz_generated.deepcopy.go:1691.27,1695.3 3 0
github.com/based/language-operator/api/v1alpha1/zz_generated.deepcopy.go:1696.2,1696.30 1 0
github.com/based/language-operator/api/v1alpha1/zz_generated.deepcopy.go:1696.30,1699.3 2 0
github.com/based/language-operator/api/v1alpha1/zz_generated.deepcopy.go:1703.64,1704.15 1 0
github.com/based/language-operator/api/v1alpha1/zz_generated.deepcopy.go:1704.15,1706.3 1 0
github.com/based/language-operator/api/v1alpha1/zz_generated.deepcopy.go:1707.2,1709.12 3 0
github.com/based/language-operator/api/v1alpha1/zz_generated.deepcopy.go:1713.63,1719.2 5 0
github.com/based/language-operator/api/v1alpha1/zz_generated.deepcopy.go:1722.56,1723.15 1 0
github.com/based/language-operator/api/v1alpha1/zz_generated.deepcopy.go:1723.15,1725.3 1 0
github.com/based/language-operator/api/v1alpha1/zz_generated.deepcopy.go:1726.2,1728.12 3 0
github.com/based/language-operator/api/v1alpha1/zz_generated.deepcopy.go:1732.60,1733.34 1 0
github.com/based/language-operator/api/v1alpha1/zz_generated.deepcopy.go:1733.34,1735.3 1 0
github.com/based/language-operator/api/v1alpha1/zz_generated.deepcopy.go:1736.2,1736.12 1 0
github.com/based/language-operator/api/v1alpha1/zz_generated.deepcopy.go:1740.71,1744.21 4 0
github.com/based/language-operator/api/v1alpha1/zz_generated.deepcopy.go:1744.21,1747.22 3 0
github.com/based/language-operator/api/v1alpha1/zz_generated.deepcopy.go:1747.22,1749.4 1 0
github.com/based/language-operator/api/v1alpha1/zz_generated.deepcopy.go:1754.64,1755.15 1 0
github.com/based/language-operator/api/v1alpha1/zz_generated.deepcopy.go:1755.15,1757.3 1 0
github.com/based/language-operator/api/v1alpha1/zz_generated.deepcopy.go:1758.2,1760.12 3 0
github.com/based/language-operator/api/v1alpha1/zz_generated.deepcopy.go:1764.64,1765.34 1 0
github.com/based/language-operator/api/v1alpha1/zz_generated.deepcopy.go:1765.34,1767.3 1 0
github.com/based/language-operator/api/v1alpha1/zz_generated.deepcopy.go:1768.2,1768.12 1 0
github.com/based/language-operator/api/v1alpha1/zz_generated.deepcopy.go:1772.71,1774.28 2 0
github.com/based/language-operator/api/v1alpha1/zz_generated.deepcopy.go:1774.28,1778.3 3 0
github.com/based/language-operator/api/v1alpha1/zz_generated.deepcopy.go:1779.2,1779.21 1 0
github.com/based/language-operator/api/v1alpha1/zz_generated.deepcopy.go:1779.21,1782.22 3 0
github.com/based/language-operator/api/v1alpha1/zz_generated.deepcopy.go:1782.22,1784.4 1 0
github.com/based/language-operator/api/v1alpha1/zz_generated.deepcopy.go:1786.2,1786.24 1 0
github.com/based/language-operator/api/v1alpha1/zz_generated.deepcopy.go:1786.24,1789.22 3 0
github.com/based/language-operator/api/v1alpha1/zz_generated.deepcopy.go:1789.22,1791.4 1 0
github.com/based/language-operator/api/v1alpha1/zz_generated.deepcopy.go:1793.2,1793.28 1 0
github.com/based/language-operator/api/v1alpha1/zz_generated.deepcopy.go:1793.28,1797.3 3 0
github.com/based/language-operator/api/v1alpha1/zz_generated.deepcopy.go:1798.2,1798.27 1 0
github.com/based/language-operator/api/v1alpha1/zz_generated.deepcopy.go:1798.27,1802.3 3 0
github.com/based/language-operator/api/v1alpha1/zz_generated.deepcopy.go:1803.2,1803.30 1 0
github.com/based/language-operator/api/v1alpha1/zz_generated.deepcopy.go:1803.30,1807.3 3 0
github.com/based/language-operator/api/v1alpha1/zz_generated.deepcopy.go:1808.2,1808.31 1 0
github.com/based/language-operator/api/v1alpha1/zz_generated.deepcopy.go:1808.31,1812.3 3 0
github.com/based/language-operator/api/v1alpha1/zz_generated.deepcopy.go:1813.2,1813.32 1 0
github.com/based/language-operator/api/v1alpha1/zz_generated.deepcopy.go:1813.32,1816.22 3 0
github.com/based/language-operator/api/v1alpha1/zz_generated.deepcopy.go:1816.22,1818.4 1 0
github.com/based/language-operator/api/v1alpha1/zz_generated.deepcopy.go:1820.2,1820.27 1 0
github.com/based/language-operator/api/v1alpha1/zz_generated.deepcopy.go:1820.27,1824.3 3 0
github.com/based/language-operator/api/v1alpha1/zz_generated.deepcopy.go:1825.2,1825.24 1 0
github.com/based/language-operator/api/v1alpha1/zz_generated.deepcopy.go:1825.24,1828.29 3 0
github.com/based/language-operator/api/v1alpha1/zz_generated.deepcopy.go:1828.29,1830.4 1 0
github.com/based/language-operator/api/v1alpha1/zz_generated.deepcopy.go:1832.2,1832.29 1 0
github.com/based/language-operator/api/v1alpha1/zz_generated.deepcopy.go:1832.29,1836.3 3 0
github.com/based/language-operator/api/v1alpha1/zz_generated.deepcopy.go:1840.64,1841.15 1 0
github.com/based/language-operator/api/v1alpha1/zz_generated.deepcopy.go:1841.15,1843.3 1 0
github.com/based/language-operator/api/v1alpha1/zz_generated.deepcopy.go:1844.2,1846.12 3 0
github.com/based/language-operator/api/v1alpha1/zz_generated.deepcopy.go:1850.75,1852.26 2 0
github.com/based/language-operator/api/v1alpha1/zz_generated.deepcopy.go:1852.26,1855.22 3 0
github.com/based/language-operator/api/v1alpha1/zz_generated.deepcopy.go:1855.22,1857.4 1 0
github.com/based/language-operator/api/v1alpha1/zz_generated.deepcopy.go:1859.2,1859.28 1 0
github.com/based/language-operator/api/v1alpha1/zz_generated.deepcopy.go:1859.28,1863.3 3 0
github.com/based/language-operator/api/v1alpha1/zz_generated.deepcopy.go:1864.2,1864.32 1 0
github.com/based/language-operator/api/v1alpha1/zz_generated.deepcopy.go:1864.32,1868.3 3 0
github.com/based/language-operator/api/v1alpha1/zz_generated.deepcopy.go:1869.2,1869.23 1 0
github.com/based/language-operator/api/v1alpha1/zz_generated.deepcopy.go:1869.23,1873.3 3 0
github.com/based/language-operator/api/v1alpha1/zz_generated.deepcopy.go:1874.2,1874.30 1 0
github.com/based/language-operator/api/v1alpha1/zz_generated.deepcopy.go:1874.30,1877.3 2 0
github.com/based/language-operator/api/v1alpha1/zz_generated.deepcopy.go:1881.68,1882.15 1 0
github.com/based/language-operator/api/v1alpha1/zz_generated.deepcopy.go:1882.15,1884.3 1 0
github.com/based/language-operator/api/v1alpha1/zz_generated.deepcopy.go:1885.2,1887.12 3 0
github.com/based/language-operator/api/v1alpha1/zz_generated.deepcopy.go:1891.57,1897.2 5 0
github.com/based/language-operator/api/v1alpha1/zz_generated.deepcopy.go:1900.50,1901.15 1 0
github.com/based/language-operator/api/v1alpha1/zz_generated.deepcopy.go:1901.15,1903.3 1 0
github.com/based/language-operator/api/v1alpha1/zz_generated.deepcopy.go:1904.2,1906.12 3 0
github.com/based/language-operator/api/v1alpha1/zz_generated.deepcopy.go:1910.57,1911.34 1 0
github.com/based/language-operator/api/v1alpha1/zz_generated.deepcopy.go:1911.34,1913.3 1 0
github.com/based/language-operator/api/v1alpha1/zz_generated.deepcopy.go:1914.2,1914.12 1 0
github.com/based/language-operator/api/v1alpha1/zz_generated.deepcopy.go:1918.65,1922.21 4 0
github.com/based/language-operator/api/v1alpha1/zz_generated.deepcopy.go:1922.21,1925.22 3 0
github.com/based/language-operator/api/v1alpha1/zz_generated.deepcopy.go:1925.22,1927.4 1 0
github.com/based/language-operator/api/v1alpha1/zz_generated.deepcopy.go:1932.58,1933.15 1 0
github.com/based/language-operator/api/v1alpha1/zz_generated.deepcopy.go:1933.15,1935.3 1 0
github.com/based/language-operator/api/v1alpha1/zz_generated.deepcopy.go:1936.2,1938.12 3 0
github.com/based/language-operator/api/v1alpha1/zz_generated.deepcopy.go:1942.61,1943.34 1 0
github.com/based/language-operator/api/v1alpha1/zz_generated.deepcopy.go:1943.34,1945.3 1 0
github.com/based/language-operator/api/v1alpha1/zz_generated.deepcopy.go:1946.2,1946.12 1 0
github.com/based/language-operator/api/v1alpha1/zz_generated.deepcopy.go:1950.65,1952.32 2 0
github.com/based/language-operator/api/v1alpha1/zz_generated.deepcopy.go:1952.32,1956.3 3 0
github.com/based/language-operator/api/v1alpha1/zz_generated.deepcopy.go:1957.2,1957.24 1 0
github.com/based/language-operator/api/v1alpha1/zz_generated.deepcopy.go:1957.24,1961.3 3 0
github.com/based/language-operator/api/v1alpha1/zz_generated.deepcopy.go:1962.2,1962.19 1 0
github.com/based/language-operator/api/v1alpha1/zz_generated.deepcopy.go:1962.19,1965.22 3 0
github.com/based/language-operator/api/v1alpha1/zz_generated.deepcopy.go:1965.22,1967.4 1 0
github.com/based/language-operator/api/v1alpha1/zz_generated.deepcopy.go:1969.2,1969.23 1 0
github.com/based/language-operator/api/v1alpha1/zz_generated.deepcopy.go:1969.23,1972.22 3 0
github.com/based/language-operator/api/v1alpha1/zz_generated.deepcopy.go:1972.22,1974.4 1 0
github.com/based/language-operator/api/v1alpha1/zz_generated.deepcopy.go:1976.2,1977.28 2 0
github.com/based/language-operator/api/v1alpha1/zz_generated.deepcopy.go:1977.28,1980.29 3 0
github.com/based/language-operator/api/v1alpha1/zz_generated.deepcopy.go:1980.29,1982.4 1 0
github.com/based/language-operator/api/v1alpha1/zz_generated.deepcopy.go:1984.2,1984.24 1 0
github.com/based/language-operator/api/v1alpha1/zz_generated.deepcopy.go:1984.24,1988.3 3 0
github.com/based/language-operator/api/v1alpha1/zz_generated.deepcopy.go:1989.2,1989.27 1 0
github.com/based/language-operator/api/v1alpha1/zz_generated.deepcopy.go:1989.27,1992.22 3 0
github.com/based/language-operator/api/v1alpha1/zz_generated.deepcopy.go:1992.22,1994.4 1 0
github.com/based/language-operator/api/v1alpha1/zz_generated.deepcopy.go:1996.2,1996.41 1 0
github.com/based/language-operator/api/v1alpha1/zz_generated.deepcopy.go:1996.41,1999.22 3 0
github.com/based/language-operator/api/v1alpha1/zz_generated.deepcopy.go:1999.22,2001.4 1 0
github.com/based/language-operator/api/v1alpha1/zz_generated.deepcopy.go:2003.2,2003.31 1 0
github.com/based/language-operator/api/v1alpha1/zz_generated.deepcopy.go:2003.31,2007.3 3 0
github.com/based/language-operator/api/v1alpha1/zz_generated.deepcopy.go:2008.2,2008.28 1 0
github.com/based/language-operator/api/v1alpha1/zz_generated.deepcopy.go:2008.28,2011.22 3 0
github.com/based/language-operator/api/v1alpha1/zz_generated.deepcopy.go:2011.22,2013.4 1 0
github.com/based/language-operator/api/v1alpha1/zz_generated.deepcopy.go:2015.2,2015.23 1 0
github.com/based/language-operator/api/v1alpha1/zz_generated.deepcopy.go:2015.23,2018.22 3 0
github.com/based/language-operator/api/v1alpha1/zz_generated.deepcopy.go:2018.22,2020.4 1 0
github.com/based/language-operator/api/v1alpha1/zz_generated.deepcopy.go:2022.2,2022.29 1 0
github.com/based/language-operator/api/v1alpha1/zz_generated.deepcopy.go:2022.29,2026.3 3 0
github.com/based/language-operator/api/v1alpha1/zz_generated.deepcopy.go:2027.2,2027.30 1 0
github.com/based/language-operator/api/v1alpha1/zz_generated.deepcopy.go:2027.30,2031.3 3 0
github.com/based/language-operator/api/v1alpha1/zz_generated.deepcopy.go:2032.2,2032.28 1 0
github.com/based/language-operator/api/v1alpha1/zz_generated.deepcopy.go:2032.28,2036.3 3 0
github.com/based/language-operator/api/v1alpha1/zz_generated.deepcopy.go:2037.2,2037.34 1 0
github.com/based/language-operator/api/v1alpha1/zz_generated.deepcopy.go:2037.34,2040.29 3 0
github.com/based/language-operator/api/v1alpha1/zz_generated.deepcopy.go:2040.29,2042.4 1 0
github.com/based/language-operator/api/v1alpha1/zz_generated.deepcopy.go:2044.2,2044.30 1 0
github.com/based/language-operator/api/v1alpha1/zz_generated.deepcopy.go:2044.30,2047.29 3 0
github.com/based/language-operator/api/v1alpha1/zz_generated.deepcopy.go:2047.29,2049.4 1 0
github.com/based/language-operator/api/v1alpha1/zz_generated.deepcopy.go:2051.2,2051.25 1 0
github.com/based/language-operator/api/v1alpha1/zz_generated.deepcopy.go:2051.25,2054.29 3 0
github.com/based/language-operator/api/v1alpha1/zz_generated.deepcopy.go:2054.29,2056.4 1 0
github.com/based/language-operator/api/v1alpha1/zz_generated.deepcopy.go:2058.2,2058.35 1 0
github.com/based/language-operator/api/v1alpha1/zz_generated.deepcopy.go:2058.35,2062.3 3 0
github.com/based/language-operator/api/v1alpha1/zz_generated.deepcopy.go:2063.2,2063.30 1 0
github.com/based/language-operator/api/v1alpha1/zz_generated.deepcopy.go:2063.30,2067.3 3 0
github.com/based/language-operator/api/v1alpha1/zz_generated.deepcopy.go:2071.58,2072.15 1 0
github.com/based/language-operator/api/v1alpha1/zz_generated.deepcopy.go:2072.15,2074.3 1 0
github.com/based/language-operator/api/v1alpha1/zz_generated.deepcopy.go:2075.2,2077.12 3 0
github.com/based/language-operator/api/v1alpha1/zz_generated.deepcopy.go:2081.69,2083.26 2 0
github.com/based/language-operator/api/v1alpha1/zz_generated.deepcopy.go:2083.26,2086.22 3 0
github.com/based/language-operator/api/v1alpha1/zz_generated.deepcopy.go:2086.22,2088.4 1 0
github.com/based/language-operator/api/v1alpha1/zz_generated.deepcopy.go:2090.2,2090.30 1 0
github.com/based/language-operator/api/v1alpha1/zz_generated.deepcopy.go:2090.30,2094.3 3 0
github.com/based/language-operator/api/v1alpha1/zz_generated.deepcopy.go:2095.2,2095.30 1 0
github.com/based/language-operator/api/v1alpha1/zz_generated.deepcopy.go:2095.30,2098.3 2 0
github.com/based/language-operator/api/v1alpha1/zz_generated.deepcopy.go:2099.2,2099.34 1 0
github.com/based/language-operator/api/v1alpha1/zz_generated.deepcopy.go:2099.34,2102.3 2 0
github.com/based/language-operator/api/v1alpha1/zz_generated.deepcopy.go:2106.62,2107.15 1 0
github.com/based/language-operator/api/v1alpha1/zz_generated.deepcopy.go:2107.15,2109.3 1 0
github.com/based/language-operator/api/v1alpha1/zz_generated.deepcopy.go:2110.2,2112.12 3 0
github.com/based/language-operator/api/v1alpha1/zz_generated.deepcopy.go:2116.67,2118.25 2 0
github.com/based/language-operator/api/v1alpha1/zz_generated.deepcopy.go:2118.25,2121.22 3 0
github.com/based/language-operator/api/v1alpha1/zz_generated.deepcopy.go:2121.22,2123.4 1 0
github.com/based/language-operator/api/v1alpha1/zz_generated.deepcopy.go:2125.2,2125.27 1 0
github.com/based/language-operator/api/v1alpha1/zz_generated.deepcopy.go:2125.27,2129.3 3 0
github.com/based/language-operator/api/v1alpha1/zz_generated.deepcopy.go:2133.60,2134.15 1 0
github.com/based/language-operator/api/v1alpha1/zz_generated.deepcopy.go:2134.15,2136.3 1 0
github.com/based/language-operator/api/v1alpha1/zz_generated.deepcopy.go:2137.2,2139.12 3 0
github.com/based/language-operator/api/v1alpha1/zz_generated.deepcopy.go:2143.55,2145.2 1 0
github.com/based/language-operator/api/v1alpha1/zz_generated.deepcopy.go:2148.48,2149.15 1 0
github.com/based/language-operator/api/v1alpha1/zz_generated.deepcopy.go:2149.15,2151.3 1 0
github.com/based/language-operator/api/v1alpha1/zz_generated.deepcopy.go:2152.2,2154.12 3 0
github.com/based/language-operator/api/v1alpha1/zz_generated.deepcopy.go:2158.63,2160.35 2 0
github.com/based/language-operator/api/v1alpha1/zz_generated.deepcopy.go:2160.35,2164.3 3 0
github.com/based/language-operator/api/v1alpha1/zz_generated.deepcopy.go:2165.2,2165.31 1 0
github.com/based/language-operator/api/v1alpha1/zz_generated.deepcopy.go:2165.31,2169.3 3 0
github.com/based/language-operator/api/v1alpha1/zz_generated.deepcopy.go:2170.2,2170.32 1 0
github.com/based/language-operator/api/v1alpha1/zz_generated.deepcopy.go:2170.32,2174.3 3 0
github.com/based/language-operator/api/v1alpha1/zz_generated.deepcopy.go:2178.56,2179.15 1 0
github.com/based/language-operator/api/v1alpha1/zz_generated.deepcopy.go:2179.15,2181.3 1 0
github.com/based/language-operator/api/v1alpha1/zz_generated.deepcopy.go:2182.2,2184.12 3 0
github.com/based/language-operator/api/v1alpha1/zz_generated.deepcopy.go:2188.59,2190.2 1 0
github.com/based/language-operator/api/v1alpha1/zz_generated.deepcopy.go:2193.52,2194.15 1 0
github.com/based/language-operator/api/v1alpha1/zz_generated.deepcopy.go:2194.15,2196.3 1 0
github.com/based/language-operator/api/v1alpha1/zz_generated.deepcopy.go:2197.2,2199.12 3 0
github.com/based/language-operator/api/v1alpha1/zz_generated.deepcopy.go:2203.67,2205.26 2 0
github.com/based/language-operator/api/v1alpha1/zz_generated.deepcopy.go:2205.26,2209.3 3 0
github.com/based/language-operator/api/v1alpha1/zz_generated.deepcopy.go:2213.60,2214.15 1 0
github.com/based/language-operator/api/v1alpha1/zz_generated.deepcopy.go:2214.15,2216.3 1 0
github.com/based/language-operator/api/v1alpha1/zz_generated.deepcopy.go:2217.2,2219.12 3 0
github.com/based/language-operator/api/v1alpha1/zz_generated.deepcopy.go:2223.65,2225.2 1 0
github.com/based/language-operator/api/v1alpha1/zz_generated.deepcopy.go:2228.58,2229.15 1 0
github.com/based/language-operator/api/v1alpha1/zz_generated.deepcopy.go:2229.15,2231.3 1 0
github.com/based/language-operator/api/v1alpha1/zz_generated.deepcopy.go:2232.2,2234.12 3 0
github.com/based/language-operator/api/v1alpha1/zz_generated.deepcopy.go:2238.57,2240.30 2 0
github.com/based/language-operator/api/v1alpha1/zz_generated.deepcopy.go:2240.30,2244.3 3 0
github.com/based/language-operator/api/v1alpha1/zz_generated.deepcopy.go:2245.2,2245.26 1 0
github.com/based/language-operator/api/v1alpha1/zz_generated.deepcopy.go:2245.26,2249.3 3 0
github.com/based/language-operator/api/v1alpha1/zz_generated.deepcopy.go:2250.2,2250.26 1 0
github.com/based/language-operator/api/v1alpha1/zz_generated.deepcopy.go:2250.26,2254.3 3 0
github.com/based/language-operator/api/v1alpha1/zz_generated.deepcopy.go:2258.50,2259.15 1 0
github.com/based/language-operator/api/v1alpha1/zz_generated.deepcopy.go:2259.15,2261.3 1 0
github.com/based/language-operator/api/v1alpha1/zz_generated.deepcopy.go:2262.2,2264.12 3 0
github.com/based/language-operator/api/v1alpha1/zz_generated.deepcopy.go:2268.61,2270.24 2 0
github.com/based/language-operator/api/v1alpha1/zz_generated.deepcopy.go:2270.24,2274.3 3 0
github.com/based/language-operator/api/v1alpha1/zz_generated.deepcopy.go:2278.54,2279.15 1 0
github.com/based/language-operator/api/v1alpha1/zz_generated.deepcopy.go:2279.15,2281.3 1 0
github.com/based/language-operator/api/v1alpha1/zz_generated.deepcopy.go:2282.2,2284.12 3 0
github.com/based/language-operator/api/v1alpha1/zz_generated.deepcopy.go:2288.65,2290.26 2 0
github.com/based/language-operator/api/v1alpha1/zz_generated.deepcopy.go:2290.26,2294.3 3 0
github.com/based/language-operator/api/v1alpha1/zz_generated.deepcopy.go:2298.58,2299.15 1 0
github.com/based/language-operator/api/v1alpha1/zz_generated.deepcopy.go:2299.15,2301.3 1 0
github.com/based/language-operator/api/v1alpha1/zz_generated.deepcopy.go:2302.2,2304.12 3 0
github.com/based/language-operator/api/v1alpha1/zz_generated.deepcopy.go:2308.61,2310.2 1 0
github.com/based/language-operator/api/v1alpha1/zz_generated.deepcopy.go:2313.54,2314.15 1 0
github.com/based/language-operator/api/v1alpha1/zz_generated.deepcopy.go:2314.15,2316.3 1 0
github.com/based/language-operator/api/v1alpha1/zz_generated.deepcopy.go:2317.2,2319.12 3 0
github.com/based/language-operator/api/v1alpha1/zz_generated.deepcopy.go:2323.61,2325.32 2 0
github.com/based/language-operator/api/v1alpha1/zz_generated.deepcopy.go:2325.32,2328.29 3 0
github.com/based/language-operator/api/v1alpha1/zz_generated.deepcopy.go:2328.29,2330.4 1 0
github.com/based/language-operator/api/v1alpha1/zz_generated.deepcopy.go:2335.54,2336.15 1 0
github.com/based/language-operator/api/v1alpha1/zz_generated.deepcopy.go:2336.15,2338.3 1 0
github.com/based/language-operator/api/v1alpha1/zz_generated.deepcopy.go:2339.2,2341.12 3 0
github.com/based/language-operator/api/v1alpha1/zz_generated.deepcopy.go:2345.59,2348.2 2 0
github.com/based/language-operator/api/v1alpha1/zz_generated.deepcopy.go:2351.52,2352.15 1 0
github.com/based/language-operator/api/v1alpha1/zz_generated.deepcopy.go:2352.15,2354.3 1 0
github.com/based/language-operator/api/v1alpha1/zz_generated.deepcopy.go:2355.2,2357.12 3 0
github.com/based/language-operator/api/v1alpha1/zz_generated.deepcopy.go:2361.55,2363.19 2 0
github.com/based/language-operator/api/v1alpha1/zz_generated.deepcopy.go:2363.19,2367.3 3 0
github.com/based/language-operator/api/v1alpha1/zz_generated.deepcopy.go:2368.2,2368.23 1 0
github.com/based/language-operator/api/v1alpha1/zz_generated.deepcopy.go:2368.23,2372.3 3 0
github.com/based/language-operator/api/v1alpha1/zz_generated.deepcopy.go:2373.2,2373.33 1 0
github.com/based/language-operator/api/v1alpha1/zz_generated.deepcopy.go:2373.33,2377.3 3 0
github.com/based/language-operator/api/v1alpha1/zz_generated.deepcopy.go:2378.2,2378.27 1 0
github.com/based/language-operator/api/v1alpha1/zz_generated.deepcopy.go:2378.27,2382.3 3 0
github.com/based/language-operator/api/v1alpha1/zz_generated.deepcopy.go:2386.48,2387.15 1 0
github.com/based/language-operator/api/v1alpha1/zz_generated.deepcopy.go:2387.15,2389.3 1 0
github.com/based/language-operator/api/v1alpha1/zz_generated.deepcopy.go:2390.2,2392.12 3 0
github.com/based/language-operator/api/v1alpha1/zz_generated.deepcopy.go:2396.55,2398.2 1 0
github.com/based/language-operator/api/v1alpha1/zz_generated.deepcopy.go:2401.48,2402.15 1 0
github.com/based/language-operator/api/v1alpha1/zz_generated.deepcopy.go:2402.15,2404.3 1 0
github.com/based/language-operator/api/v1alpha1/zz_generated.deepcopy.go:2405.2,2407.12 3 0
github.com/based/language-operator/api/v1alpha1/zz_generated.deepcopy.go:2411.55,2413.20 2 0
github.com/based/language-operator/api/v1alpha1/zz_generated.deepcopy.go:2413.20,2417.3 3 0
github.com/based/language-operator/api/v1alpha1/zz_generated.deepcopy.go:2418.2,2418.18 1 0
github.com/based/language-operator/api/v1alpha1/zz_generated.deepcopy.go:2418.18,2422.3 3 0
github.com/based/language-operator/api/v1alpha1/zz_generated.deepcopy.go:2423.2,2423.21 1 0
github.com/based/language-operator/api/v1alpha1/zz_generated.deepcopy.go:2423.21,2427.3 3 0
github.com/based/language-operator/api/v1alpha1/zz_generated.deepcopy.go:2431.48,2432.15 1 0
github.com/based/language-operator/api/v1alpha1/zz_generated.deepcopy.go:2432.15,2434.3 1 0
github.com/based/language-operator/api/v1alpha1/zz_generated.deepcopy.go:2435.2,2437.12 3 0
github.com/based/language-operator/api/v1alpha1/zz_generated.deepcopy.go:2441.67,2443.23 2 0
github.com/based/language-operator/api/v1alpha1/zz_generated.deepcopy.go:2443.23,2447.3 3 0
github.com/based/language-operator/api/v1alpha1/zz_generated.deepcopy.go:2451.60,2452.15 1 0
github.com/based/language-operator/api/v1alpha1/zz_generated.deepcopy.go:2452.15,2454.3 1 0
github.com/based/language-operator/api/v1alpha1/zz_generated.deepcopy.go:2455.2,2457.12 3 0
github.com/based/language-operator/api/v1alpha1/zz_generated.deepcopy.go:2461.69,2463.33 2 0
github.com/based/language-operator/api/v1alpha1/zz_generated.deepcopy.go:2463.33,2467.3 3 0
github.com/based/language-operator/api/v1alpha1/zz_generated.deepcopy.go:2468.2,2468.28 1 0
github.com/based/language-operator/api/v1alpha1/zz_generated.deepcopy.go:2468.28,2472.3 3 0
github.com/based/language-operator/api/v1alpha1/zz_generated.deepcopy.go:2473.2,2473.35 1 0
github.com/based/language-operator/api/v1alpha1/zz_generated.deepcopy.go:2473.35,2477.3 3 0
github.com/based/language-operator/api/v1alpha1/zz_generated.deepcopy.go:2478.2,2478.29 1 0
github.com/based/language-operator/api/v1alpha1/zz_generated.deepcopy.go:2478.29,2482.3 3 0
github.com/based/language-operator/api/v1alpha1/zz_generated.deepcopy.go:2483.2,2483.30 1 0
github.com/based/language-operator/api/v1alpha1/zz_generated.deepcopy.go:2483.30,2487.3 3 0
github.com/based/language-operator/api/v1alpha1/zz_generated.deepcopy.go:2491.62,2492.15 1 0
github.com/based/language-operator/api/v1alpha1/zz_generated.deepcopy.go:2492.15,2494.3 1 0
github.com/based/language-operator/api/v1alpha1/zz_generated.deepcopy.go:2495.2,2497.12 3 0
github.com/based/language-operator/api/v1alpha1/zz_generated.deepcopy.go:2501.61,2503.20 2 0
github.com/based/language-operator/api/v1alpha1/zz_generated.deepcopy.go:2503.20,2507.3 3 0
github.com/based/language-operator/api/v1alpha1/zz_generated.deepcopy.go:2511.54,2512.15 1 0
github.com/based/language-operator/api/v1alpha1/zz_generated.deepcopy.go:2512.15,2514.3 1 0
github.com/based/language-operator/api/v1alpha1/zz_generated.deepcopy.go:2515.2,2517.12 3 0
github.com/based/language-operator/api/v1alpha1/zz_generated.deepcopy.go:2521.61,2523.37 2 0
github.com/based/language-operator/api/v1alpha1/zz_generated.deepcopy.go:2523.37,2527.3 3 0
github.com/based/language-operator/api/v1alpha1/zz_generated.deepcopy.go:2528.2,2528.32 1 0
github.com/based/language-operator/api/v1alpha1/zz_generated.deepcopy.go:2528.32,2532.3 3 0
github.com/based/language-operator/api/v1alpha1/zz_generated.deepcopy.go:2533.2,2533.31 1 0
github.com/based/language-operator/api/v1alpha1/zz_generated.deepcopy.go:2533.31,2536.29 3 0
github.com/based/language-operator/api/v1alpha1/zz_generated.deepcopy.go:2536.29,2538.4 1 0
github.com/based/language-operator/api/v1alpha1/zz_generated.deepcopy.go:2540.2,2540.24 1 0
github.com/based/language-operator/api/v1alpha1/zz_generated.deepcopy.go:2540.24,2543.22 3 0
github.com/based/language-operator/api/v1alpha1/zz_generated.deepcopy.go:2543.22,2545.4 1 0
github.com/based/language-operator/api/v1alpha1/zz_generated.deepcopy.go:2547.2,2547.25 1 0
github.com/based/language-operator/api/v1alpha1/zz_generated.deepcopy.go:2547.25,2550.22 3 0
github.com/based/language-operator/api/v1alpha1/zz_generated.deepcopy.go:2550.22,2552.4 1 0
github.com/based/language-operator/api/v1alpha1/zz_generated.deepcopy.go:2554.2,2554.32 1 0
github.com/based/language-operator/api/v1alpha1/zz_generated.deepcopy.go:2554.32,2558.3 3 0
github.com/based/language-operator/api/v1alpha1/zz_generated.deepcopy.go:2562.54,2563.15 1 0
github.com/based/language-operator/api/v1alpha1/zz_generated.deepcopy.go:2563.15,2565.3 1 0
github.com/based/language-operator/api/v1alpha1/zz_generated.deepcopy.go:2566.2,2568.12 3 0
github.com/based/language-operator/api/v1alpha1/zz_generated.deepcopy.go:2572.65,2574.2 1 0
github.com/based/language-operator/api/v1alpha1/zz_generated.deepcopy.go:2577.58,2578.15 1 0
github.com/based/language-operator/api/v1alpha1/zz_generated.deepcopy.go:2578.15,2580.3 1 0
github.com/based/language-operator/api/v1alpha1/zz_generated.deepcopy.go:2581.2,2583.12 3 0
github.com/based/language-operator/api/v1alpha1/zz_generated.deepcopy.go:2587.55,2589.24 2 0
github.com/based/language-operator/api/v1alpha1/zz_generated.deepcopy.go:2589.24,2593.3 3 0
[...]
github.com/based/language-operator/controllers/languagemodel_controller.go:57.3,58.28 2 0
github.com/based/language-operator/controllers/languagemodel_controller.go:62.2,62.50 1 0
github.com/based/language-operator/controllers/languagemodel_controller.go:62.50,64.3 1 0
github.com/based/language-operator/controllers/languagemodel_controller.go:67.2,67.26 1 0
github.com/based/language-operator/controllers/languagemodel_controller.go:67.26,69.46 2 0
github.com/based/language-operator/controllers/languagemodel_controller.go:69.46,72.4 2 0
github.com/based/language-operator/controllers/languagemodel_controller.go:73.3,73.41 1 0
github.com/based/language-operator/controllers/languagemodel_controller.go:77.2,77.57 1 0
github.com/based/language-operator/controllers/languagemodel_controller.go:77.57,81.67 4 0
github.com/based/language-operator/controllers/languagemodel_controller.go:81.67,83.4 1 0
github.com/based/language-operator/controllers/languagemodel_controller.go:84.3,84.28 1 0
github.com/based/language-operator/controllers/languagemodel_controller.go:88.2,93.54 4 0
github.com/based/language-operator/controllers/languagemodel_controller.go:93.54,96.3 2 0
github.com/based/language-operator/controllers/languagemodel_controller.go:98.2,99.27 2 0
github.com/based/language-operator/controllers/languagemodel_controller.go:103.118,109.16 3 0
github.com/based/language-operator/controllers/languagemodel_controller.go:109.16,111.3 1 0
github.com/based/language-operator/controllers/languagemodel_controller.go:112.2,117.31 4 0
github.com/based/language-operator/controllers/languagemodel_controller.go:117.31,119.3 1 0
github.com/based/language-operator/controllers/languagemodel_controller.go:120.2,120.30 1 0
github.com/based/language-operator/controllers/languagemodel_controller.go:120.30,122.3 1 0
github.com/based/language-operator/controllers/languagemodel_controller.go:125.2,125.39 1 0
github.com/based/language-operator/controllers/languagemodel_controller.go:125.39,127.17 2 0
github.com/based/language-operator/controllers/languagemodel_controller.go:127.17,129.4 1 0
github.com/based/language-operator/controllers/languagemodel_controller.go:130.3,130.55 1 0
github.com/based/language-operator/controllers/languagemodel_controller.go:134.2,134.34 1 0
github.com/based/language-operator/controllers/languagemodel_controller.go:134.34,136.17 2 0
github.com/based/language-operator/controllers/languagemodel_controller.go:136.17,138.4 1 0
github.com/based/language-operator/controllers/languagemodel_controller.go:139.3,139.51 1 0
github.com/based/language-operator/controllers/languagemodel_controller.go:143.2,143.35 1 0
github.com/based/language-operator/controllers/languagemodel_controller.go:143.35,145.17 2 0
github.com/based/language-operator/controllers/languagemodel_controller.go:145.17,147.4 1 0
github.com/based/language-operator/controllers/languagemodel_controller.go:148.3,148.49 1 0
github.com/based/language-operator/controllers/languagemodel_controller.go:152.2,153.102 2 0
github.com/based/language-operator/controllers/languagemodel_controller.go:157.129,160.25 2 0
github.com/based/language-operator/controllers/languagemodel_controller.go:160.25,163.88 2 0
github.com/based/language-operator/controllers/languagemodel_controller.go:163.88,166.4 2 0
github.com/based/language-operator/controllers/languagemodel_controller.go:169.3,170.46 2 0
github.com/based/language-operator/controllers/languagemodel_controller.go:170.46,173.4 2 0
github.com/based/language-operator/controllers/languagemodel_controller.go:176.2,176.27 1 0
github.com/based/language-operator/controllers/languagemodel_controller.go:180.93,184.2 1 0
github.com/based/language-operator/controllers/languagepersona_controller.go:46.107,51.64 3 0
github.com/based/language-operator/controllers/languagepersona_controller.go:51.64,52.32 1 0
github.com/based/language-operator/controllers/languagepersona_controller.go:52.32,55.4 2 0
github.com/based/language-operator/controllers/languagepersona_controller.go:56.3,57.28 2 0
github.com/based/language-operator/controllers/languagepersona_controller.go:61.2,61.52 1 0
github.com/based/language-operator/controllers/languagepersona_controller.go:61.52,63.3 1 0
github.com/based/language-operator/controllers/languagepersona_controller.go:66.2,66.28 1 0
github.com/based/language-operator/controllers/languagepersona_controller.go:66.28,68.48 2 0
github.com/based/language-operator/controllers/languagepersona_controller.go:68.48,71.4 2 0
github.com/based/language-operator/controllers/languagepersona_controller.go:72.3,72.41 1 0
github.com/based/language-operator/controllers/languagepersona_controller.go:76.2,76.59 1 0
github.com/based/language-operator/controllers/languagepersona_controller.go:76.59,80.69 4 0
github.com/based/language-operator/controllers/languagepersona_controller.go:80.69,82.4 1 0
github.com/based/language-operator/controllers/languagepersona_controller.go:83.3,83.28 1 0
github.com/based/language-operator/controllers/languagepersona_controller.go:87.2,92.56 4 0
github.com/based/language-operator/controllers/languagepersona_controller.go:92.56,95.3 2 0
github.com/based/language-operator/controllers/languagepersona_controller.go:97.2,98.27 2 0
github.com/based/language-operator/controllers/languagepersona_controller.go:102.124,108.16 3 0
github.com/based/language-operator/controllers/languagepersona_controller.go:108.16,110.3 1 0
github.com/based/language-operator/controllers/languagepersona_controller.go:111.2,117.29 5 0
github.com/based/language-operator/controllers/languagepersona_controller.go:117.29,119.3 1 0
github.com/based/language-operator/controllers/languagepersona_controller.go:120.2,120.33 1 0
github.com/based/language-operator/controllers/languagepersona_controller.go:120.33,122.3 1 0
github.com/based/language-operator/controllers/languagepersona_controller.go:125.2,125.40 1 0
github.com/based/language-operator/controllers/languagepersona_controller.go:125.40,127.17 2 0
github.com/based/language-operator/controllers/languagepersona_controller.go:127.17,129.4 1 0
github.com/based/language-operator/controllers/languagepersona_controller.go:130.3,130.55 1 0
github.com/based/language-operator/controllers/languagepersona_controller.go:134.2,135.106 2 0
github.com/based/language-operator/controllers/languagepersona_controller.go:139.135,142.27 2 0
github.com/based/language-operator/controllers/languagepersona_controller.go:142.27,145.90 2 0
github.com/based/language-operator/controllers/languagepersona_controller.go:145.90,148.4 2 0
github.com/based/language-operator/controllers/languagepersona_controller.go:151.3,152.48 2 0
github.com/based/language-operator/controllers/languagepersona_controller.go:152.48,155.4 2 0
github.com/based/language-operator/controllers/languagepersona_controller.go:158.2,158.27 1 0
github.com/based/language-operator/controllers/languagepersona_controller.go:162.95,166.2 1 0
github.com/based/language-operator/controllers/languagetool_controller.go:39.104,44.61 3 0
github.com/based/language-operator/controllers/languagetool_controller.go:44.61,45.29 1 0
github.com/based/language-operator/controllers/languagetool_controller.go:45.29,48.4 1 0
github.com/based/language-operator/controllers/languagetool_controller.go:49.3,50.28 2 0
github.com/based/language-operator/controllers/languagetool_controller.go:54.2,54.38 1 0
github.com/based/language-operator/controllers/languagetool_controller.go:54.38,55.60 1 0
github.com/based/language-operator/controllers/languagetool_controller.go:55.60,57.56 1 0
github.com/based/language-operator/controllers/languagetool_controller.go:57.56,59.5 1 0
github.com/based/language-operator/controllers/languagetool_controller.go:61.4,62.46 2 0
github.com/based/language-operator/controllers/languagetool_controller.go:62.46,64.5 1 0
github.com/based/language-operator/controllers/languagetool_controller.go:66.3,66.28 1 0
github.com/based/language-operator/controllers/languagetool_controller.go:70.2,70.60 1 0
github.com/based/language-operator/controllers/languagetool_controller.go:70.60,72.45 2 0
github.com/based/language-operator/controllers/languagetool_controller.go:72.45,74.4 1 0
github.com/based/language-operator/controllers/languagetool_controller.go:78.2,78.56 1 0
github.com/based/language-operator/controllers/languagetool_controller.go:78.56,83.3 4 0
github.com/based/language-operator/controllers/languagetool_controller.go:86.2,86.57 1 0
github.com/based/language-operator/controllers/languagetool_controller.go:86.57,91.3 4 0
github.com/based/language-operator/controllers/languagetool_controller.go:94.2,94.54 1 0
github.com/based/language-operator/controllers/languagetool_controller.go:94.54,99.3 4 0
github.com/based/language-operator/controllers/languagetool_controller.go:102.2,105.53 3 0
github.com/based/language-operator/controllers/languagetool_controller.go:105.53,108.3 2 0
github.com/based/language-operator/controllers/languagetool_controller.go:110.2,110.27 1 0
github.com/based/language-operator/controllers/languagetool_controller.go:113.115,118.16 3 0
github.com/based/language-operator/controllers/languagetool_controller.go:118.16,120.3 1 0
github.com/based/language-operator/controllers/languagetool_controller.go:121.2,129.100 6 0
github.com/based/language-operator/controllers/languagetool_controller.go:132.116,138.32 3 0
github.com/based/language-operator/controllers/languagetool_controller.go:138.32,140.95 2 0
github.com/based/language-operator/controllers/languagetool_controller.go:140.95,142.4 1 0
github.com/based/language-operator/controllers/languagetool_controller.go:145.3,145.38 1 0
github.com/based/language-operator/controllers/languagetool_controller.go:145.38,148.4 1 0
github.com/based/language-operator/controllers/languagetool_controller.go:151.3,155.18 3 0
github.com/based/language-operator/controllers/languagetool_controller.go:155.18,157.4 1 0
github.com/based/language-operator/controllers/languagetool_controller.go:158.3,159.36 2 0
github.com/based/language-operator/controllers/languagetool_controller.go:162.2,170.82 2 0
github.com/based/language-operator/controllers/languagetool_controller.go:170.82,172.91 1 0
github.com/based/language-operator/controllers/languagetool_controller.go:172.91,174.4 1 0
github.com/based/language-operator/controllers/languagetool_controller.go:177.3,178.32 2 0
github.com/based/language-operator/controllers/languagetool_controller.go:178.32,180.4 1 0
github.com/based/language-operator/controllers/languagetool_controller.go:182.3,214.32 3 0
github.com/based/language-operator/controllers/languagetool_controller.go:214.32,216.4 1 0
github.com/based/language-operator/controllers/languagetool_controller.go:218.3,218.13 1 0
github.com/based/language-operator/controllers/languagetool_controller.go:221.2,221.12 1 0
github.com/based/language-operator/controllers/languagetool_controller.go:224.113,230.32 3 0
github.com/based/language-operator/controllers/languagetool_controller.go:230.32,232.95 2 0
github.com/based/language-operator/controllers/languagetool_controller.go:232.95,234.4 1 0
github.com/based/language-operator/controllers/languagetool_controller.go:237.3,237.38 1 0
github.com/based/language-operator/controllers/languagetool_controller.go:237.38,239.4 1 0
github.com/based/language-operator/controllers/languagetool_controller.go:242.3,246.18 3 0
github.com/based/language-operator/controllers/languagetool_controller.go:246.18,248.4 1 0
github.com/based/language-operator/controllers/languagetool_controller.go:249.3,250.36 2 0
github.com/based/language-operator/controllers/languagetool_controller.go:253.2,261.79 2 0
github.com/based/language-operator/controllers/languagetool_controller.go:261.79,263.88 1 0
github.com/based/language-operator/controllers/languagetool_controller.go:263.88,265.4 1 0
github.com/based/language-operator/controllers/languagetool_controller.go:268.3,281.13 2 0
github.com/based/language-operator/controllers/languagetool_controller.go:284.2,284.12 1 0
github.com/based/language-operator/controllers/languagetool_controller.go:287.113,290.2 1 0
github.com/based/language-operator/controllers/languagetool_controller.go:293.92,300.2 1 0
github.com/based/language-operator/controllers/networkpolicy_builder.go:35.78,40.44 2 0
github.com/based/language-operator/controllers/networkpolicy_builder.go:40.44,42.40 1 0
github.com/based/language-operator/controllers/networkpolicy_builder.go:42.40,43.12 1 0
github.com/based/language-operator/controllers/networkpolicy_builder.go:47.3,47.29 1 0
github.com/based/language-operator/controllers/networkpolicy_builder.go:47.29,49.76 2 0
github.com/based/language-operator/controllers/networkpolicy_builder.go:49.76,51.5 1 0
github.com/based/language-operator/controllers/networkpolicy_builder.go:52.4,52.65 1 0
github.com/based/language-operator/controllers/networkpolicy_builder.go:56.3,57.27 2 0
github.com/based/language-operator/controllers/networkpolicy_builder.go:57.27,59.75 2 0
github.com/based/language-operator/controllers/networkpolicy_builder.go:59.75,61.5 1 0
github.com/based/language-operator/controllers/networkpolicy_builder.go:62.4,62.64 1 0
github.com/based/language-operator/controllers/networkpolicy_builder.go:66.2,66.29 1 0
github.com/based/language-operator/controllers/networkpolicy_builder.go:69.128,73.28 3 0
github.com/based/language-operator/controllers/networkpolicy_builder.go:73.28,75.3 1 0
github.com/based/language-operator/controllers/networkpolicy_builder.go:75.8,75.23 1 0
github.com/based/language-operator/controllers/networkpolicy_builder.go:75.23,77.3 1 0
github.com/based/language-operator/controllers/networkpolicy_builder.go:80.2,82.32 3 0
github.com/based/language-operator/controllers/networkpolicy_builder.go:85.116,105.2 1 0
github.com/based/language-operator/controllers/networkpolicy_builder.go:108.84,133.37 2 0
github.com/based/language-operator/controllers/networkpolicy_builder.go:133.37,136.3 2 0
github.com/based/language-operator/controllers/networkpolicy_builder.go:138.2,138.15 1 0
github.com/based/language-operator/controllers/networkpolicy_builder.go:143.72,168.35 2 0
github.com/based/language-operator/controllers/networkpolicy_builder.go:168.35,171.3 2 0
github.com/based/language-operator/controllers/networkpolicy_builder.go:173.2,173.15 1 0
github.com/based/language-operator/controllers/networkpolicy_builder.go:177.99,185.34 2 0
github.com/based/language-operator/controllers/networkpolicy_builder.go:185.34,192.3 3 0
github.com/based/language-operator/controllers/networkpolicy_builder.go:195.2,195.22 1 0
github.com/based/language-operator/controllers/networkpolicy_builder.go:195.22,198.3 2 0
github.com/based/language-operator/controllers/networkpolicy_builder.go:200.2,200.19 1 0
github.com/based/language-operator/controllers/networkpolicy_builder.go:204.98,212.34 2 0
github.com/based/language-operator/controllers/networkpolicy_builder.go:212.34,219.3 3 0
github.com/based/language-operator/controllers/networkpolicy_builder.go:222.2,222.20 1 0
github.com/based/language-operator/controllers/networkpolicy_builder.go:222.20,225.3 2 0
github.com/based/language-operator/controllers/networkpolicy_builder.go:227.2,227.19 1 0
github.com/based/language-operator/controllers/networkpolicy_builder.go:231.92,236.22 2 0
github.com/based/language-operator/controllers/networkpolicy_builder.go:236.22,243.3 1 0
github.com/based/language-operator/controllers/networkpolicy_builder.go:246.2,246.21 1 0
github.com/based/language-operator/controllers/networkpolicy_builder.go:246.21,250.3 1 0
github.com/based/language-operator/controllers/networkpolicy_builder.go:253.2,253.35 1 0
github.com/based/language-operator/controllers/networkpolicy_builder.go:253.35,255.3 1 0
github.com/based/language-operator/controllers/networkpolicy_builder.go:256.2,256.29 1 0
github.com/based/language-operator/controllers/networkpolicy_builder.go:256.29,258.3 1 0
github.com/based/language-operator/controllers/networkpolicy_builder.go:261.2,261.25 1 0
github.com/based/language-operator/controllers/networkpolicy_builder.go:261.25,263.25 2 0
github.com/based/language-operator/controllers/networkpolicy_builder.go:263.25,265.4 1 0
github.com/based/language-operator/controllers/networkpolicy_builder.go:267.3,271.4 1 0
github.com/based/language-operator/controllers/networkpolicy_builder.go:274.2,274.19 1 0
github.com/based/language-operator/controllers/networkpolicy_builder.go:277.89,279.29 2 0
github.com/based/language-operator/controllers/networkpolicy_builder.go:279.29,282.49 1 0
github.com/based/language-operator/controllers/networkpolicy_builder.go:282.49,283.12 1 0
github.com/based/language-operator/controllers/networkpolicy_builder.go:285.3,285.36 1 0
github.com/based/language-operator/controllers/networkpolicy_builder.go:287.2,287.17 1 0
github.com/based/language-operator/controllers/utils.go:36.146,48.39 3 0
github.com/based/language-operator/controllers/utils.go:48.39,49.37 1 0
github.com/based/language-operator/controllers/utils.go:49.37,51.33 1 0
github.com/based/language-operator/controllers/utils.go:51.33,53.5 1 0
github.com/based/language-operator/controllers/utils.go:53.10,56.5 2 0
github.com/based/language-operator/controllers/utils.go:57.4,57.10 1 0
github.com/based/language-operator/controllers/utils.go:62.2,62.46 1 0
github.com/based/language-operator/controllers/utils.go:73.9,81.75 2 0
github.com/based/language-operator/controllers/utils.go:81.75,83.89 1 0
github.com/based/language-operator/controllers/utils.go:83.89,85.4 1 0
github.com/based/language-operator/controllers/utils.go:88.3,90.13 2 0
github.com/based/language-operator/controllers/utils.go:93.2,93.16 1 0
github.com/based/language-operator/controllers/utils.go:93.16,95.3 1 0
github.com/based/language-operator/controllers/utils.go:97.2,97.46 1 0
github.com/based/language-operator/controllers/utils.go:97.46,100.3 1 0
github.com/based/language-operator/controllers/utils.go:102.2,102.12 1 0
github.com/based/language-operator/controllers/utils.go:106.90,115.46 3 0
github.com/based/language-operator/controllers/utils.go:115.46,117.3 1 0
github.com/based/language-operator/controllers/utils.go:119.2,119.12 1 0
github.com/based/language-operator/controllers/utils.go:123.43,125.31 2 0
github.com/based/language-operator/controllers/utils.go:125.31,126.25 1 0
github.com/based/language-operator/controllers/utils.go:126.25,128.4 1 0
github.com/based/language-operator/controllers/utils.go:130.2,131.13 2 0
github.com/based/language-operator/controllers/utils.go:135.46,137.31 2 0
github.com/based/language-operator/controllers/utils.go:137.31,138.25 1 0
github.com/based/language-operator/controllers/utils.go:138.25,141.4 2 0
github.com/based/language-operator/controllers/utils.go:143.2,143.14 1 0
github.com/based/language-operator/controllers/utils.go:147.43,149.31 2 0
github.com/based/language-operator/controllers/utils.go:149.31,150.25 1 0
github.com/based/language-operator/controllers/utils.go:150.25,152.4 1 0
github.com/based/language-operator/controllers/utils.go:154.2,154.14 1 0
github.com/based/language-operator/controllers/utils.go:158.64,160.2 1 0
github.com/based/language-operator/controllers/utils.go:163.54,165.2 1 0
github.com/based/language-operator/controllers/utils.go:168.57,170.2 1 0
github.com/based/language-operator/controllers/utils.go:173.54,175.2 1 0
github.com/based/language-operator/controllers/utils.go:178.75,185.2 1 0
github.com/based/language-operator/controllers/utils.go:188.70,190.25 2 0
github.com/based/language-operator/controllers/utils.go:190.25,192.3 1 0
github.com/based/language-operator/controllers/utils.go:193.2,193.29 1 0
github.com/based/language-operator/controllers/utils.go:193.29,195.3 1 0
github.com/based/language-operator/controllers/utils.go:196.2,196.15 1 0
github.com/based/language-operator/controllers/utils.go:200.31,202.2 1 0
github.com/based/language-operator/controllers/utils.go:205.34,207.2 1 0
github.com/based/language-operator/controllers/utils.go:210.28,212.2 1 0
